<?xml version="1.0" encoding="UTF-8"?>
<testng-results ignored="0" total="93" passed="10" failed="83" skipped="0">
  <reporter-output>
  </reporter-output>
  <suite started-at="2023-09-23T12:16:29 EDT" name="Default suite" finished-at="2023-09-23T12:21:20 EDT" duration-ms="290863">
    <groups>
      <group name="cucumber">
        <method signature="AbstractTestNGCucumberTests.runScenario(io.cucumber.testng.PickleWrapper,io.cucumber.testng.FeatureWrapper)[pri:0, instance:api.runner.TestRunner@304bb45b]" name="runScenario" class="io.cucumber.testng.AbstractTestNGCucumberTests"/>
      </group> <!-- cucumber -->
    </groups>
    <test started-at="2023-09-23T12:16:29 EDT" name="Default test" finished-at="2023-09-23T12:21:20 EDT" duration-ms="290863">
      <class name="api.runner.TestRunner">
        <test-method is-config="true" signature="setUpClass(org.testng.ITestContext)[pri:0, instance:api.runner.TestRunner@304bb45b]" started-at="2023-09-23T12:16:29 EDT" name="setUpClass" finished-at="2023-09-23T12:16:30 EDT" duration-ms="1591" status="PASS">
          <params>
            <param index="0">
              <value>
                <![CDATA[org.testng.TestRunner@134ccb03]]>
              </value>
            </param>
          </params>
          <reporter-output>
          </reporter-output>
        </test-method> <!-- setUpClass -->
        <test-method signature="runScenario(io.cucumber.testng.PickleWrapper,io.cucumber.testng.FeatureWrapper)[pri:0, instance:api.runner.TestRunner@304bb45b]" started-at="2023-09-23T12:16:30 EDT" name="runScenario" description="Runs Cucumber Scenarios" data-provider="scenarios" finished-at="2023-09-23T12:16:32 EDT" duration-ms="1183" status="FAIL">
          <params>
            <param index="0">
              <value>
                <![CDATA["Check if user able to create a program with valid endpoint and request body in Program module(non existing values)"]]>
              </value>
            </param>
            <param index="1">
              <value>
                <![CDATA["CURD Operations for Program Module"]]>
              </value>
            </param>
          </params>
          <exception class="java.io.FileNotFoundException">
            <message>
              <![CDATA[C:\Users\User\eclipse-workspace\Team12-Api-CodeWarriors\src\test\resources\testdata\Team12-APICodeWarriors_TestData.xlsx (The system cannot find the path specified)]]>
            </message>
            <full-stacktrace>
              <![CDATA[java.io.FileNotFoundException: C:\Users\User\eclipse-workspace\Team12-Api-CodeWarriors\src\test\resources\testdata\Team12-APICodeWarriors_TestData.xlsx (The system cannot find the path specified)
at java.base/java.io.FileInputStream.open0(Native Method)
at java.base/java.io.FileInputStream.open(FileInputStream.java:216)
at java.base/java.io.FileInputStream.<init>(FileInputStream.java:157)
at java.base/java.io.FileInputStream.<init>(FileInputStream.java:111)
at api.utilities.XLUtility.getRowCount(XLUtility.java:31)
at api.stepdefinitions.Program_Stepdefinition.getAllData(Program_Stepdefinition.java:517)
at api.stepdefinitions.Program_Stepdefinition.user_sends_https_request_and_request_body_for_progam_module_from_excel_and(Program_Stepdefinition.java:83)
at ✽.User sends HTTPS Request and request Body for Progam Module from excel "ProgramModule" and 1(file:///C:/Users/kodai/eclipse-workspace/RestAssured_Project/src/test/resources/features/1_Program.feature:7)
]]>
            </full-stacktrace>
          </exception> <!-- java.io.FileNotFoundException -->
          <reporter-output>
          </reporter-output>
        </test-method> <!-- runScenario -->
        <test-method signature="runScenario(io.cucumber.testng.PickleWrapper,io.cucumber.testng.FeatureWrapper)[pri:0, instance:api.runner.TestRunner@304bb45b]" started-at="2023-09-23T12:16:32 EDT" name="runScenario" description="Runs Cucumber Scenarios" data-provider="scenarios" finished-at="2023-09-23T12:16:39 EDT" duration-ms="7796" status="FAIL">
          <params>
            <param index="0">
              <value>
                <![CDATA["Check if user able to create a program with valid endpoint and request body (existing values in Program Name)"]]>
              </value>
            </param>
            <param index="1">
              <value>
                <![CDATA["CURD Operations for Program Module"]]>
              </value>
            </param>
          </params>
          <exception class="java.lang.AssertionError">
            <message>
              <![CDATA[expected [400] but found [503]]]>
            </message>
            <full-stacktrace>
              <![CDATA[java.lang.AssertionError: expected [400] but found [503]
at org.testng.Assert.fail(Assert.java:110)
at org.testng.Assert.failNotEquals(Assert.java:1577)
at org.testng.Assert.assertEqualsImpl(Assert.java:149)
at org.testng.Assert.assertEquals(Assert.java:131)
at org.testng.Assert.assertEquals(Assert.java:1418)
at org.testng.Assert.assertEquals(Assert.java:1382)
at org.testng.Assert.assertEquals(Assert.java:1428)
at api.stepdefinitions.Program_Stepdefinition.user_receives_bad_request_status_with_message_and_boolean_success_details_for_program_module(Program_Stepdefinition.java:134)
at ✽.User receives 400 Bad Request Status with message and boolean success details for program module(file:///C:/Users/kodai/eclipse-workspace/RestAssured_Project/src/test/resources/features/1_Program.feature:18)
]]>
            </full-stacktrace>
          </exception> <!-- java.lang.AssertionError -->
          <reporter-output>
          </reporter-output>
        </test-method> <!-- runScenario -->
        <test-method signature="runScenario(io.cucumber.testng.PickleWrapper,io.cucumber.testng.FeatureWrapper)[pri:0, instance:api.runner.TestRunner@304bb45b]" started-at="2023-09-23T12:16:39 EDT" name="runScenario" description="Runs Cucumber Scenarios" data-provider="scenarios" finished-at="2023-09-23T12:16:39 EDT" duration-ms="78" status="FAIL">
          <params>
            <param index="0">
              <value>
                <![CDATA["Check if user able to create a program missing mandatory fields in request body"]]>
              </value>
            </param>
            <param index="1">
              <value>
                <![CDATA["CURD Operations for Program Module"]]>
              </value>
            </param>
          </params>
          <exception class="java.io.FileNotFoundException">
            <message>
              <![CDATA[C:\Users\User\eclipse-workspace\Team12-Api-CodeWarriors\src\test\resources\testdata\Team12-APICodeWarriors_TestData.xlsx (The system cannot find the path specified)]]>
            </message>
            <full-stacktrace>
              <![CDATA[java.io.FileNotFoundException: C:\Users\User\eclipse-workspace\Team12-Api-CodeWarriors\src\test\resources\testdata\Team12-APICodeWarriors_TestData.xlsx (The system cannot find the path specified)
at java.base/java.io.FileInputStream.open0(Native Method)
at java.base/java.io.FileInputStream.open(FileInputStream.java:216)
at java.base/java.io.FileInputStream.<init>(FileInputStream.java:157)
at java.base/java.io.FileInputStream.<init>(FileInputStream.java:111)
at api.utilities.XLUtility.getRowCount(XLUtility.java:31)
at api.stepdefinitions.Program_Stepdefinition.getAllData(Program_Stepdefinition.java:517)
at api.stepdefinitions.Program_Stepdefinition.user_sends_https_request_and_request_body_for_progam_module_from_excel_and_with_missing_mandatory_fields(Program_Stepdefinition.java:141)
at ✽.User sends HTTPS Request and request Body for Progam Module from excel "ProgramModule" and 3 with missing mandatory fields(file:///C:/Users/kodai/eclipse-workspace/RestAssured_Project/src/test/resources/features/1_Program.feature:28)
]]>
            </full-stacktrace>
          </exception> <!-- java.io.FileNotFoundException -->
          <reporter-output>
          </reporter-output>
        </test-method> <!-- runScenario -->
        <test-method signature="runScenario(io.cucumber.testng.PickleWrapper,io.cucumber.testng.FeatureWrapper)[pri:0, instance:api.runner.TestRunner@304bb45b]" started-at="2023-09-23T12:16:39 EDT" name="runScenario" description="Runs Cucumber Scenarios" data-provider="scenarios" finished-at="2023-09-23T12:16:45 EDT" duration-ms="5257" status="FAIL">
          <params>
            <param index="0">
              <value>
                <![CDATA["Check if user able to retrieve all programs with valid LMS API for program module"]]>
              </value>
            </param>
            <param index="1">
              <value>
                <![CDATA["CURD Operations for Program Module"]]>
              </value>
            </param>
          </params>
          <exception class="java.lang.AssertionError">
            <message>
              <![CDATA[expected [200] but found [503]]]>
            </message>
            <full-stacktrace>
              <![CDATA[java.lang.AssertionError: expected [200] but found [503]
at org.testng.Assert.fail(Assert.java:110)
at org.testng.Assert.failNotEquals(Assert.java:1577)
at org.testng.Assert.assertEqualsImpl(Assert.java:149)
at org.testng.Assert.assertEquals(Assert.java:131)
at org.testng.Assert.assertEquals(Assert.java:1418)
at org.testng.Assert.assertEquals(Assert.java:1382)
at org.testng.Assert.assertEquals(Assert.java:1428)
at api.stepdefinitions.Program_Stepdefinition.user_receives_ok_status_with_response_body_for_program_module(Program_Stepdefinition.java:175)
at ✽.User receives 200 OK Status with response body for program module(file:///C:/Users/kodai/eclipse-workspace/RestAssured_Project/src/test/resources/features/1_Program.feature:40)
]]>
            </full-stacktrace>
          </exception> <!-- java.lang.AssertionError -->
          <reporter-output>
          </reporter-output>
        </test-method> <!-- runScenario -->
        <test-method signature="runScenario(io.cucumber.testng.PickleWrapper,io.cucumber.testng.FeatureWrapper)[pri:0, instance:api.runner.TestRunner@304bb45b]" started-at="2023-09-23T12:16:45 EDT" name="runScenario" description="Runs Cucumber Scenarios" data-provider="scenarios" finished-at="2023-09-23T12:16:50 EDT" duration-ms="5253" status="FAIL">
          <params>
            <param index="0">
              <value>
                <![CDATA["Check if user able to retrieve a program with valid program ID for program module"]]>
              </value>
            </param>
            <param index="1">
              <value>
                <![CDATA["CURD Operations for Program Module"]]>
              </value>
            </param>
          </params>
          <exception class="java.lang.AssertionError">
            <message>
              <![CDATA[expected [200] but found [503]]]>
            </message>
            <full-stacktrace>
              <![CDATA[java.lang.AssertionError: expected [200] but found [503]
at org.testng.Assert.fail(Assert.java:110)
at org.testng.Assert.failNotEquals(Assert.java:1577)
at org.testng.Assert.assertEqualsImpl(Assert.java:149)
at org.testng.Assert.assertEquals(Assert.java:131)
at org.testng.Assert.assertEquals(Assert.java:1418)
at org.testng.Assert.assertEquals(Assert.java:1382)
at org.testng.Assert.assertEquals(Assert.java:1428)
at api.stepdefinitions.Program_Stepdefinition.user_receives_ok_status_with_response_body_for_program_module(Program_Stepdefinition.java:175)
at ✽.User receives 200 OK Status with response body for program module(file:///C:/Users/kodai/eclipse-workspace/RestAssured_Project/src/test/resources/features/1_Program.feature:47)
]]>
            </full-stacktrace>
          </exception> <!-- java.lang.AssertionError -->
          <reporter-output>
          </reporter-output>
        </test-method> <!-- runScenario -->
        <test-method signature="runScenario(io.cucumber.testng.PickleWrapper,io.cucumber.testng.FeatureWrapper)[pri:0, instance:api.runner.TestRunner@304bb45b]" started-at="2023-09-23T12:16:50 EDT" name="runScenario" description="Runs Cucumber Scenarios" data-provider="scenarios" finished-at="2023-09-23T12:16:55 EDT" duration-ms="5228" status="FAIL">
          <params>
            <param index="0">
              <value>
                <![CDATA["Check if user able to retrieve a program with valid program ID for program module"]]>
              </value>
            </param>
            <param index="1">
              <value>
                <![CDATA["CURD Operations for Program Module"]]>
              </value>
            </param>
          </params>
          <exception class="java.lang.AssertionError">
            <message>
              <![CDATA[expected [404] but found [503]]]>
            </message>
            <full-stacktrace>
              <![CDATA[java.lang.AssertionError: expected [404] but found [503]
at org.testng.Assert.fail(Assert.java:110)
at org.testng.Assert.failNotEquals(Assert.java:1577)
at org.testng.Assert.assertEqualsImpl(Assert.java:149)
at org.testng.Assert.assertEquals(Assert.java:131)
at org.testng.Assert.assertEquals(Assert.java:1418)
at org.testng.Assert.assertEquals(Assert.java:1382)
at org.testng.Assert.assertEquals(Assert.java:1428)
at api.stepdefinitions.Program_Stepdefinition.user_receives_not_found_status_with_message_and_boolean_success_details_for_program_module(Program_Stepdefinition.java:232)
at ✽.User receives 404 Not Found Status with message and boolean success details for program module(file:///C:/Users/kodai/eclipse-workspace/RestAssured_Project/src/test/resources/features/1_Program.feature:53)
]]>
            </full-stacktrace>
          </exception> <!-- java.lang.AssertionError -->
          <reporter-output>
          </reporter-output>
        </test-method> <!-- runScenario -->
        <test-method signature="runScenario(io.cucumber.testng.PickleWrapper,io.cucumber.testng.FeatureWrapper)[pri:0, instance:api.runner.TestRunner@304bb45b]" started-at="2023-09-23T12:16:55 EDT" name="runScenario" description="Runs Cucumber Scenarios" data-provider="scenarios" finished-at="2023-09-23T12:17:00 EDT" duration-ms="5223" status="FAIL">
          <params>
            <param index="0">
              <value>
                <![CDATA["Check if user able to update a program with valid programID and mandatory request body for Program module"]]>
              </value>
            </param>
            <param index="1">
              <value>
                <![CDATA["CURD Operations for Program Module"]]>
              </value>
            </param>
          </params>
          <exception class="java.lang.AssertionError">
            <message>
              <![CDATA[expected [200] but found [503]]]>
            </message>
            <full-stacktrace>
              <![CDATA[java.lang.AssertionError: expected [200] but found [503]
at org.testng.Assert.fail(Assert.java:110)
at org.testng.Assert.failNotEquals(Assert.java:1577)
at org.testng.Assert.assertEqualsImpl(Assert.java:149)
at org.testng.Assert.assertEquals(Assert.java:131)
at org.testng.Assert.assertEquals(Assert.java:1418)
at org.testng.Assert.assertEquals(Assert.java:1382)
at org.testng.Assert.assertEquals(Assert.java:1428)
at api.stepdefinitions.Program_Stepdefinition.user_receives_ok_status_with_updated_value_in_response_body_for_program_module(Program_Stepdefinition.java:258)
at ✽.User receives 200 OK Status with updated value in response body for program module(file:///C:/Users/kodai/eclipse-workspace/RestAssured_Project/src/test/resources/features/1_Program.feature:62)
]]>
            </full-stacktrace>
          </exception> <!-- java.lang.AssertionError -->
          <reporter-output>
          </reporter-output>
        </test-method> <!-- runScenario -->
        <test-method signature="runScenario(io.cucumber.testng.PickleWrapper,io.cucumber.testng.FeatureWrapper)[pri:0, instance:api.runner.TestRunner@304bb45b]" started-at="2023-09-23T12:17:00 EDT" name="runScenario" description="Runs Cucumber Scenarios" data-provider="scenarios" finished-at="2023-09-23T12:17:01 EDT" duration-ms="44" status="FAIL">
          <params>
            <param index="0">
              <value>
                <![CDATA["Check if user able to update a program with valid programName and mandatory request body for Program module"]]>
              </value>
            </param>
            <param index="1">
              <value>
                <![CDATA["CURD Operations for Program Module"]]>
              </value>
            </param>
          </params>
          <exception class="java.lang.IllegalArgumentException">
            <message>
              <![CDATA[parameterValue cannot be null]]>
            </message>
            <full-stacktrace>
              <![CDATA[java.lang.IllegalArgumentException: parameterValue cannot be null
at java.base/jdk.internal.reflect.NativeConstructorAccessorImpl.newInstance0(Native Method)
at java.base/jdk.internal.reflect.NativeConstructorAccessorImpl.newInstance(NativeConstructorAccessorImpl.java:77)
at java.base/jdk.internal.reflect.DelegatingConstructorAccessorImpl.newInstance(DelegatingConstructorAccessorImpl.java:45)
at java.base/java.lang.reflect.Constructor.newInstanceWithCaller(Constructor.java:499)
at java.base/java.lang.reflect.Constructor.newInstance(Constructor.java:480)
at org.codehaus.groovy.reflection.CachedConstructor.invoke(CachedConstructor.java:73)
at org.codehaus.groovy.reflection.CachedConstructor.doConstructorInvoke(CachedConstructor.java:60)
at org.codehaus.groovy.runtime.callsite.ConstructorSite$ConstructorSiteNoUnwrap.callConstructor(ConstructorSite.java:86)
at org.codehaus.groovy.runtime.callsite.CallSiteArray.defaultCallConstructor(CallSiteArray.java:57)
at org.codehaus.groovy.runtime.callsite.AbstractCallSite.callConstructor(AbstractCallSite.java:263)
at org.codehaus.groovy.runtime.callsite.AbstractCallSite.callConstructor(AbstractCallSite.java:277)
at io.restassured.internal.common.assertion.AssertParameter.notNull(AssertParameter.groovy:26)
at io.restassured.internal.common.assertion.AssertParameter$notNull.callStatic(Unknown Source)
at org.codehaus.groovy.runtime.callsite.CallSiteArray.defaultCallStatic(CallSiteArray.java:53)
at io.restassured.internal.common.assertion.AssertParameter$notNull.callStatic(Unknown Source)
at io.restassured.internal.RequestSpecificationImpl.pathParam(RequestSpecificationImpl.groovy:515)
at api.stepdefinitions.Program_Stepdefinition.user_sends_https_request_and_request_body_with_mandatory_fields_program_description_program_name_program_status(Program_Stepdefinition.java:275)
at ✽.User sends HTTPS Request  and  request Body with mandatory fields. (program Description , program Name, program status)(file:///C:/Users/kodai/eclipse-workspace/RestAssured_Project/src/test/resources/features/1_Program.feature:71)
]]>
            </full-stacktrace>
          </exception> <!-- java.lang.IllegalArgumentException -->
          <reporter-output>
          </reporter-output>
        </test-method> <!-- runScenario -->
        <test-method signature="runScenario(io.cucumber.testng.PickleWrapper,io.cucumber.testng.FeatureWrapper)[pri:0, instance:api.runner.TestRunner@304bb45b]" started-at="2023-09-23T12:17:01 EDT" name="runScenario" description="Runs Cucumber Scenarios" data-provider="scenarios" finished-at="2023-09-23T12:17:01 EDT" duration-ms="39" status="FAIL">
          <params>
            <param index="0">
              <value>
                <![CDATA["Check if user able to update a program  missing mandatory fields in request body"]]>
              </value>
            </param>
            <param index="1">
              <value>
                <![CDATA["CURD Operations for Program Module"]]>
              </value>
            </param>
          </params>
          <exception class="java.io.FileNotFoundException">
            <message>
              <![CDATA[C:\Users\User\eclipse-workspace\Team12-Api-CodeWarriors\src\test\resources\testdata\Team12-APICodeWarriors_TestData.xlsx (The system cannot find the path specified)]]>
            </message>
            <full-stacktrace>
              <![CDATA[java.io.FileNotFoundException: C:\Users\User\eclipse-workspace\Team12-Api-CodeWarriors\src\test\resources\testdata\Team12-APICodeWarriors_TestData.xlsx (The system cannot find the path specified)
at java.base/java.io.FileInputStream.open0(Native Method)
at java.base/java.io.FileInputStream.open(FileInputStream.java:216)
at java.base/java.io.FileInputStream.<init>(FileInputStream.java:157)
at java.base/java.io.FileInputStream.<init>(FileInputStream.java:111)
at api.utilities.XLUtility.getRowCount(XLUtility.java:31)
at api.stepdefinitions.Program_Stepdefinition.getAllData(Program_Stepdefinition.java:517)
at api.stepdefinitions.Program_Stepdefinition.user_sends_https_request_and_request_body_missing_mandatory_fields_from_excel_and(Program_Stepdefinition.java:294)
at ✽.User sends HTTPS Request  and request Body missing mandatory fields from excel "ProgramModule" and 8(file:///C:/Users/kodai/eclipse-workspace/RestAssured_Project/src/test/resources/features/1_Program.feature:80)
]]>
            </full-stacktrace>
          </exception> <!-- java.io.FileNotFoundException -->
          <reporter-output>
          </reporter-output>
        </test-method> <!-- runScenario -->
        <test-method signature="runScenario(io.cucumber.testng.PickleWrapper,io.cucumber.testng.FeatureWrapper)[pri:0, instance:api.runner.TestRunner@304bb45b]" started-at="2023-09-23T12:17:01 EDT" name="runScenario" description="Runs Cucumber Scenarios" data-provider="scenarios" finished-at="2023-09-23T12:17:01 EDT" duration-ms="34" status="FAIL">
          <params>
            <param index="0">
              <value>
                <![CDATA["Check if user able to update a program with invalid programID and mandatory request body"]]>
              </value>
            </param>
            <param index="1">
              <value>
                <![CDATA["CURD Operations for Program Module"]]>
              </value>
            </param>
          </params>
          <exception class="java.io.FileNotFoundException">
            <message>
              <![CDATA[C:\Users\User\eclipse-workspace\Team12-Api-CodeWarriors\src\test\resources\testdata\Team12-APICodeWarriors_TestData.xlsx (The system cannot find the path specified)]]>
            </message>
            <full-stacktrace>
              <![CDATA[java.io.FileNotFoundException: C:\Users\User\eclipse-workspace\Team12-Api-CodeWarriors\src\test\resources\testdata\Team12-APICodeWarriors_TestData.xlsx (The system cannot find the path specified)
at java.base/java.io.FileInputStream.open0(Native Method)
at java.base/java.io.FileInputStream.open(FileInputStream.java:216)
at java.base/java.io.FileInputStream.<init>(FileInputStream.java:157)
at java.base/java.io.FileInputStream.<init>(FileInputStream.java:111)
at api.utilities.XLUtility.getRowCount(XLUtility.java:31)
at api.stepdefinitions.Program_Stepdefinition.getAllData(Program_Stepdefinition.java:517)
at api.stepdefinitions.Program_Stepdefinition.user_sends_https_request_and_request_body_to_update_progam_with_invalid_program_id_from_excel_and(Program_Stepdefinition.java:316)
at ✽.User sends HTTPS Request and request Body to update Progam with invalid program id from excel "ProgramModule" and 7(file:///C:/Users/kodai/eclipse-workspace/RestAssured_Project/src/test/resources/features/1_Program.feature:91)
]]>
            </full-stacktrace>
          </exception> <!-- java.io.FileNotFoundException -->
          <reporter-output>
          </reporter-output>
        </test-method> <!-- runScenario -->
        <test-method signature="runScenario(io.cucumber.testng.PickleWrapper,io.cucumber.testng.FeatureWrapper)[pri:0, instance:api.runner.TestRunner@304bb45b]" started-at="2023-09-23T12:17:01 EDT" name="runScenario" description="Runs Cucumber Scenarios" data-provider="scenarios" finished-at="2023-09-23T12:17:01 EDT" duration-ms="51" status="FAIL">
          <params>
            <param index="0">
              <value>
                <![CDATA["Check if user able to update a program with  invalid program Name and request body"]]>
              </value>
            </param>
            <param index="1">
              <value>
                <![CDATA["CURD Operations for Program Module"]]>
              </value>
            </param>
          </params>
          <exception class="java.io.FileNotFoundException">
            <message>
              <![CDATA[C:\Users\User\eclipse-workspace\Team12-Api-CodeWarriors\src\test\resources\testdata\Team12-APICodeWarriors_TestData.xlsx (The system cannot find the path specified)]]>
            </message>
            <full-stacktrace>
              <![CDATA[java.io.FileNotFoundException: C:\Users\User\eclipse-workspace\Team12-Api-CodeWarriors\src\test\resources\testdata\Team12-APICodeWarriors_TestData.xlsx (The system cannot find the path specified)
at java.base/java.io.FileInputStream.open0(Native Method)
at java.base/java.io.FileInputStream.open(FileInputStream.java:216)
at java.base/java.io.FileInputStream.<init>(FileInputStream.java:157)
at java.base/java.io.FileInputStream.<init>(FileInputStream.java:111)
at api.utilities.XLUtility.getRowCount(XLUtility.java:31)
at api.stepdefinitions.Program_Stepdefinition.getAllData(Program_Stepdefinition.java:517)
at api.stepdefinitions.Program_Stepdefinition.user_sends_https_request_and_request_body_with_invalid_program_description_program_name_program_status_from_excel_and(Program_Stepdefinition.java:340)
at ✽.User sends HTTPS Request  and  request Body with Invalid (program Description , program Name, program status)from excel "ProgramModule" and 5(file:///C:/Users/kodai/eclipse-workspace/RestAssured_Project/src/test/resources/features/1_Program.feature:102)
]]>
            </full-stacktrace>
          </exception> <!-- java.io.FileNotFoundException -->
          <reporter-output>
          </reporter-output>
        </test-method> <!-- runScenario -->
        <test-method signature="runScenario(io.cucumber.testng.PickleWrapper,io.cucumber.testng.FeatureWrapper)[pri:0, instance:api.runner.TestRunner@304bb45b]" started-at="2023-09-23T12:17:01 EDT" name="runScenario" description="Runs Cucumber Scenarios" data-provider="scenarios" finished-at="2023-09-23T12:17:01 EDT" duration-ms="45" status="FAIL">
          <params>
            <param index="0">
              <value>
                <![CDATA["Check if user able to update a program  missing mandatory fields in request body"]]>
              </value>
            </param>
            <param index="1">
              <value>
                <![CDATA["CURD Operations for Program Module"]]>
              </value>
            </param>
          </params>
          <exception class="java.io.FileNotFoundException">
            <message>
              <![CDATA[C:\Users\User\eclipse-workspace\Team12-Api-CodeWarriors\src\test\resources\testdata\Team12-APICodeWarriors_TestData.xlsx (The system cannot find the path specified)]]>
            </message>
            <full-stacktrace>
              <![CDATA[java.io.FileNotFoundException: C:\Users\User\eclipse-workspace\Team12-Api-CodeWarriors\src\test\resources\testdata\Team12-APICodeWarriors_TestData.xlsx (The system cannot find the path specified)
at java.base/java.io.FileInputStream.open0(Native Method)
at java.base/java.io.FileInputStream.open(FileInputStream.java:216)
at java.base/java.io.FileInputStream.<init>(FileInputStream.java:157)
at java.base/java.io.FileInputStream.<init>(FileInputStream.java:111)
at api.utilities.XLUtility.getRowCount(XLUtility.java:31)
at api.stepdefinitions.Program_Stepdefinition.getAllData(Program_Stepdefinition.java:517)
at api.stepdefinitions.Program_Stepdefinition.user_sends_https_request_and_request_body_missing_mandatory_fields_from_excel_and(Program_Stepdefinition.java:294)
at ✽.User sends HTTPS Request  and request Body missing mandatory fields from excel "ProgramModule" and 3(file:///C:/Users/kodai/eclipse-workspace/RestAssured_Project/src/test/resources/features/1_Program.feature:114)
]]>
            </full-stacktrace>
          </exception> <!-- java.io.FileNotFoundException -->
          <reporter-output>
          </reporter-output>
        </test-method> <!-- runScenario -->
        <test-method signature="runScenario(io.cucumber.testng.PickleWrapper,io.cucumber.testng.FeatureWrapper)[pri:0, instance:api.runner.TestRunner@304bb45b]" started-at="2023-09-23T12:17:01 EDT" name="runScenario" description="Runs Cucumber Scenarios" data-provider="scenarios" finished-at="2023-09-23T12:17:06 EDT" duration-ms="5230" status="FAIL">
          <params>
            <param index="0">
              <value>
                <![CDATA["Check if user able to delete a program with valid program ID for program module"]]>
              </value>
            </param>
            <param index="1">
              <value>
                <![CDATA["CURD Operations for Program Module"]]>
              </value>
            </param>
          </params>
          <exception class="java.lang.AssertionError">
            <message>
              <![CDATA[expected [200] but found [503]]]>
            </message>
            <full-stacktrace>
              <![CDATA[java.lang.AssertionError: expected [200] but found [503]
at org.testng.Assert.fail(Assert.java:110)
at org.testng.Assert.failNotEquals(Assert.java:1577)
at org.testng.Assert.assertEqualsImpl(Assert.java:149)
at org.testng.Assert.assertEquals(Assert.java:131)
at org.testng.Assert.assertEquals(Assert.java:1418)
at org.testng.Assert.assertEquals(Assert.java:1382)
at org.testng.Assert.assertEquals(Assert.java:1428)
at api.stepdefinitions.Program_Stepdefinition.user_receives_ok_status_with_message(Program_Stepdefinition.java:384)
at ✽.User receives 200 Ok status with message(file:///C:/Users/kodai/eclipse-workspace/RestAssured_Project/src/test/resources/features/1_Program.feature:127)
]]>
            </full-stacktrace>
          </exception> <!-- java.lang.AssertionError -->
          <reporter-output>
          </reporter-output>
        </test-method> <!-- runScenario -->
        <test-method signature="runScenario(io.cucumber.testng.PickleWrapper,io.cucumber.testng.FeatureWrapper)[pri:0, instance:api.runner.TestRunner@304bb45b]" started-at="2023-09-23T12:17:06 EDT" name="runScenario" description="Runs Cucumber Scenarios" data-provider="scenarios" finished-at="2023-09-23T12:17:11 EDT" duration-ms="5254" status="FAIL">
          <params>
            <param index="0">
              <value>
                <![CDATA["Check if user able to delete a program with valid LMS API,invalid program id for program module"]]>
              </value>
            </param>
            <param index="1">
              <value>
                <![CDATA["CURD Operations for Program Module"]]>
              </value>
            </param>
          </params>
          <exception class="java.lang.AssertionError">
            <message>
              <![CDATA[expected [404] but found [503]]]>
            </message>
            <full-stacktrace>
              <![CDATA[java.lang.AssertionError: expected [404] but found [503]
at org.testng.Assert.fail(Assert.java:110)
at org.testng.Assert.failNotEquals(Assert.java:1577)
at org.testng.Assert.assertEqualsImpl(Assert.java:149)
at org.testng.Assert.assertEquals(Assert.java:131)
at org.testng.Assert.assertEquals(Assert.java:1418)
at org.testng.Assert.assertEquals(Assert.java:1382)
at org.testng.Assert.assertEquals(Assert.java:1428)
at api.stepdefinitions.Program_Stepdefinition.user_receives_not_found_status_with_message_and_boolean_success_details_for_invalid_program_id_in_program_module(Program_Stepdefinition.java:414)
at ✽.User receives 404 Not Found Status with message and boolean success details for invalid program id in program module(file:///C:/Users/kodai/eclipse-workspace/RestAssured_Project/src/test/resources/features/1_Program.feature:134)
]]>
            </full-stacktrace>
          </exception> <!-- java.lang.AssertionError -->
          <reporter-output>
          </reporter-output>
        </test-method> <!-- runScenario -->
        <test-method signature="runScenario(io.cucumber.testng.PickleWrapper,io.cucumber.testng.FeatureWrapper)[pri:0, instance:api.runner.TestRunner@304bb45b]" started-at="2023-09-23T12:17:11 EDT" name="runScenario" description="Runs Cucumber Scenarios" data-provider="scenarios" finished-at="2023-09-23T12:17:16 EDT" duration-ms="5232" status="FAIL">
          <params>
            <param index="0">
              <value>
                <![CDATA["Check if user able to delete a program with Invalid programName for program module"]]>
              </value>
            </param>
            <param index="1">
              <value>
                <![CDATA["CURD Operations for Program Module"]]>
              </value>
            </param>
          </params>
          <exception class="java.lang.AssertionError">
            <message>
              <![CDATA[expected [404] but found [503]]]>
            </message>
            <full-stacktrace>
              <![CDATA[java.lang.AssertionError: expected [404] but found [503]
at org.testng.Assert.fail(Assert.java:110)
at org.testng.Assert.failNotEquals(Assert.java:1577)
at org.testng.Assert.assertEqualsImpl(Assert.java:149)
at org.testng.Assert.assertEquals(Assert.java:131)
at org.testng.Assert.assertEquals(Assert.java:1418)
at org.testng.Assert.assertEquals(Assert.java:1382)
at org.testng.Assert.assertEquals(Assert.java:1428)
at api.stepdefinitions.Program_Stepdefinition.user_receives_not_found_status_with_message_and_boolean_success_details(Program_Stepdefinition.java:493)
at ✽.User receives 404 Not Found Status with message and boolean success details Program(file:///C:/Users/kodai/eclipse-workspace/RestAssured_Project/src/test/resources/features/1_Program.feature:152)
]]>
            </full-stacktrace>
          </exception> <!-- java.lang.AssertionError -->
          <reporter-output>
          </reporter-output>
        </test-method> <!-- runScenario -->
        <test-method signature="runScenario(io.cucumber.testng.PickleWrapper,io.cucumber.testng.FeatureWrapper)[pri:0, instance:api.runner.TestRunner@304bb45b]" started-at="2023-09-23T12:17:16 EDT" name="runScenario" description="Runs Cucumber Scenarios" data-provider="scenarios" finished-at="2023-09-23T12:17:17 EDT" duration-ms="100" status="FAIL">
          <params>
            <param index="0">
              <value>
                <![CDATA["Check if user able to create a Batch with valid endpoint and request body in Batch Module (non existing values)"]]>
              </value>
            </param>
            <param index="1">
              <value>
                <![CDATA["CURD Operations for Batch Module"]]>
              </value>
            </param>
          </params>
          <exception class="java.io.FileNotFoundException">
            <message>
              <![CDATA[C:\Users\User\eclipse-workspace\Team12-Api-CodeWarriors\src\test\resources\testdata\Team12-APICodeWarriors_TestData.xlsx (The system cannot find the path specified)]]>
            </message>
            <full-stacktrace>
              <![CDATA[java.io.FileNotFoundException: C:\Users\User\eclipse-workspace\Team12-Api-CodeWarriors\src\test\resources\testdata\Team12-APICodeWarriors_TestData.xlsx (The system cannot find the path specified)
at java.base/java.io.FileInputStream.open0(Native Method)
at java.base/java.io.FileInputStream.open(FileInputStream.java:216)
at java.base/java.io.FileInputStream.<init>(FileInputStream.java:157)
at java.base/java.io.FileInputStream.<init>(FileInputStream.java:111)
at api.utilities.XLUtility.getRowCount(XLUtility.java:31)
at api.stepdefinitions.Batch_Stepdefinition.getAllData(Batch_Stepdefinition.java:55)
at api.stepdefinitions.Batch_Stepdefinition.user_sends_https_request_and_request_body_for_batch_module_from_excel_and(Batch_Stepdefinition.java:98)
at ✽.User sends HTTPS Request and  request Body for Batch Module from excel "BatchModule"(file:///C:/Users/kodai/eclipse-workspace/RestAssured_Project/src/test/resources/features/2_Batch.feature:8)
]]>
            </full-stacktrace>
          </exception> <!-- java.io.FileNotFoundException -->
          <reporter-output>
          </reporter-output>
        </test-method> <!-- runScenario -->
        <test-method signature="runScenario(io.cucumber.testng.PickleWrapper,io.cucumber.testng.FeatureWrapper)[pri:0, instance:api.runner.TestRunner@304bb45b]" started-at="2023-09-23T12:17:17 EDT" name="runScenario" description="Runs Cucumber Scenarios" data-provider="scenarios" finished-at="2023-09-23T12:17:17 EDT" duration-ms="48" status="FAIL">
          <params>
            <param index="0">
              <value>
                <![CDATA["Check if user able to create a Batch with valid endpoint and request body (existing value in Batch Name)"]]>
              </value>
            </param>
            <param index="1">
              <value>
                <![CDATA["CURD Operations for Batch Module"]]>
              </value>
            </param>
          </params>
          <exception class="java.io.FileNotFoundException">
            <message>
              <![CDATA[C:\Users\User\eclipse-workspace\Team12-Api-CodeWarriors\src\test\resources\testdata\Team12-APICodeWarriors_TestData.xlsx (The system cannot find the path specified)]]>
            </message>
            <full-stacktrace>
              <![CDATA[java.io.FileNotFoundException: C:\Users\User\eclipse-workspace\Team12-Api-CodeWarriors\src\test\resources\testdata\Team12-APICodeWarriors_TestData.xlsx (The system cannot find the path specified)
at java.base/java.io.FileInputStream.open0(Native Method)
at java.base/java.io.FileInputStream.open(FileInputStream.java:216)
at java.base/java.io.FileInputStream.<init>(FileInputStream.java:157)
at java.base/java.io.FileInputStream.<init>(FileInputStream.java:111)
at api.utilities.XLUtility.getRowCount(XLUtility.java:31)
at api.stepdefinitions.Batch_Stepdefinition.user_sends_https_request_and_request_body_with_existing_values_for_batch_module_from_excel(Batch_Stepdefinition.java:160)
at ✽.User sends HTTPS Request and  request Body with existing values for Batch Module from excel "BatchModule"(file:///C:/Users/kodai/eclipse-workspace/RestAssured_Project/src/test/resources/features/2_Batch.feature:19)
]]>
            </full-stacktrace>
          </exception> <!-- java.io.FileNotFoundException -->
          <reporter-output>
          </reporter-output>
        </test-method> <!-- runScenario -->
        <test-method signature="runScenario(io.cucumber.testng.PickleWrapper,io.cucumber.testng.FeatureWrapper)[pri:0, instance:api.runner.TestRunner@304bb45b]" started-at="2023-09-23T12:17:17 EDT" name="runScenario" description="Runs Cucumber Scenarios" data-provider="scenarios" finished-at="2023-09-23T12:17:17 EDT" duration-ms="49" status="FAIL">
          <params>
            <param index="0">
              <value>
                <![CDATA["Check if user able to create a Batch missing mandatory fields in request body"]]>
              </value>
            </param>
            <param index="1">
              <value>
                <![CDATA["CURD Operations for Batch Module"]]>
              </value>
            </param>
          </params>
          <exception class="java.io.FileNotFoundException">
            <message>
              <![CDATA[C:\Users\User\eclipse-workspace\Team12-Api-CodeWarriors\src\test\resources\testdata\Team12-APICodeWarriors_TestData.xlsx (The system cannot find the path specified)]]>
            </message>
            <full-stacktrace>
              <![CDATA[java.io.FileNotFoundException: C:\Users\User\eclipse-workspace\Team12-Api-CodeWarriors\src\test\resources\testdata\Team12-APICodeWarriors_TestData.xlsx (The system cannot find the path specified)
at java.base/java.io.FileInputStream.open0(Native Method)
at java.base/java.io.FileInputStream.open(FileInputStream.java:216)
at java.base/java.io.FileInputStream.<init>(FileInputStream.java:157)
at java.base/java.io.FileInputStream.<init>(FileInputStream.java:111)
at api.utilities.XLUtility.getRowCount(XLUtility.java:31)
at api.stepdefinitions.Batch_Stepdefinition.user_sends_https_request_and_request_body_with_missing_fields_for_batch_module_from_excel(Batch_Stepdefinition.java:198)
at ✽.User sends HTTPS Request and  request Body with missing fields for Batch Module from excel "BatchModule"(file:///C:/Users/kodai/eclipse-workspace/RestAssured_Project/src/test/resources/features/2_Batch.feature:29)
]]>
            </full-stacktrace>
          </exception> <!-- java.io.FileNotFoundException -->
          <reporter-output>
          </reporter-output>
        </test-method> <!-- runScenario -->
        <test-method signature="runScenario(io.cucumber.testng.PickleWrapper,io.cucumber.testng.FeatureWrapper)[pri:0, instance:api.runner.TestRunner@304bb45b]" started-at="2023-09-23T12:17:17 EDT" name="runScenario" description="Runs Cucumber Scenarios" data-provider="scenarios" finished-at="2023-09-23T12:17:22 EDT" duration-ms="5250" status="FAIL">
          <params>
            <param index="0">
              <value>
                <![CDATA["Check if user able to retrieve all batches  with valid LMS API"]]>
              </value>
            </param>
            <param index="1">
              <value>
                <![CDATA["CURD Operations for Batch Module"]]>
              </value>
            </param>
          </params>
          <exception class="java.lang.AssertionError">
            <message>
              <![CDATA[expected [503] but found [200]]]>
            </message>
            <full-stacktrace>
              <![CDATA[java.lang.AssertionError: expected [503] but found [200]
at org.testng.Assert.fail(Assert.java:110)
at org.testng.Assert.failNotEquals(Assert.java:1577)
at org.testng.Assert.assertEqualsImpl(Assert.java:149)
at org.testng.Assert.assertEquals(Assert.java:131)
at org.testng.Assert.assertEquals(Assert.java:1418)
at org.testng.Assert.assertEquals(Assert.java:1382)
at org.testng.Assert.assertEquals(Assert.java:1428)
at api.stepdefinitions.Batch_Stepdefinition.user_receives_ok_status_with_response_body(Batch_Stepdefinition.java:250)
at ✽.User receives 200 OK Status with response body.(file:///C:/Users/kodai/eclipse-workspace/RestAssured_Project/src/test/resources/features/2_Batch.feature:41)
]]>
            </full-stacktrace>
          </exception> <!-- java.lang.AssertionError -->
          <reporter-output>
          </reporter-output>
        </test-method> <!-- runScenario -->
        <test-method signature="runScenario(io.cucumber.testng.PickleWrapper,io.cucumber.testng.FeatureWrapper)[pri:0, instance:api.runner.TestRunner@304bb45b]" started-at="2023-09-23T12:17:22 EDT" name="runScenario" description="Runs Cucumber Scenarios" data-provider="scenarios" finished-at="2023-09-23T12:17:27 EDT" duration-ms="5226" status="FAIL">
          <params>
            <param index="0">
              <value>
                <![CDATA["Check if user able to retrieve a batch with valid BATCH ID"]]>
              </value>
            </param>
            <param index="1">
              <value>
                <![CDATA["CURD Operations for Batch Module"]]>
              </value>
            </param>
          </params>
          <exception class="java.lang.AssertionError">
            <message>
              <![CDATA[expected [503] but found [200]]]>
            </message>
            <full-stacktrace>
              <![CDATA[java.lang.AssertionError: expected [503] but found [200]
at org.testng.Assert.fail(Assert.java:110)
at org.testng.Assert.failNotEquals(Assert.java:1577)
at org.testng.Assert.assertEqualsImpl(Assert.java:149)
at org.testng.Assert.assertEquals(Assert.java:131)
at org.testng.Assert.assertEquals(Assert.java:1418)
at org.testng.Assert.assertEquals(Assert.java:1382)
at org.testng.Assert.assertEquals(Assert.java:1428)
at api.stepdefinitions.Batch_Stepdefinition.user_receives_ok_status_with_response_body(Batch_Stepdefinition.java:250)
at ✽.User receives 200 OK Status with response body.(file:///C:/Users/kodai/eclipse-workspace/RestAssured_Project/src/test/resources/features/2_Batch.feature:47)
]]>
            </full-stacktrace>
          </exception> <!-- java.lang.AssertionError -->
          <reporter-output>
          </reporter-output>
        </test-method> <!-- runScenario -->
        <test-method signature="runScenario(io.cucumber.testng.PickleWrapper,io.cucumber.testng.FeatureWrapper)[pri:0, instance:api.runner.TestRunner@304bb45b]" started-at="2023-09-23T12:17:27 EDT" name="runScenario" description="Runs Cucumber Scenarios" data-provider="scenarios" finished-at="2023-09-23T12:17:32 EDT" duration-ms="5228" status="FAIL">
          <params>
            <param index="0">
              <value>
                <![CDATA["Check if user able to retrieve a batch with invalid BATCH ID"]]>
              </value>
            </param>
            <param index="1">
              <value>
                <![CDATA["CURD Operations for Batch Module"]]>
              </value>
            </param>
          </params>
          <exception class="java.lang.AssertionError">
            <message>
              <![CDATA[expected [503] but found [404]]]>
            </message>
            <full-stacktrace>
              <![CDATA[java.lang.AssertionError: expected [503] but found [404]
at org.testng.Assert.fail(Assert.java:110)
at org.testng.Assert.failNotEquals(Assert.java:1577)
at org.testng.Assert.assertEqualsImpl(Assert.java:149)
at org.testng.Assert.assertEquals(Assert.java:131)
at org.testng.Assert.assertEquals(Assert.java:1418)
at org.testng.Assert.assertEquals(Assert.java:1382)
at org.testng.Assert.assertEquals(Assert.java:1428)
at api.stepdefinitions.Batch_Stepdefinition.user_receives_not_found_status_with_message_and_boolean_success_details(Batch_Stepdefinition.java:290)
at ✽.User receives 404 Not Found Status with message and boolean success details(file:///C:/Users/kodai/eclipse-workspace/RestAssured_Project/src/test/resources/features/2_Batch.feature:54)
]]>
            </full-stacktrace>
          </exception> <!-- java.lang.AssertionError -->
          <reporter-output>
          </reporter-output>
        </test-method> <!-- runScenario -->
        <test-method signature="runScenario(io.cucumber.testng.PickleWrapper,io.cucumber.testng.FeatureWrapper)[pri:0, instance:api.runner.TestRunner@304bb45b]" started-at="2023-09-23T12:17:32 EDT" name="runScenario" description="Runs Cucumber Scenarios" data-provider="scenarios" finished-at="2023-09-23T12:17:32 EDT" duration-ms="32" status="FAIL">
          <params>
            <param index="0">
              <value>
                <![CDATA["Check if user able to retrieve a batch with valid BATCH NAME"]]>
              </value>
            </param>
            <param index="1">
              <value>
                <![CDATA["CURD Operations for Batch Module"]]>
              </value>
            </param>
          </params>
          <exception class="java.lang.IllegalArgumentException">
            <message>
              <![CDATA[parameterValue cannot be null]]>
            </message>
            <full-stacktrace>
              <![CDATA[java.lang.IllegalArgumentException: parameterValue cannot be null
at java.base/jdk.internal.reflect.NativeConstructorAccessorImpl.newInstance0(Native Method)
at java.base/jdk.internal.reflect.NativeConstructorAccessorImpl.newInstance(NativeConstructorAccessorImpl.java:77)
at java.base/jdk.internal.reflect.DelegatingConstructorAccessorImpl.newInstance(DelegatingConstructorAccessorImpl.java:45)
at java.base/java.lang.reflect.Constructor.newInstanceWithCaller(Constructor.java:499)
at java.base/java.lang.reflect.Constructor.newInstance(Constructor.java:480)
at org.codehaus.groovy.reflection.CachedConstructor.invoke(CachedConstructor.java:73)
at org.codehaus.groovy.reflection.CachedConstructor.doConstructorInvoke(CachedConstructor.java:60)
at org.codehaus.groovy.runtime.callsite.ConstructorSite$ConstructorSiteNoUnwrap.callConstructor(ConstructorSite.java:86)
at org.codehaus.groovy.runtime.callsite.AbstractCallSite.callConstructor(AbstractCallSite.java:277)
at io.restassured.internal.common.assertion.AssertParameter.notNull(AssertParameter.groovy:26)
at io.restassured.internal.common.assertion.AssertParameter$notNull.callStatic(Unknown Source)
at org.codehaus.groovy.runtime.callsite.CallSiteArray.defaultCallStatic(CallSiteArray.java:53)
at io.restassured.internal.common.assertion.AssertParameter$notNull.callStatic(Unknown Source)
at io.restassured.internal.RequestSpecificationImpl.pathParam(RequestSpecificationImpl.groovy:515)
at api.stepdefinitions.Batch_Stepdefinition.user_sends_https_request_with_valid_BATCH_NAME(Batch_Stepdefinition.java:304)
at ✽.User sends HTTPS Request with valid BATCH NAME(file:///C:/Users/kodai/eclipse-workspace/RestAssured_Project/src/test/resources/features/2_Batch.feature:61)
]]>
            </full-stacktrace>
          </exception> <!-- java.lang.IllegalArgumentException -->
          <reporter-output>
          </reporter-output>
        </test-method> <!-- runScenario -->
        <test-method signature="runScenario(io.cucumber.testng.PickleWrapper,io.cucumber.testng.FeatureWrapper)[pri:0, instance:api.runner.TestRunner@304bb45b]" started-at="2023-09-23T12:17:32 EDT" name="runScenario" description="Runs Cucumber Scenarios" data-provider="scenarios" finished-at="2023-09-23T12:17:38 EDT" duration-ms="5204" status="FAIL">
          <params>
            <param index="0">
              <value>
                <![CDATA["Check if user able to retrieve a batch with invalid BATCH NAME"]]>
              </value>
            </param>
            <param index="1">
              <value>
                <![CDATA["CURD Operations for Batch Module"]]>
              </value>
            </param>
          </params>
          <exception class="java.lang.AssertionError">
            <message>
              <![CDATA[expected [503] but found [404]]]>
            </message>
            <full-stacktrace>
              <![CDATA[java.lang.AssertionError: expected [503] but found [404]
at org.testng.Assert.fail(Assert.java:110)
at org.testng.Assert.failNotEquals(Assert.java:1577)
at org.testng.Assert.assertEqualsImpl(Assert.java:149)
at org.testng.Assert.assertEquals(Assert.java:131)
at org.testng.Assert.assertEquals(Assert.java:1418)
at org.testng.Assert.assertEquals(Assert.java:1382)
at org.testng.Assert.assertEquals(Assert.java:1428)
at api.stepdefinitions.Batch_Stepdefinition.user_receives_not_found_status_with_message_and_boolean_success_details(Batch_Stepdefinition.java:290)
at ✽.User receives 404 Not Found Status with message and boolean success details(file:///C:/Users/kodai/eclipse-workspace/RestAssured_Project/src/test/resources/features/2_Batch.feature:69)
]]>
            </full-stacktrace>
          </exception> <!-- java.lang.AssertionError -->
          <reporter-output>
          </reporter-output>
        </test-method> <!-- runScenario -->
        <test-method signature="runScenario(io.cucumber.testng.PickleWrapper,io.cucumber.testng.FeatureWrapper)[pri:0, instance:api.runner.TestRunner@304bb45b]" started-at="2023-09-23T12:17:38 EDT" name="runScenario" description="Runs Cucumber Scenarios" data-provider="scenarios" finished-at="2023-09-23T12:17:43 EDT" duration-ms="5238" status="FAIL">
          <params>
            <param index="0">
              <value>
                <![CDATA["Check if user able to retrieve a batch with valid Program ID"]]>
              </value>
            </param>
            <param index="1">
              <value>
                <![CDATA["CURD Operations for Batch Module"]]>
              </value>
            </param>
          </params>
          <exception class="java.lang.AssertionError">
            <message>
              <![CDATA[expected [503] but found [200]]]>
            </message>
            <full-stacktrace>
              <![CDATA[java.lang.AssertionError: expected [503] but found [200]
at org.testng.Assert.fail(Assert.java:110)
at org.testng.Assert.failNotEquals(Assert.java:1577)
at org.testng.Assert.assertEqualsImpl(Assert.java:149)
at org.testng.Assert.assertEquals(Assert.java:131)
at org.testng.Assert.assertEquals(Assert.java:1418)
at org.testng.Assert.assertEquals(Assert.java:1382)
at org.testng.Assert.assertEquals(Assert.java:1428)
at api.stepdefinitions.Batch_Stepdefinition.user_receives_ok_status_with_response_body(Batch_Stepdefinition.java:250)
at ✽.User receives 200 OK Status with response body.(file:///C:/Users/kodai/eclipse-workspace/RestAssured_Project/src/test/resources/features/2_Batch.feature:76)
]]>
            </full-stacktrace>
          </exception> <!-- java.lang.AssertionError -->
          <reporter-output>
          </reporter-output>
        </test-method> <!-- runScenario -->
        <test-method signature="runScenario(io.cucumber.testng.PickleWrapper,io.cucumber.testng.FeatureWrapper)[pri:0, instance:api.runner.TestRunner@304bb45b]" started-at="2023-09-23T12:17:43 EDT" name="runScenario" description="Runs Cucumber Scenarios" data-provider="scenarios" finished-at="2023-09-23T12:17:48 EDT" duration-ms="5212" status="FAIL">
          <params>
            <param index="0">
              <value>
                <![CDATA["Check if user able to retrieve a batch with invalid Program Id"]]>
              </value>
            </param>
            <param index="1">
              <value>
                <![CDATA["CURD Operations for Batch Module"]]>
              </value>
            </param>
          </params>
          <exception class="java.lang.AssertionError">
            <message>
              <![CDATA[expected [503] but found [404]]]>
            </message>
            <full-stacktrace>
              <![CDATA[java.lang.AssertionError: expected [503] but found [404]
at org.testng.Assert.fail(Assert.java:110)
at org.testng.Assert.failNotEquals(Assert.java:1577)
at org.testng.Assert.assertEqualsImpl(Assert.java:149)
at org.testng.Assert.assertEquals(Assert.java:131)
at org.testng.Assert.assertEquals(Assert.java:1418)
at org.testng.Assert.assertEquals(Assert.java:1382)
at org.testng.Assert.assertEquals(Assert.java:1428)
at api.stepdefinitions.Batch_Stepdefinition.user_receives_not_found_status_with_message_and_boolean_success_details(Batch_Stepdefinition.java:290)
at ✽.User receives 404 Not Found Status with message and boolean success details(file:///C:/Users/kodai/eclipse-workspace/RestAssured_Project/src/test/resources/features/2_Batch.feature:83)
]]>
            </full-stacktrace>
          </exception> <!-- java.lang.AssertionError -->
          <reporter-output>
          </reporter-output>
        </test-method> <!-- runScenario -->
        <test-method signature="runScenario(io.cucumber.testng.PickleWrapper,io.cucumber.testng.FeatureWrapper)[pri:0, instance:api.runner.TestRunner@304bb45b]" started-at="2023-09-23T12:17:48 EDT" name="runScenario" description="Runs Cucumber Scenarios" data-provider="scenarios" finished-at="2023-09-23T12:17:53 EDT" duration-ms="5236" status="FAIL">
          <params>
            <param index="0">
              <value>
                <![CDATA["Check if user able to update a Batch with valid batchID and mandatory request body"]]>
              </value>
            </param>
            <param index="1">
              <value>
                <![CDATA["CURD Operations for Batch Module"]]>
              </value>
            </param>
          </params>
          <exception class="java.lang.AssertionError">
            <message>
              <![CDATA[expected [503] but found [200]]]>
            </message>
            <full-stacktrace>
              <![CDATA[java.lang.AssertionError: expected [503] but found [200]
at org.testng.Assert.fail(Assert.java:110)
at org.testng.Assert.failNotEquals(Assert.java:1577)
at org.testng.Assert.assertEqualsImpl(Assert.java:149)
at org.testng.Assert.assertEquals(Assert.java:131)
at org.testng.Assert.assertEquals(Assert.java:1418)
at org.testng.Assert.assertEquals(Assert.java:1382)
at org.testng.Assert.assertEquals(Assert.java:1428)
at api.stepdefinitions.Batch_Stepdefinition.user_receives_ok_status_with_updated_value_in_response_body(Batch_Stepdefinition.java:377)
at ✽.User receives 200 OK Status with updated value in response body.(file:///C:/Users/kodai/eclipse-workspace/RestAssured_Project/src/test/resources/features/2_Batch.feature:91)
]]>
            </full-stacktrace>
          </exception> <!-- java.lang.AssertionError -->
          <reporter-output>
          </reporter-output>
        </test-method> <!-- runScenario -->
        <test-method signature="runScenario(io.cucumber.testng.PickleWrapper,io.cucumber.testng.FeatureWrapper)[pri:0, instance:api.runner.TestRunner@304bb45b]" started-at="2023-09-23T12:17:53 EDT" name="runScenario" description="Runs Cucumber Scenarios" data-provider="scenarios" finished-at="2023-09-23T12:17:58 EDT" duration-ms="5241" status="FAIL">
          <params>
            <param index="0">
              <value>
                <![CDATA["Check if user able to update a Batch with invalid batchID and mandatory request body"]]>
              </value>
            </param>
            <param index="1">
              <value>
                <![CDATA["CURD Operations for Batch Module"]]>
              </value>
            </param>
          </params>
          <exception class="java.lang.AssertionError">
            <message>
              <![CDATA[expected [503] but found [404]]]>
            </message>
            <full-stacktrace>
              <![CDATA[java.lang.AssertionError: expected [503] but found [404]
at org.testng.Assert.fail(Assert.java:110)
at org.testng.Assert.failNotEquals(Assert.java:1577)
at org.testng.Assert.assertEqualsImpl(Assert.java:149)
at org.testng.Assert.assertEquals(Assert.java:131)
at org.testng.Assert.assertEquals(Assert.java:1418)
at org.testng.Assert.assertEquals(Assert.java:1382)
at org.testng.Assert.assertEquals(Assert.java:1428)
at api.stepdefinitions.Batch_Stepdefinition.user_receives_not_found_status_with_message_and_boolean_success_details(Batch_Stepdefinition.java:290)
at ✽.User receives 404 Not Found Status with message and boolean success details(file:///C:/Users/kodai/eclipse-workspace/RestAssured_Project/src/test/resources/features/2_Batch.feature:99)
]]>
            </full-stacktrace>
          </exception> <!-- java.lang.AssertionError -->
          <reporter-output>
          </reporter-output>
        </test-method> <!-- runScenario -->
        <test-method signature="runScenario(io.cucumber.testng.PickleWrapper,io.cucumber.testng.FeatureWrapper)[pri:0, instance:api.runner.TestRunner@304bb45b]" started-at="2023-09-23T12:17:58 EDT" name="runScenario" description="Runs Cucumber Scenarios" data-provider="scenarios" finished-at="2023-09-23T12:18:04 EDT" duration-ms="5210" status="FAIL">
          <params>
            <param index="0">
              <value>
                <![CDATA["Check if user able to update a Batch with valid batchID and missing mandatory fields request body"]]>
              </value>
            </param>
            <param index="1">
              <value>
                <![CDATA["CURD Operations for Batch Module"]]>
              </value>
            </param>
          </params>
          <exception class="java.lang.NullPointerException">
            <message>
              <![CDATA[Cannot invoke "io.restassured.response.Response.then()" because "api.stepdefinitions.Batch_Stepdefinition.response1" is null]]>
            </message>
            <full-stacktrace>
              <![CDATA[java.lang.NullPointerException: Cannot invoke "io.restassured.response.Response.then()" because "api.stepdefinitions.Batch_Stepdefinition.response1" is null
at api.stepdefinitions.Batch_Stepdefinition.user_receives_bad_request_status_with_message_and_boolean_success_details(Batch_Stepdefinition.java:184)
at ✽.User receives 400 Bad Request Status with message and boolean success details(file:///C:/Users/kodai/eclipse-workspace/RestAssured_Project/src/test/resources/features/2_Batch.feature:108)
]]>
            </full-stacktrace>
          </exception> <!-- java.lang.NullPointerException -->
          <reporter-output>
          </reporter-output>
        </test-method> <!-- runScenario -->
        <test-method signature="runScenario(io.cucumber.testng.PickleWrapper,io.cucumber.testng.FeatureWrapper)[pri:0, instance:api.runner.TestRunner@304bb45b]" started-at="2023-09-23T12:18:04 EDT" name="runScenario" description="Runs Cucumber Scenarios" data-provider="scenarios" finished-at="2023-09-23T12:18:09 EDT" duration-ms="5198" status="FAIL">
          <params>
            <param index="0">
              <value>
                <![CDATA["Check if user able to delete a Batch with valid BatchId"]]>
              </value>
            </param>
            <param index="1">
              <value>
                <![CDATA["CURD Operations for Batch Module"]]>
              </value>
            </param>
          </params>
          <exception class="java.lang.AssertionError">
            <message>
              <![CDATA[expected [503] but found [200]]]>
            </message>
            <full-stacktrace>
              <![CDATA[java.lang.AssertionError: expected [503] but found [200]
at org.testng.Assert.fail(Assert.java:110)
at org.testng.Assert.failNotEquals(Assert.java:1577)
at org.testng.Assert.assertEqualsImpl(Assert.java:149)
at org.testng.Assert.assertEquals(Assert.java:131)
at org.testng.Assert.assertEquals(Assert.java:1418)
at org.testng.Assert.assertEquals(Assert.java:1382)
at org.testng.Assert.assertEquals(Assert.java:1428)
at api.stepdefinitions.Batch_Stepdefinition.user_receives_ok_status_with_response_body(Batch_Stepdefinition.java:250)
at ✽.User receives 200 OK Status with response body.(file:///C:/Users/kodai/eclipse-workspace/RestAssured_Project/src/test/resources/features/2_Batch.feature:116)
]]>
            </full-stacktrace>
          </exception> <!-- java.lang.AssertionError -->
          <reporter-output>
          </reporter-output>
        </test-method> <!-- runScenario -->
        <test-method signature="runScenario(io.cucumber.testng.PickleWrapper,io.cucumber.testng.FeatureWrapper)[pri:0, instance:api.runner.TestRunner@304bb45b]" started-at="2023-09-23T12:18:09 EDT" name="runScenario" description="Runs Cucumber Scenarios" data-provider="scenarios" finished-at="2023-09-23T12:18:14 EDT" duration-ms="5264" status="FAIL">
          <params>
            <param index="0">
              <value>
                <![CDATA["Check if user able to delete a batch with invalid batchid"]]>
              </value>
            </param>
            <param index="1">
              <value>
                <![CDATA["CURD Operations for Batch Module"]]>
              </value>
            </param>
          </params>
          <exception class="java.lang.AssertionError">
            <message>
              <![CDATA[expected [503] but found [404]]]>
            </message>
            <full-stacktrace>
              <![CDATA[java.lang.AssertionError: expected [503] but found [404]
at org.testng.Assert.fail(Assert.java:110)
at org.testng.Assert.failNotEquals(Assert.java:1577)
at org.testng.Assert.assertEqualsImpl(Assert.java:149)
at org.testng.Assert.assertEquals(Assert.java:131)
at org.testng.Assert.assertEquals(Assert.java:1418)
at org.testng.Assert.assertEquals(Assert.java:1382)
at org.testng.Assert.assertEquals(Assert.java:1428)
at api.stepdefinitions.Batch_Stepdefinition.user_receives_not_found_status(Batch_Stepdefinition.java:462)
at ✽.user receives 404 not found status(file:///C:/Users/kodai/eclipse-workspace/RestAssured_Project/src/test/resources/features/2_Batch.feature:122)
]]>
            </full-stacktrace>
          </exception> <!-- java.lang.AssertionError -->
          <reporter-output>
          </reporter-output>
        </test-method> <!-- runScenario -->
        <test-method signature="runScenario(io.cucumber.testng.PickleWrapper,io.cucumber.testng.FeatureWrapper)[pri:0, instance:api.runner.TestRunner@304bb45b]" started-at="2023-09-23T12:18:14 EDT" name="runScenario" description="Runs Cucumber Scenarios" data-provider="scenarios" finished-at="2023-09-23T12:18:14 EDT" duration-ms="59" status="FAIL">
          <params>
            <param index="0">
              <value>
                <![CDATA["Check if user able to create user with the valid endpoint and request body(non-existing values)"]]>
              </value>
            </param>
            <param index="1">
              <value>
                <![CDATA["CRUD project for Users Module"]]>
              </value>
            </param>
          </params>
          <exception class="java.io.FileNotFoundException">
            <message>
              <![CDATA[user_post.json (The system cannot find the file specified)]]>
            </message>
            <full-stacktrace>
              <![CDATA[java.io.FileNotFoundException: user_post.json (The system cannot find the file specified)
at java.base/java.io.FileInputStream.open0(Native Method)
at java.base/java.io.FileInputStream.open(FileInputStream.java:216)
at java.base/java.io.FileInputStream.<init>(FileInputStream.java:157)
at java.base/java.io.FileReader.<init>(FileReader.java:75)
at api.stepdefinitions.Users_Stepdefinition.user_sends_htt_ps_request_and_request_body_with_mandatory_and_additional_fields(Users_Stepdefinition.java:46)
at ✽.User sends HTTPs Request and request body with mandatory and additional fields User(file:///C:/Users/kodai/eclipse-workspace/RestAssured_Project/src/test/resources/features/3_User.feature:8)
]]>
            </full-stacktrace>
          </exception> <!-- java.io.FileNotFoundException -->
          <reporter-output>
          </reporter-output>
        </test-method> <!-- runScenario -->
        <test-method signature="runScenario(io.cucumber.testng.PickleWrapper,io.cucumber.testng.FeatureWrapper)[pri:0, instance:api.runner.TestRunner@304bb45b]" started-at="2023-09-23T12:18:14 EDT" name="runScenario" description="Runs Cucumber Scenarios" data-provider="scenarios" finished-at="2023-09-23T12:18:14 EDT" duration-ms="20" status="FAIL">
          <params>
            <param index="0">
              <value>
                <![CDATA["Check if user able to create a user missing mandatory fields in request body"]]>
              </value>
            </param>
            <param index="1">
              <value>
                <![CDATA["CRUD project for Users Module"]]>
              </value>
            </param>
          </params>
          <exception class="java.io.FileNotFoundException">
            <message>
              <![CDATA[usersInvalidModules.json (The system cannot find the file specified)]]>
            </message>
            <full-stacktrace>
              <![CDATA[java.io.FileNotFoundException: usersInvalidModules.json (The system cannot find the file specified)
at java.base/java.io.FileInputStream.open0(Native Method)
at java.base/java.io.FileInputStream.open(FileInputStream.java:216)
at java.base/java.io.FileInputStream.<init>(FileInputStream.java:157)
at java.base/java.io.FileReader.<init>(FileReader.java:75)
at api.stepdefinitions.Users_Stepdefinition.user_sends_https_request_and_request_body_with_missing_mandatory_fields(Users_Stepdefinition.java:73)
at ✽.User sends HTTPS Request and request Body with missing mandatory fields User(file:///C:/Users/kodai/eclipse-workspace/RestAssured_Project/src/test/resources/features/3_User.feature:15)
]]>
            </full-stacktrace>
          </exception> <!-- java.io.FileNotFoundException -->
          <reporter-output>
          </reporter-output>
        </test-method> <!-- runScenario -->
        <test-method signature="runScenario(io.cucumber.testng.PickleWrapper,io.cucumber.testng.FeatureWrapper)[pri:0, instance:api.runner.TestRunner@304bb45b]" started-at="2023-09-23T12:18:14 EDT" name="runScenario" description="Runs Cucumber Scenarios" data-provider="scenarios" finished-at="2023-09-23T12:18:14 EDT" duration-ms="35" status="FAIL">
          <params>
            <param index="0">
              <value>
                <![CDATA["Check if user able to create a user missing mandatory fields in request body"]]>
              </value>
            </param>
            <param index="1">
              <value>
                <![CDATA["CRUD project for Users Module"]]>
              </value>
            </param>
          </params>
          <exception class="java.io.FileNotFoundException">
            <message>
              <![CDATA[usersInvalidModules.json (The system cannot find the file specified)]]>
            </message>
            <full-stacktrace>
              <![CDATA[java.io.FileNotFoundException: usersInvalidModules.json (The system cannot find the file specified)
at java.base/java.io.FileInputStream.open0(Native Method)
at java.base/java.io.FileInputStream.open(FileInputStream.java:216)
at java.base/java.io.FileInputStream.<init>(FileInputStream.java:157)
at java.base/java.io.FileReader.<init>(FileReader.java:75)
at api.stepdefinitions.Users_Stepdefinition.user_sends_https_request_and_request_body_with_missing_users_fields(Users_Stepdefinition.java:100)
at ✽.User sends HTTPS Request and request Body with missing users fields User(file:///C:/Users/kodai/eclipse-workspace/RestAssured_Project/src/test/resources/features/3_User.feature:22)
]]>
            </full-stacktrace>
          </exception> <!-- java.io.FileNotFoundException -->
          <reporter-output>
          </reporter-output>
        </test-method> <!-- runScenario -->
        <test-method signature="runScenario(io.cucumber.testng.PickleWrapper,io.cucumber.testng.FeatureWrapper)[pri:0, instance:api.runner.TestRunner@304bb45b]" started-at="2023-09-23T12:18:14 EDT" name="runScenario" description="Runs Cucumber Scenarios" data-provider="scenarios" finished-at="2023-09-23T12:18:19 EDT" duration-ms="5197" status="PASS">
          <params>
            <param index="0">
              <value>
                <![CDATA["Check if user able retrieve all user with valid LMS API"]]>
              </value>
            </param>
            <param index="1">
              <value>
                <![CDATA["CRUD project for Users Module"]]>
              </value>
            </param>
          </params>
          <reporter-output>
          </reporter-output>
        </test-method> <!-- runScenario -->
        <test-method signature="runScenario(io.cucumber.testng.PickleWrapper,io.cucumber.testng.FeatureWrapper)[pri:0, instance:api.runner.TestRunner@304bb45b]" started-at="2023-09-23T12:18:19 EDT" name="runScenario" description="Runs Cucumber Scenarios" data-provider="scenarios" finished-at="2023-09-23T12:18:25 EDT" duration-ms="5211" status="PASS">
          <params>
            <param index="0">
              <value>
                <![CDATA["Check if User retrieve a user with valid User ID"]]>
              </value>
            </param>
            <param index="1">
              <value>
                <![CDATA["CRUD project for Users Module"]]>
              </value>
            </param>
          </params>
          <reporter-output>
          </reporter-output>
        </test-method> <!-- runScenario -->
        <test-method signature="runScenario(io.cucumber.testng.PickleWrapper,io.cucumber.testng.FeatureWrapper)[pri:0, instance:api.runner.TestRunner@304bb45b]" started-at="2023-09-23T12:18:25 EDT" name="runScenario" description="Runs Cucumber Scenarios" data-provider="scenarios" finished-at="2023-09-23T12:18:30 EDT" duration-ms="5210" status="PASS">
          <params>
            <param index="0">
              <value>
                <![CDATA["Check if user retrieve a user with"]]>
              </value>
            </param>
            <param index="1">
              <value>
                <![CDATA["CRUD project for Users Module"]]>
              </value>
            </param>
          </params>
          <reporter-output>
          </reporter-output>
        </test-method> <!-- runScenario -->
        <test-method signature="runScenario(io.cucumber.testng.PickleWrapper,io.cucumber.testng.FeatureWrapper)[pri:0, instance:api.runner.TestRunner@304bb45b]" started-at="2023-09-23T12:18:30 EDT" name="runScenario" description="Runs Cucumber Scenarios" data-provider="scenarios" finished-at="2023-09-23T12:18:35 EDT" duration-ms="5202" status="PASS">
          <params>
            <param index="0">
              <value>
                <![CDATA["Check if user able to retrieve a user with valid LMS API"]]>
              </value>
            </param>
            <param index="1">
              <value>
                <![CDATA["CRUD project for Users Module"]]>
              </value>
            </param>
          </params>
          <reporter-output>
          </reporter-output>
        </test-method> <!-- runScenario -->
        <test-method signature="runScenario(io.cucumber.testng.PickleWrapper,io.cucumber.testng.FeatureWrapper)[pri:0, instance:api.runner.TestRunner@304bb45b]" started-at="2023-09-23T12:18:35 EDT" name="runScenario" description="Runs Cucumber Scenarios" data-provider="scenarios" finished-at="2023-09-23T12:18:40 EDT" duration-ms="5198" status="PASS">
          <params>
            <param index="0">
              <value>
                <![CDATA["Check if user able to retrieve a user with valid LMS API"]]>
              </value>
            </param>
            <param index="1">
              <value>
                <![CDATA["CRUD project for Users Module"]]>
              </value>
            </param>
          </params>
          <reporter-output>
          </reporter-output>
        </test-method> <!-- runScenario -->
        <test-method signature="runScenario(io.cucumber.testng.PickleWrapper,io.cucumber.testng.FeatureWrapper)[pri:0, instance:api.runner.TestRunner@304bb45b]" started-at="2023-09-23T12:18:40 EDT" name="runScenario" description="Runs Cucumber Scenarios" data-provider="scenarios" finished-at="2023-09-23T12:18:40 EDT" duration-ms="30" status="FAIL">
          <params>
            <param index="0">
              <value>
                <![CDATA["Check if user able to update a user with valid User ID and request body"]]>
              </value>
            </param>
            <param index="1">
              <value>
                <![CDATA["CRUD project for Users Module"]]>
              </value>
            </param>
          </params>
          <exception class="java.io.FileNotFoundException">
            <message>
              <![CDATA[Update_users.json (The system cannot find the file specified)]]>
            </message>
            <full-stacktrace>
              <![CDATA[java.io.FileNotFoundException: Update_users.json (The system cannot find the file specified)
at java.base/java.io.FileInputStream.open0(Native Method)
at java.base/java.io.FileInputStream.open(FileInputStream.java:216)
at java.base/java.io.FileInputStream.<init>(FileInputStream.java:157)
at java.base/java.io.FileReader.<init>(FileReader.java:75)
at api.stepdefinitions.Users_Stepdefinition.user_sends_https_request_and_request_body_with_mandatory_and_additional_fields(Users_Stepdefinition.java:267)
at ✽.User sends HTTPS Request and  request Body with mandatory and additional  fields User(file:///C:/Users/kodai/eclipse-workspace/RestAssured_Project/src/test/resources/features/3_User.feature:66)
]]>
            </full-stacktrace>
          </exception> <!-- java.io.FileNotFoundException -->
          <reporter-output>
          </reporter-output>
        </test-method> <!-- runScenario -->
        <test-method signature="runScenario(io.cucumber.testng.PickleWrapper,io.cucumber.testng.FeatureWrapper)[pri:0, instance:api.runner.TestRunner@304bb45b]" started-at="2023-09-23T12:18:40 EDT" name="runScenario" description="Runs Cucumber Scenarios" data-provider="scenarios" finished-at="2023-09-23T12:18:40 EDT" duration-ms="26" status="FAIL">
          <params>
            <param index="0">
              <value>
                <![CDATA["Check if user able to update a user with invalid User Id and request body"]]>
              </value>
            </param>
            <param index="1">
              <value>
                <![CDATA["CRUD project for Users Module"]]>
              </value>
            </param>
          </params>
          <exception class="java.io.FileNotFoundException">
            <message>
              <![CDATA[Update_users.json (The system cannot find the file specified)]]>
            </message>
            <full-stacktrace>
              <![CDATA[java.io.FileNotFoundException: Update_users.json (The system cannot find the file specified)
at java.base/java.io.FileInputStream.open0(Native Method)
at java.base/java.io.FileInputStream.open(FileInputStream.java:216)
at java.base/java.io.FileInputStream.<init>(FileInputStream.java:157)
at java.base/java.io.FileReader.<init>(FileReader.java:75)
at api.stepdefinitions.Users_Stepdefinition.user_sends_https_request_and_request_body_with_mandatory_fields(Users_Stepdefinition.java:293)
at ✽.User sends HTTPS Request and  request Body with mandatory fields User(file:///C:/Users/kodai/eclipse-workspace/RestAssured_Project/src/test/resources/features/3_User.feature:73)
]]>
            </full-stacktrace>
          </exception> <!-- java.io.FileNotFoundException -->
          <reporter-output>
          </reporter-output>
        </test-method> <!-- runScenario -->
        <test-method signature="runScenario(io.cucumber.testng.PickleWrapper,io.cucumber.testng.FeatureWrapper)[pri:0, instance:api.runner.TestRunner@304bb45b]" started-at="2023-09-23T12:18:40 EDT" name="runScenario" description="Runs Cucumber Scenarios" data-provider="scenarios" finished-at="2023-09-23T12:18:40 EDT" duration-ms="36" status="FAIL">
          <params>
            <param index="0">
              <value>
                <![CDATA["Check if user able to update a user with valid User ID and missing mandatory fields request body"]]>
              </value>
            </param>
            <param index="1">
              <value>
                <![CDATA["CRUD project for Users Module"]]>
              </value>
            </param>
          </params>
          <exception class="java.io.FileNotFoundException">
            <message>
              <![CDATA[update_InvalidUsers.json (The system cannot find the file specified)]]>
            </message>
            <full-stacktrace>
              <![CDATA[java.io.FileNotFoundException: update_InvalidUsers.json (The system cannot find the file specified)
at java.base/java.io.FileInputStream.open0(Native Method)
at java.base/java.io.FileInputStream.open(FileInputStream.java:216)
at java.base/java.io.FileInputStream.<init>(FileInputStream.java:157)
at java.base/java.io.FileReader.<init>(FileReader.java:75)
at api.stepdefinitions.Users_Stepdefinition.user_sends_https_request_and_request_body_missing_mandatory_fields(Users_Stepdefinition.java:321)
at ✽.User sends HTTPS Request  and request Body  (missing mandatory fields) User(file:///C:/Users/kodai/eclipse-workspace/RestAssured_Project/src/test/resources/features/3_User.feature:80)
]]>
            </full-stacktrace>
          </exception> <!-- java.io.FileNotFoundException -->
          <reporter-output>
          </reporter-output>
        </test-method> <!-- runScenario -->
        <test-method signature="runScenario(io.cucumber.testng.PickleWrapper,io.cucumber.testng.FeatureWrapper)[pri:0, instance:api.runner.TestRunner@304bb45b]" started-at="2023-09-23T12:18:40 EDT" name="runScenario" description="Runs Cucumber Scenarios" data-provider="scenarios" finished-at="2023-09-23T12:18:40 EDT" duration-ms="43" status="FAIL">
          <params>
            <param index="0">
              <value>
                <![CDATA["Check if user able to update a user with valid User Id and request body"]]>
              </value>
            </param>
            <param index="1">
              <value>
                <![CDATA["CRUD project for Users Module"]]>
              </value>
            </param>
          </params>
          <exception class="java.io.FileNotFoundException">
            <message>
              <![CDATA[update_Role.json (The system cannot find the file specified)]]>
            </message>
            <full-stacktrace>
              <![CDATA[java.io.FileNotFoundException: update_Role.json (The system cannot find the file specified)
at java.base/java.io.FileInputStream.open0(Native Method)
at java.base/java.io.FileInputStream.open(FileInputStream.java:216)
at java.base/java.io.FileInputStream.<init>(FileInputStream.java:157)
at java.base/java.io.FileReader.<init>(FileReader.java:75)
at api.stepdefinitions.Users_Stepdefinition.user_sends_https_request_and_request_body_with_valid_user_id(Users_Stepdefinition.java:359)
at ✽.User sends HTTPS Request and  request Body with valid user id User(file:///C:/Users/kodai/eclipse-workspace/RestAssured_Project/src/test/resources/features/3_User.feature:87)
]]>
            </full-stacktrace>
          </exception> <!-- java.io.FileNotFoundException -->
          <reporter-output>
          </reporter-output>
        </test-method> <!-- runScenario -->
        <test-method signature="runScenario(io.cucumber.testng.PickleWrapper,io.cucumber.testng.FeatureWrapper)[pri:0, instance:api.runner.TestRunner@304bb45b]" started-at="2023-09-23T12:18:40 EDT" name="runScenario" description="Runs Cucumber Scenarios" data-provider="scenarios" finished-at="2023-09-23T12:18:40 EDT" duration-ms="30" status="FAIL">
          <params>
            <param index="0">
              <value>
                <![CDATA["Check if user able to update a user with invalid User Id and request body"]]>
              </value>
            </param>
            <param index="1">
              <value>
                <![CDATA["CRUD project for Users Module"]]>
              </value>
            </param>
          </params>
          <exception class="java.io.FileNotFoundException">
            <message>
              <![CDATA[update_Role.json (The system cannot find the file specified)]]>
            </message>
            <full-stacktrace>
              <![CDATA[java.io.FileNotFoundException: update_Role.json (The system cannot find the file specified)
at java.base/java.io.FileInputStream.open0(Native Method)
at java.base/java.io.FileInputStream.open(FileInputStream.java:216)
at java.base/java.io.FileInputStream.<init>(FileInputStream.java:157)
at java.base/java.io.FileReader.<init>(FileReader.java:75)
at api.stepdefinitions.Users_Stepdefinition.user_sends_https_request_and_request_body(Users_Stepdefinition.java:391)
at ✽.User sends HTTPS Request and  request Body User(file:///C:/Users/kodai/eclipse-workspace/RestAssured_Project/src/test/resources/features/3_User.feature:94)
]]>
            </full-stacktrace>
          </exception> <!-- java.io.FileNotFoundException -->
          <reporter-output>
          </reporter-output>
        </test-method> <!-- runScenario -->
        <test-method signature="runScenario(io.cucumber.testng.PickleWrapper,io.cucumber.testng.FeatureWrapper)[pri:0, instance:api.runner.TestRunner@304bb45b]" started-at="2023-09-23T12:18:40 EDT" name="runScenario" description="Runs Cucumber Scenarios" data-provider="scenarios" finished-at="2023-09-23T12:18:41 EDT" duration-ms="27" status="FAIL">
          <params>
            <param index="0">
              <value>
                <![CDATA["Check if user able to update a user with valid User Id and request body (missing field)"]]>
              </value>
            </param>
            <param index="1">
              <value>
                <![CDATA["CRUD project for Users Module"]]>
              </value>
            </param>
          </params>
          <exception class="java.io.FileNotFoundException">
            <message>
              <![CDATA[Update_InvalidRole.json (The system cannot find the file specified)]]>
            </message>
            <full-stacktrace>
              <![CDATA[java.io.FileNotFoundException: Update_InvalidRole.json (The system cannot find the file specified)
at java.base/java.io.FileInputStream.open0(Native Method)
at java.base/java.io.FileInputStream.open(FileInputStream.java:216)
at java.base/java.io.FileInputStream.<init>(FileInputStream.java:157)
at java.base/java.io.FileReader.<init>(FileReader.java:75)
at api.stepdefinitions.Users_Stepdefinition.user_sends_https_request_and_request_body_with_missing_mandatory_fields_with_valid_user_id(Users_Stepdefinition.java:411)
at ✽.User sends HTTPS Request and  request Body with missing mandatory fields with valid user id User(file:///C:/Users/kodai/eclipse-workspace/RestAssured_Project/src/test/resources/features/3_User.feature:101)
]]>
            </full-stacktrace>
          </exception> <!-- java.io.FileNotFoundException -->
          <reporter-output>
          </reporter-output>
        </test-method> <!-- runScenario -->
        <test-method signature="runScenario(io.cucumber.testng.PickleWrapper,io.cucumber.testng.FeatureWrapper)[pri:0, instance:api.runner.TestRunner@304bb45b]" started-at="2023-09-23T12:18:41 EDT" name="runScenario" description="Runs Cucumber Scenarios" data-provider="scenarios" finished-at="2023-09-23T12:18:41 EDT" duration-ms="32" status="FAIL">
          <params>
            <param index="0">
              <value>
                <![CDATA["Check if user able to assign user to program batch with valid User Id and request body"]]>
              </value>
            </param>
            <param index="1">
              <value>
                <![CDATA["CRUD project for Users Module"]]>
              </value>
            </param>
          </params>
          <exception class="java.io.FileNotFoundException">
            <message>
              <![CDATA[Update_UserRole.json (The system cannot find the file specified)]]>
            </message>
            <full-stacktrace>
              <![CDATA[java.io.FileNotFoundException: Update_UserRole.json (The system cannot find the file specified)
at java.base/java.io.FileInputStream.open0(Native Method)
at java.base/java.io.FileInputStream.open(FileInputStream.java:216)
at java.base/java.io.FileInputStream.<init>(FileInputStream.java:157)
at java.base/java.io.FileReader.<init>(FileReader.java:75)
at api.stepdefinitions.Users_Stepdefinition.user_sends_https_request_and_request_body_with_program_batch_with_valid_user_id(Users_Stepdefinition.java:438)
at ✽.User sends HTTPS Request and  request Body with program batch with valid User Id User(file:///C:/Users/kodai/eclipse-workspace/RestAssured_Project/src/test/resources/features/3_User.feature:108)
]]>
            </full-stacktrace>
          </exception> <!-- java.io.FileNotFoundException -->
          <reporter-output>
          </reporter-output>
        </test-method> <!-- runScenario -->
        <test-method signature="runScenario(io.cucumber.testng.PickleWrapper,io.cucumber.testng.FeatureWrapper)[pri:0, instance:api.runner.TestRunner@304bb45b]" started-at="2023-09-23T12:18:41 EDT" name="runScenario" description="Runs Cucumber Scenarios" data-provider="scenarios" finished-at="2023-09-23T12:18:41 EDT" duration-ms="34" status="FAIL">
          <params>
            <param index="0">
              <value>
                <![CDATA["Check if user able to  assign user to program / batch with invalid User Id and request body"]]>
              </value>
            </param>
            <param index="1">
              <value>
                <![CDATA["CRUD project for Users Module"]]>
              </value>
            </param>
          </params>
          <exception class="java.io.FileNotFoundException">
            <message>
              <![CDATA[Update_UserRole.json (The system cannot find the file specified)]]>
            </message>
            <full-stacktrace>
              <![CDATA[java.io.FileNotFoundException: Update_UserRole.json (The system cannot find the file specified)
at java.base/java.io.FileInputStream.open0(Native Method)
at java.base/java.io.FileInputStream.open(FileInputStream.java:216)
at java.base/java.io.FileInputStream.<init>(FileInputStream.java:157)
at java.base/java.io.FileReader.<init>(FileReader.java:75)
at api.stepdefinitions.Users_Stepdefinition.user_sends_https_request_and_request_body_with_program_batch_with_invalid_user_id(Users_Stepdefinition.java:466)
at ✽.User sends HTTPS Request and  request Body with program batch with invalid User Id User(file:///C:/Users/kodai/eclipse-workspace/RestAssured_Project/src/test/resources/features/3_User.feature:115)
]]>
            </full-stacktrace>
          </exception> <!-- java.io.FileNotFoundException -->
          <reporter-output>
          </reporter-output>
        </test-method> <!-- runScenario -->
        <test-method signature="runScenario(io.cucumber.testng.PickleWrapper,io.cucumber.testng.FeatureWrapper)[pri:0, instance:api.runner.TestRunner@304bb45b]" started-at="2023-09-23T12:18:41 EDT" name="runScenario" description="Runs Cucumber Scenarios" data-provider="scenarios" finished-at="2023-09-23T12:18:41 EDT" duration-ms="33" status="FAIL">
          <params>
            <param index="0">
              <value>
                <![CDATA["Check if user able to  assign user to program / batch with valid User Id and request body (missing field)"]]>
              </value>
            </param>
            <param index="1">
              <value>
                <![CDATA["CRUD project for Users Module"]]>
              </value>
            </param>
          </params>
          <exception class="java.io.FileNotFoundException">
            <message>
              <![CDATA[Update_InvalidUserRole.json (The system cannot find the file specified)]]>
            </message>
            <full-stacktrace>
              <![CDATA[java.io.FileNotFoundException: Update_InvalidUserRole.json (The system cannot find the file specified)
at java.base/java.io.FileInputStream.open0(Native Method)
at java.base/java.io.FileInputStream.open(FileInputStream.java:216)
at java.base/java.io.FileInputStream.<init>(FileInputStream.java:157)
at java.base/java.io.FileReader.<init>(FileReader.java:75)
at api.stepdefinitions.Users_Stepdefinition.user_sends_https_request_and_request_body_with_missing_fields(Users_Stepdefinition.java:485)
at ✽.User sends HTTPS Request and  request Body with missing fields User(file:///C:/Users/kodai/eclipse-workspace/RestAssured_Project/src/test/resources/features/3_User.feature:122)
]]>
            </full-stacktrace>
          </exception> <!-- java.io.FileNotFoundException -->
          <reporter-output>
          </reporter-output>
        </test-method> <!-- runScenario -->
        <test-method signature="runScenario(io.cucumber.testng.PickleWrapper,io.cucumber.testng.FeatureWrapper)[pri:0, instance:api.runner.TestRunner@304bb45b]" started-at="2023-09-23T12:18:41 EDT" name="runScenario" description="Runs Cucumber Scenarios" data-provider="scenarios" finished-at="2023-09-23T12:18:46 EDT" duration-ms="5299" status="PASS">
          <params>
            <param index="0">
              <value>
                <![CDATA["Check if user able to delete a user with valid User Id"]]>
              </value>
            </param>
            <param index="1">
              <value>
                <![CDATA["CRUD project for Users Module"]]>
              </value>
            </param>
          </params>
          <reporter-output>
          </reporter-output>
        </test-method> <!-- runScenario -->
        <test-method signature="runScenario(io.cucumber.testng.PickleWrapper,io.cucumber.testng.FeatureWrapper)[pri:0, instance:api.runner.TestRunner@304bb45b]" started-at="2023-09-23T12:18:46 EDT" name="runScenario" description="Runs Cucumber Scenarios" data-provider="scenarios" finished-at="2023-09-23T12:18:51 EDT" duration-ms="5200" status="PASS">
          <params>
            <param index="0">
              <value>
                <![CDATA["Check if user able to delete a user with valid LMS API,invalid user Id"]]>
              </value>
            </param>
            <param index="1">
              <value>
                <![CDATA["CRUD project for Users Module"]]>
              </value>
            </param>
          </params>
          <reporter-output>
          </reporter-output>
        </test-method> <!-- runScenario -->
        <test-method signature="runScenario(io.cucumber.testng.PickleWrapper,io.cucumber.testng.FeatureWrapper)[pri:0, instance:api.runner.TestRunner@304bb45b]" started-at="2023-09-23T12:18:51 EDT" name="runScenario" description="Runs Cucumber Scenarios" data-provider="scenarios" finished-at="2023-09-23T12:18:57 EDT" duration-ms="5375" status="FAIL">
          <params>
            <param index="0">
              <value>
                <![CDATA["Check if user able to add a record with valid endpoint and request body using dynamic variables for Assignment Module"]]>
              </value>
            </param>
            <param index="1">
              <value>
                <![CDATA["CURD Operations for Assignment Module"]]>
              </value>
            </param>
          </params>
          <exception class="io.restassured.path.json.exception.JsonPathException">
            <message>
              <![CDATA[Failed to parse the JSON document]]>
            </message>
            <full-stacktrace>
              <![CDATA[io.restassured.path.json.exception.JsonPathException: Failed to parse the JSON document
at io.restassured.path.json.JsonPath$ExceptionCatcher.invoke(JsonPath.java:1002)
at io.restassured.path.json.JsonPath$4.doParseWith(JsonPath.java:967)
at io.restassured.path.json.JsonPath$JsonParser.parseWith(JsonPath.java:1047)
at io.restassured.path.json.JsonPath.get(JsonPath.java:202)
at io.restassured.path.json.JsonPath.getInt(JsonPath.java:237)
at api.stepdefinitions.Assignment_Stepdefinition.user_sends_https_request_and_request_body_for_assignment_module_through_dynamic_variables_1(Assignment_Stepdefinition.java:65)
at ✽.User sends HTTPS Request and request Body for Assignment Module through dynamic variables(file:///C:/Users/kodai/eclipse-workspace/RestAssured_Project/src/test/resources/features/4_Assignment.feature:7)
Caused by: groovy.json.JsonException: Lexing failed on line: 1, column: 1, while reading '<', no possible valid JSON value or punctuation could be recognized.
at groovy.json.JsonLexer.nextToken(JsonLexer.java:86)
at groovy.json.JsonLexer$nextToken.call(Unknown Source)
at org.codehaus.groovy.runtime.callsite.CallSiteArray.defaultCall(CallSiteArray.java:45)
at org.codehaus.groovy.runtime.callsite.AbstractCallSite.call(AbstractCallSite.java:125)
at org.codehaus.groovy.runtime.callsite.AbstractCallSite.call(AbstractCallSite.java:130)
at io.restassured.internal.path.json.ConfigurableJsonSlurper.parse(ConfigurableJsonSlurper.groovy:97)
at io.restassured.internal.path.json.ConfigurableJsonSlurper$parse.callCurrent(Unknown Source)
at org.codehaus.groovy.runtime.callsite.CallSiteArray.defaultCallCurrent(CallSiteArray.java:49)
at org.codehaus.groovy.runtime.callsite.AbstractCallSite.callCurrent(AbstractCallSite.java:171)
at org.codehaus.groovy.runtime.callsite.AbstractCallSite.callCurrent(AbstractCallSite.java:185)
at io.restassured.internal.path.json.ConfigurableJsonSlurper.parseText(ConfigurableJsonSlurper.groovy:83)
at io.restassured.path.json.JsonPath$4$1.method(JsonPath.java:965)
at io.restassured.path.json.JsonPath$ExceptionCatcher.invoke(JsonPath.java:1000)
at io.restassured.path.json.JsonPath$4.doParseWith(JsonPath.java:967)
at io.restassured.path.json.JsonPath$JsonParser.parseWith(JsonPath.java:1047)
at io.restassured.path.json.JsonPath.get(JsonPath.java:202)
at io.restassured.path.json.JsonPath.getInt(JsonPath.java:237)
at api.stepdefinitions.Assignment_Stepdefinition.user_sends_https_request_and_request_body_for_assignment_module_through_dynamic_variables_1(Assignment_Stepdefinition.java:65)
at java.base/jdk.internal.reflect.NativeMethodAccessorImpl.invoke0(Native Method)
at java.base/jdk.internal.reflect.NativeMethodAccessorImpl.invoke(NativeMethodAccessorImpl.java:77)
at java.base/jdk.internal.reflect.DelegatingMethodAccessorImpl.invoke(DelegatingMethodAccessorImpl.java:43)
at java.base/java.lang.reflect.Method.invoke(Method.java:568)
at io.cucumber.java.Invoker.doInvoke(Invoker.java:66)
at io.cucumber.java.Invoker.invoke(Invoker.java:24)
at io.cucumber.java.AbstractGlueDefinition.invokeMethod(AbstractGlueDefinition.java:47)
at io.cucumber.java.JavaStepDefinition.execute(JavaStepDefinition.java:29)
at io.cucumber.core.runner.CoreStepDefinition.execute(CoreStepDefinition.java:66)
at io.cucumber.core.runner.PickleStepDefinitionMatch.runStep(PickleStepDefinitionMatch.java:63)
at io.cucumber.core.runner.ExecutionMode$1.execute(ExecutionMode.java:10)
at io.cucumber.core.runner.TestStep.executeStep(TestStep.java:85)
at io.cucumber.core.runner.TestStep.run(TestStep.java:57)
at io.cucumber.core.runner.PickleStepTestStep.run(PickleStepTestStep.java:51)
at io.cucumber.core.runner.TestCase.run(TestCase.java:84)
at io.cucumber.core.runner.Runner.runPickle(Runner.java:75)
at io.cucumber.testng.TestNGCucumberRunner.lambda$runScenario$1(TestNGCucumberRunner.java:132)
at io.cucumber.core.runtime.CucumberExecutionContext.lambda$runTestCase$5(CucumberExecutionContext.java:129)
at io.cucumber.core.runtime.RethrowingThrowableCollector.executeAndThrow(RethrowingThrowableCollector.java:23)
at io.cucumber.core.runtime.CucumberExecutionContext.runTestCase(CucumberExecutionContext.java:129)
at io.cucumber.testng.TestNGCucumberRunner.runScenario(TestNGCucumberRunner.java:129)
at io.cucumber.testng.AbstractTestNGCucumberTests.runScenario(AbstractTestNGCucumberTests.java:35)
at jdk.internal.reflect.GeneratedMethodAccessor161.invoke(Unknown Source)
at java.base/jdk.internal.reflect.DelegatingMethodAccessorImpl.invoke(DelegatingMethodAccessorImpl.java:43)
at java.base/java.lang.reflect.Method.invoke(Method.java:568)
at org.testng.internal.invokers.MethodInvocationHelper.invokeMethod(MethodInvocationHelper.java:139)
at org.testng.internal.invokers.TestInvoker.invokeMethod(TestInvoker.java:677)
at org.testng.internal.invokers.TestInvoker.invokeTestMethod(TestInvoker.java:221)
at org.testng.internal.invokers.MethodRunner.runInSequence(MethodRunner.java:50)
at org.testng.internal.invokers.TestInvoker$MethodInvocationAgent.invoke(TestInvoker.java:969)
at org.testng.internal.invokers.TestInvoker.invokeTestMethods(TestInvoker.java:194)
at org.testng.internal.invokers.TestMethodWorker.invokeTestMethods(TestMethodWorker.java:148)
at org.testng.internal.invokers.TestMethodWorker.run(TestMethodWorker.java:128)
at java.base/java.util.ArrayList.forEach(ArrayList.java:1511)
at org.testng.TestRunner.privateRun(TestRunner.java:829)
at org.testng.TestRunner.run(TestRunner.java:602)
at org.testng.SuiteRunner.runTest(SuiteRunner.java:437)
at org.testng.SuiteRunner.runSequentially(SuiteRunner.java:431)
at org.testng.SuiteRunner.privateRun(SuiteRunner.java:391)
at org.testng.SuiteRunner.run(SuiteRunner.java:330)
at org.testng.SuiteRunnerWorker.runSuite(SuiteRunnerWorker.java:52)
at org.testng.SuiteRunnerWorker.run(SuiteRunnerWorker.java:95)
at org.testng.TestNG.runSuitesSequentially(TestNG.java:1256)
at org.testng.TestNG.runSuitesLocally(TestNG.java:1176)
at org.testng.TestNG.runSuites(TestNG.java:1099)
at org.testng.TestNG.run(TestNG.java:1067)
at org.testng.remote.AbstractRemoteTestNG.run(AbstractRemoteTestNG.java:115)
at org.testng.remote.RemoteTestNG.initAndRun(RemoteTestNG.java:251)
at org.testng.remote.RemoteTestNG.main(RemoteTestNG.java:77)
]]>
            </full-stacktrace>
          </exception> <!-- io.restassured.path.json.exception.JsonPathException -->
          <reporter-output>
          </reporter-output>
        </test-method> <!-- runScenario -->
        <test-method signature="runScenario(io.cucumber.testng.PickleWrapper,io.cucumber.testng.FeatureWrapper)[pri:0, instance:api.runner.TestRunner@304bb45b]" started-at="2023-09-23T12:18:57 EDT" name="runScenario" description="Runs Cucumber Scenarios" data-provider="scenarios" finished-at="2023-09-23T12:18:57 EDT" duration-ms="47" status="FAIL">
          <params>
            <param index="0">
              <value>
                <![CDATA["Check if user able to add a record with valid endpoint and request body in Assignment module (non existing values)"]]>
              </value>
            </param>
            <param index="1">
              <value>
                <![CDATA["CURD Operations for Assignment Module"]]>
              </value>
            </param>
          </params>
          <exception class="java.io.FileNotFoundException">
            <message>
              <![CDATA[C:\Users\User\eclipse-workspace\Team12-Api-CodeWarriors\src\test\resources\testdata\Team12-APICodeWarriors_TestData.xlsx (The system cannot find the path specified)]]>
            </message>
            <full-stacktrace>
              <![CDATA[java.io.FileNotFoundException: C:\Users\User\eclipse-workspace\Team12-Api-CodeWarriors\src\test\resources\testdata\Team12-APICodeWarriors_TestData.xlsx (The system cannot find the path specified)
at java.base/java.io.FileInputStream.open0(Native Method)
at java.base/java.io.FileInputStream.open(FileInputStream.java:216)
at java.base/java.io.FileInputStream.<init>(FileInputStream.java:157)
at java.base/java.io.FileInputStream.<init>(FileInputStream.java:111)
at api.utilities.XLUtility.getRowCount(XLUtility.java:31)
at api.stepdefinitions.Assignment_Stepdefinition.getAllData(Assignment_Stepdefinition.java:838)
at api.stepdefinitions.Assignment_Stepdefinition.user_sends_https_request_and_request_body_for_assignment_module_from_excel__1and(Assignment_Stepdefinition.java:73)
at ✽.User sends HTTPS Request and request Body for Assignment Module from excel "AssignmentModule" and 1(file:///C:/Users/kodai/eclipse-workspace/RestAssured_Project/src/test/resources/features/4_Assignment.feature:13)
]]>
            </full-stacktrace>
          </exception> <!-- java.io.FileNotFoundException -->
          <reporter-output>
          </reporter-output>
        </test-method> <!-- runScenario -->
        <test-method signature="runScenario(io.cucumber.testng.PickleWrapper,io.cucumber.testng.FeatureWrapper)[pri:0, instance:api.runner.TestRunner@304bb45b]" started-at="2023-09-23T12:18:57 EDT" name="runScenario" description="Runs Cucumber Scenarios" data-provider="scenarios" finished-at="2023-09-23T12:18:57 EDT" duration-ms="46" status="FAIL">
          <params>
            <param index="0">
              <value>
                <![CDATA["Check if user able to add a record with valid endpoint and request body in Assignment module (existing values)"]]>
              </value>
            </param>
            <param index="1">
              <value>
                <![CDATA["CURD Operations for Assignment Module"]]>
              </value>
            </param>
          </params>
          <exception class="java.io.FileNotFoundException">
            <message>
              <![CDATA[C:\Users\User\eclipse-workspace\Team12-Api-CodeWarriors\src\test\resources\testdata\Team12-APICodeWarriors_TestData.xlsx (The system cannot find the path specified)]]>
            </message>
            <full-stacktrace>
              <![CDATA[java.io.FileNotFoundException: C:\Users\User\eclipse-workspace\Team12-Api-CodeWarriors\src\test\resources\testdata\Team12-APICodeWarriors_TestData.xlsx (The system cannot find the path specified)
at java.base/java.io.FileInputStream.open0(Native Method)
at java.base/java.io.FileInputStream.open(FileInputStream.java:216)
at java.base/java.io.FileInputStream.<init>(FileInputStream.java:157)
at java.base/java.io.FileInputStream.<init>(FileInputStream.java:111)
at api.utilities.XLUtility.getRowCount(XLUtility.java:31)
at api.stepdefinitions.Assignment_Stepdefinition.getAllData(Assignment_Stepdefinition.java:838)
at api.stepdefinitions.Assignment_Stepdefinition.user_sends_https_request_and_request_body_for_assignment_module_from_excel__1and(Assignment_Stepdefinition.java:73)
at ✽.User sends HTTPS Request and request Body for Assignment Module from excel "AssignmentModule" and 2(file:///C:/Users/kodai/eclipse-workspace/RestAssured_Project/src/test/resources/features/4_Assignment.feature:23)
]]>
            </full-stacktrace>
          </exception> <!-- java.io.FileNotFoundException -->
          <reporter-output>
          </reporter-output>
        </test-method> <!-- runScenario -->
        <test-method signature="runScenario(io.cucumber.testng.PickleWrapper,io.cucumber.testng.FeatureWrapper)[pri:0, instance:api.runner.TestRunner@304bb45b]" started-at="2023-09-23T12:18:57 EDT" name="runScenario" description="Runs Cucumber Scenarios" data-provider="scenarios" finished-at="2023-09-23T12:18:57 EDT" duration-ms="44" status="FAIL">
          <params>
            <param index="0">
              <value>
                <![CDATA["Check if user able to add a record missing assignment name in request body for Assignment Module"]]>
              </value>
            </param>
            <param index="1">
              <value>
                <![CDATA["CURD Operations for Assignment Module"]]>
              </value>
            </param>
          </params>
          <exception class="java.io.FileNotFoundException">
            <message>
              <![CDATA[C:\Users\User\eclipse-workspace\Team12-Api-CodeWarriors\src\test\resources\testdata\Team12-APICodeWarriors_TestData.xlsx (The system cannot find the path specified)]]>
            </message>
            <full-stacktrace>
              <![CDATA[java.io.FileNotFoundException: C:\Users\User\eclipse-workspace\Team12-Api-CodeWarriors\src\test\resources\testdata\Team12-APICodeWarriors_TestData.xlsx (The system cannot find the path specified)
at java.base/java.io.FileInputStream.open0(Native Method)
at java.base/java.io.FileInputStream.open(FileInputStream.java:216)
at java.base/java.io.FileInputStream.<init>(FileInputStream.java:157)
at java.base/java.io.FileInputStream.<init>(FileInputStream.java:111)
at api.utilities.XLUtility.getRowCount(XLUtility.java:31)
at api.stepdefinitions.Assignment_Stepdefinition.getAllData(Assignment_Stepdefinition.java:838)
at api.stepdefinitions.Assignment_Stepdefinition.user_sends_https_request_and_request_body_for_assignment_module_from_excel__1and(Assignment_Stepdefinition.java:73)
at ✽.User sends HTTPS Request and request Body for Assignment Module from excel "AssignmentModule" and 3(file:///C:/Users/kodai/eclipse-workspace/RestAssured_Project/src/test/resources/features/4_Assignment.feature:33)
]]>
            </full-stacktrace>
          </exception> <!-- java.io.FileNotFoundException -->
          <reporter-output>
          </reporter-output>
        </test-method> <!-- runScenario -->
        <test-method signature="runScenario(io.cucumber.testng.PickleWrapper,io.cucumber.testng.FeatureWrapper)[pri:0, instance:api.runner.TestRunner@304bb45b]" started-at="2023-09-23T12:18:57 EDT" name="runScenario" description="Runs Cucumber Scenarios" data-provider="scenarios" finished-at="2023-09-23T12:18:57 EDT" duration-ms="55" status="FAIL">
          <params>
            <param index="0">
              <value>
                <![CDATA["Check if user able to add a record missing mandatory assignment description in request body for Assignment Module"]]>
              </value>
            </param>
            <param index="1">
              <value>
                <![CDATA["CURD Operations for Assignment Module"]]>
              </value>
            </param>
          </params>
          <exception class="java.io.FileNotFoundException">
            <message>
              <![CDATA[C:\Users\User\eclipse-workspace\Team12-Api-CodeWarriors\src\test\resources\testdata\Team12-APICodeWarriors_TestData.xlsx (The system cannot find the path specified)]]>
            </message>
            <full-stacktrace>
              <![CDATA[java.io.FileNotFoundException: C:\Users\User\eclipse-workspace\Team12-Api-CodeWarriors\src\test\resources\testdata\Team12-APICodeWarriors_TestData.xlsx (The system cannot find the path specified)
at java.base/java.io.FileInputStream.open0(Native Method)
at java.base/java.io.FileInputStream.open(FileInputStream.java:216)
at java.base/java.io.FileInputStream.<init>(FileInputStream.java:157)
at java.base/java.io.FileInputStream.<init>(FileInputStream.java:111)
at api.utilities.XLUtility.getRowCount(XLUtility.java:31)
at api.stepdefinitions.Assignment_Stepdefinition.getAllData(Assignment_Stepdefinition.java:838)
at api.stepdefinitions.Assignment_Stepdefinition.user_sends_https_request_and_request_body_for_assignment_module_from_excel__1and(Assignment_Stepdefinition.java:73)
at ✽.User sends HTTPS Request and request Body for Assignment Module from excel "AssignmentModule" and 4(file:///C:/Users/kodai/eclipse-workspace/RestAssured_Project/src/test/resources/features/4_Assignment.feature:43)
]]>
            </full-stacktrace>
          </exception> <!-- java.io.FileNotFoundException -->
          <reporter-output>
          </reporter-output>
        </test-method> <!-- runScenario -->
        <test-method signature="runScenario(io.cucumber.testng.PickleWrapper,io.cucumber.testng.FeatureWrapper)[pri:0, instance:api.runner.TestRunner@304bb45b]" started-at="2023-09-23T12:18:57 EDT" name="runScenario" description="Runs Cucumber Scenarios" data-provider="scenarios" finished-at="2023-09-23T12:18:57 EDT" duration-ms="49" status="FAIL">
          <params>
            <param index="0">
              <value>
                <![CDATA["Check if user able to add a record with invalid fields in request body for Assignment Module"]]>
              </value>
            </param>
            <param index="1">
              <value>
                <![CDATA["CURD Operations for Assignment Module"]]>
              </value>
            </param>
          </params>
          <exception class="java.io.FileNotFoundException">
            <message>
              <![CDATA[C:\Users\User\eclipse-workspace\Team12-Api-CodeWarriors\src\test\resources\testdata\Team12-APICodeWarriors_TestData.xlsx (The system cannot find the path specified)]]>
            </message>
            <full-stacktrace>
              <![CDATA[java.io.FileNotFoundException: C:\Users\User\eclipse-workspace\Team12-Api-CodeWarriors\src\test\resources\testdata\Team12-APICodeWarriors_TestData.xlsx (The system cannot find the path specified)
at java.base/java.io.FileInputStream.open0(Native Method)
at java.base/java.io.FileInputStream.open(FileInputStream.java:216)
at java.base/java.io.FileInputStream.<init>(FileInputStream.java:157)
at java.base/java.io.FileInputStream.<init>(FileInputStream.java:111)
at api.utilities.XLUtility.getRowCount(XLUtility.java:31)
at api.stepdefinitions.Assignment_Stepdefinition.getAllData(Assignment_Stepdefinition.java:838)
at api.stepdefinitions.Assignment_Stepdefinition.user_sends_https_request_and_request_body_for_assignment_module_from_excel__1and(Assignment_Stepdefinition.java:73)
at ✽.User sends HTTPS Request and request Body for Assignment Module from excel "AssignmentModule" and 5(file:///C:/Users/kodai/eclipse-workspace/RestAssured_Project/src/test/resources/features/4_Assignment.feature:53)
]]>
            </full-stacktrace>
          </exception> <!-- java.io.FileNotFoundException -->
          <reporter-output>
          </reporter-output>
        </test-method> <!-- runScenario -->
        <test-method signature="runScenario(io.cucumber.testng.PickleWrapper,io.cucumber.testng.FeatureWrapper)[pri:0, instance:api.runner.TestRunner@304bb45b]" started-at="2023-09-23T12:18:57 EDT" name="runScenario" description="Runs Cucumber Scenarios" data-provider="scenarios" finished-at="2023-09-23T12:18:57 EDT" duration-ms="46" status="FAIL">
          <params>
            <param index="0">
              <value>
                <![CDATA["Check if user able to add a record with invalid fields in request body for Assignment Module"]]>
              </value>
            </param>
            <param index="1">
              <value>
                <![CDATA["CURD Operations for Assignment Module"]]>
              </value>
            </param>
          </params>
          <exception class="java.io.FileNotFoundException">
            <message>
              <![CDATA[C:\Users\User\eclipse-workspace\Team12-Api-CodeWarriors\src\test\resources\testdata\Team12-APICodeWarriors_TestData.xlsx (The system cannot find the path specified)]]>
            </message>
            <full-stacktrace>
              <![CDATA[java.io.FileNotFoundException: C:\Users\User\eclipse-workspace\Team12-Api-CodeWarriors\src\test\resources\testdata\Team12-APICodeWarriors_TestData.xlsx (The system cannot find the path specified)
at java.base/java.io.FileInputStream.open0(Native Method)
at java.base/java.io.FileInputStream.open(FileInputStream.java:216)
at java.base/java.io.FileInputStream.<init>(FileInputStream.java:157)
at java.base/java.io.FileInputStream.<init>(FileInputStream.java:111)
at api.utilities.XLUtility.getRowCount(XLUtility.java:31)
at api.stepdefinitions.Assignment_Stepdefinition.getAllData(Assignment_Stepdefinition.java:838)
at api.stepdefinitions.Assignment_Stepdefinition.user_sends_https_request_and_request_body_for_assignment_module_from_excel__1and(Assignment_Stepdefinition.java:73)
at ✽.User sends HTTPS Request and request Body for Assignment Module from excel "AssignmentModule" and 6(file:///C:/Users/kodai/eclipse-workspace/RestAssured_Project/src/test/resources/features/4_Assignment.feature:63)
]]>
            </full-stacktrace>
          </exception> <!-- java.io.FileNotFoundException -->
          <reporter-output>
          </reporter-output>
        </test-method> <!-- runScenario -->
        <test-method signature="runScenario(io.cucumber.testng.PickleWrapper,io.cucumber.testng.FeatureWrapper)[pri:0, instance:api.runner.TestRunner@304bb45b]" started-at="2023-09-23T12:18:57 EDT" name="runScenario" description="Runs Cucumber Scenarios" data-provider="scenarios" finished-at="2023-09-23T12:18:57 EDT" duration-ms="38" status="FAIL">
          <params>
            <param index="0">
              <value>
                <![CDATA["Check if user able to add a record with invalid fields in request body for Assignment Module"]]>
              </value>
            </param>
            <param index="1">
              <value>
                <![CDATA["CURD Operations for Assignment Module"]]>
              </value>
            </param>
          </params>
          <exception class="java.io.FileNotFoundException">
            <message>
              <![CDATA[C:\Users\User\eclipse-workspace\Team12-Api-CodeWarriors\src\test\resources\testdata\Team12-APICodeWarriors_TestData.xlsx (The system cannot find the path specified)]]>
            </message>
            <full-stacktrace>
              <![CDATA[java.io.FileNotFoundException: C:\Users\User\eclipse-workspace\Team12-Api-CodeWarriors\src\test\resources\testdata\Team12-APICodeWarriors_TestData.xlsx (The system cannot find the path specified)
at java.base/java.io.FileInputStream.open0(Native Method)
at java.base/java.io.FileInputStream.open(FileInputStream.java:216)
at java.base/java.io.FileInputStream.<init>(FileInputStream.java:157)
at java.base/java.io.FileInputStream.<init>(FileInputStream.java:111)
at api.utilities.XLUtility.getRowCount(XLUtility.java:31)
at api.stepdefinitions.Assignment_Stepdefinition.getAllData(Assignment_Stepdefinition.java:838)
at api.stepdefinitions.Assignment_Stepdefinition.user_sends_https_request_and_request_body_for_assignment_module_from_excel__1and(Assignment_Stepdefinition.java:73)
at ✽.User sends HTTPS Request and request Body for Assignment Module from excel "AssignmentModule" and 7(file:///C:/Users/kodai/eclipse-workspace/RestAssured_Project/src/test/resources/features/4_Assignment.feature:73)
]]>
            </full-stacktrace>
          </exception> <!-- java.io.FileNotFoundException -->
          <reporter-output>
          </reporter-output>
        </test-method> <!-- runScenario -->
        <test-method signature="runScenario(io.cucumber.testng.PickleWrapper,io.cucumber.testng.FeatureWrapper)[pri:0, instance:api.runner.TestRunner@304bb45b]" started-at="2023-09-23T12:18:57 EDT" name="runScenario" description="Runs Cucumber Scenarios" data-provider="scenarios" finished-at="2023-09-23T12:19:02 EDT" duration-ms="5207" status="FAIL">
          <params>
            <param index="0">
              <value>
                <![CDATA["Check if user able to retrieve a record with valid LMS API for Assignment Module"]]>
              </value>
            </param>
            <param index="1">
              <value>
                <![CDATA["CURD Operations for Assignment Module"]]>
              </value>
            </param>
          </params>
          <exception class="io.restassured.path.json.exception.JsonPathException">
            <message>
              <![CDATA[Failed to parse the JSON document]]>
            </message>
            <full-stacktrace>
              <![CDATA[io.restassured.path.json.exception.JsonPathException: Failed to parse the JSON document
at io.restassured.path.json.JsonPath$ExceptionCatcher.invoke(JsonPath.java:1002)
at io.restassured.path.json.JsonPath$4.doParseWith(JsonPath.java:967)
at io.restassured.path.json.JsonPath$JsonParser.parseWith(JsonPath.java:1047)
at io.restassured.path.json.JsonPath.get(JsonPath.java:202)
at io.restassured.path.json.JsonPath.getInt(JsonPath.java:237)
at api.stepdefinitions.Assignment_Stepdefinition.user_sends_https_request_for_getting_all_assignments_1(Assignment_Stepdefinition.java:271)
at ✽.User sends HTTPS Request for getting all assignments(file:///C:/Users/kodai/eclipse-workspace/RestAssured_Project/src/test/resources/features/4_Assignment.feature:83)
Caused by: groovy.json.JsonException: Lexing failed on line: 1, column: 1, while reading '<', no possible valid JSON value or punctuation could be recognized.
at groovy.json.JsonLexer.nextToken(JsonLexer.java:86)
at groovy.json.JsonLexer$nextToken.call(Unknown Source)
at io.restassured.internal.path.json.ConfigurableJsonSlurper.parse(ConfigurableJsonSlurper.groovy:97)
at io.restassured.internal.path.json.ConfigurableJsonSlurper$parse.callCurrent(Unknown Source)
at io.restassured.internal.path.json.ConfigurableJsonSlurper.parseText(ConfigurableJsonSlurper.groovy:83)
at io.restassured.path.json.JsonPath$4$1.method(JsonPath.java:965)
at io.restassured.path.json.JsonPath$ExceptionCatcher.invoke(JsonPath.java:1000)
at io.restassured.path.json.JsonPath$4.doParseWith(JsonPath.java:967)
at io.restassured.path.json.JsonPath$JsonParser.parseWith(JsonPath.java:1047)
at io.restassured.path.json.JsonPath.get(JsonPath.java:202)
at io.restassured.path.json.JsonPath.getInt(JsonPath.java:237)
at api.stepdefinitions.Assignment_Stepdefinition.user_sends_https_request_for_getting_all_assignments_1(Assignment_Stepdefinition.java:271)
at java.base/jdk.internal.reflect.NativeMethodAccessorImpl.invoke0(Native Method)
at java.base/jdk.internal.reflect.NativeMethodAccessorImpl.invoke(NativeMethodAccessorImpl.java:77)
at java.base/jdk.internal.reflect.DelegatingMethodAccessorImpl.invoke(DelegatingMethodAccessorImpl.java:43)
at java.base/java.lang.reflect.Method.invoke(Method.java:568)
at io.cucumber.java.Invoker.doInvoke(Invoker.java:66)
at io.cucumber.java.Invoker.invoke(Invoker.java:24)
at io.cucumber.java.AbstractGlueDefinition.invokeMethod(AbstractGlueDefinition.java:47)
at io.cucumber.java.JavaStepDefinition.execute(JavaStepDefinition.java:29)
at io.cucumber.core.runner.CoreStepDefinition.execute(CoreStepDefinition.java:66)
at io.cucumber.core.runner.PickleStepDefinitionMatch.runStep(PickleStepDefinitionMatch.java:63)
at io.cucumber.core.runner.ExecutionMode$1.execute(ExecutionMode.java:10)
at io.cucumber.core.runner.TestStep.executeStep(TestStep.java:85)
at io.cucumber.core.runner.TestStep.run(TestStep.java:57)
at io.cucumber.core.runner.PickleStepTestStep.run(PickleStepTestStep.java:51)
at io.cucumber.core.runner.TestCase.run(TestCase.java:84)
at io.cucumber.core.runner.Runner.runPickle(Runner.java:75)
at io.cucumber.testng.TestNGCucumberRunner.lambda$runScenario$1(TestNGCucumberRunner.java:132)
at io.cucumber.core.runtime.CucumberExecutionContext.lambda$runTestCase$5(CucumberExecutionContext.java:129)
at io.cucumber.core.runtime.RethrowingThrowableCollector.executeAndThrow(RethrowingThrowableCollector.java:23)
at io.cucumber.core.runtime.CucumberExecutionContext.runTestCase(CucumberExecutionContext.java:129)
at io.cucumber.testng.TestNGCucumberRunner.runScenario(TestNGCucumberRunner.java:129)
at io.cucumber.testng.AbstractTestNGCucumberTests.runScenario(AbstractTestNGCucumberTests.java:35)
at jdk.internal.reflect.GeneratedMethodAccessor161.invoke(Unknown Source)
at java.base/jdk.internal.reflect.DelegatingMethodAccessorImpl.invoke(DelegatingMethodAccessorImpl.java:43)
at java.base/java.lang.reflect.Method.invoke(Method.java:568)
at org.testng.internal.invokers.MethodInvocationHelper.invokeMethod(MethodInvocationHelper.java:139)
at org.testng.internal.invokers.TestInvoker.invokeMethod(TestInvoker.java:677)
at org.testng.internal.invokers.TestInvoker.invokeTestMethod(TestInvoker.java:221)
at org.testng.internal.invokers.MethodRunner.runInSequence(MethodRunner.java:50)
at org.testng.internal.invokers.TestInvoker$MethodInvocationAgent.invoke(TestInvoker.java:969)
at org.testng.internal.invokers.TestInvoker.invokeTestMethods(TestInvoker.java:194)
at org.testng.internal.invokers.TestMethodWorker.invokeTestMethods(TestMethodWorker.java:148)
at org.testng.internal.invokers.TestMethodWorker.run(TestMethodWorker.java:128)
at java.base/java.util.ArrayList.forEach(ArrayList.java:1511)
at org.testng.TestRunner.privateRun(TestRunner.java:829)
at org.testng.TestRunner.run(TestRunner.java:602)
at org.testng.SuiteRunner.runTest(SuiteRunner.java:437)
at org.testng.SuiteRunner.runSequentially(SuiteRunner.java:431)
at org.testng.SuiteRunner.privateRun(SuiteRunner.java:391)
at org.testng.SuiteRunner.run(SuiteRunner.java:330)
at org.testng.SuiteRunnerWorker.runSuite(SuiteRunnerWorker.java:52)
at org.testng.SuiteRunnerWorker.run(SuiteRunnerWorker.java:95)
at org.testng.TestNG.runSuitesSequentially(TestNG.java:1256)
at org.testng.TestNG.runSuitesLocally(TestNG.java:1176)
at org.testng.TestNG.runSuites(TestNG.java:1099)
at org.testng.TestNG.run(TestNG.java:1067)
at org.testng.remote.AbstractRemoteTestNG.run(AbstractRemoteTestNG.java:115)
at org.testng.remote.RemoteTestNG.initAndRun(RemoteTestNG.java:251)
at org.testng.remote.RemoteTestNG.main(RemoteTestNG.java:77)
]]>
            </full-stacktrace>
          </exception> <!-- io.restassured.path.json.exception.JsonPathException -->
          <reporter-output>
          </reporter-output>
        </test-method> <!-- runScenario -->
        <test-method signature="runScenario(io.cucumber.testng.PickleWrapper,io.cucumber.testng.FeatureWrapper)[pri:0, instance:api.runner.TestRunner@304bb45b]" started-at="2023-09-23T12:19:02 EDT" name="runScenario" description="Runs Cucumber Scenarios" data-provider="scenarios" finished-at="2023-09-23T12:19:07 EDT" duration-ms="5214" status="FAIL">
          <params>
            <param index="0">
              <value>
                <![CDATA["Check if user able to retrieve a record with invalid LMS API endpoint for Assignment Module"]]>
              </value>
            </param>
            <param index="1">
              <value>
                <![CDATA["CURD Operations for Assignment Module"]]>
              </value>
            </param>
          </params>
          <exception class="java.lang.AssertionError">
            <message>
              <![CDATA[expected [404] but found [503]]]>
            </message>
            <full-stacktrace>
              <![CDATA[java.lang.AssertionError: expected [404] but found [503]
at org.testng.Assert.fail(Assert.java:110)
at org.testng.Assert.failNotEquals(Assert.java:1577)
at org.testng.Assert.assertEqualsImpl(Assert.java:149)
at org.testng.Assert.assertEquals(Assert.java:131)
at org.testng.Assert.assertEquals(Assert.java:1418)
at org.testng.Assert.assertEquals(Assert.java:1382)
at org.testng.Assert.assertEquals(Assert.java:1428)
at api.stepdefinitions.Assignment_Stepdefinition.user_should_receives_not_found_status_with_error_message_1(Assignment_Stepdefinition.java:338)
at ✽.User should receives 404 Not Found status with error message(file:///C:/Users/kodai/eclipse-workspace/RestAssured_Project/src/test/resources/features/4_Assignment.feature:90)
]]>
            </full-stacktrace>
          </exception> <!-- java.lang.AssertionError -->
          <reporter-output>
          </reporter-output>
        </test-method> <!-- runScenario -->
        <test-method signature="runScenario(io.cucumber.testng.PickleWrapper,io.cucumber.testng.FeatureWrapper)[pri:0, instance:api.runner.TestRunner@304bb45b]" started-at="2023-09-23T12:19:07 EDT" name="runScenario" description="Runs Cucumber Scenarios" data-provider="scenarios" finished-at="2023-09-23T12:19:12 EDT" duration-ms="5221" status="FAIL">
          <params>
            <param index="0">
              <value>
                <![CDATA["Check if user able to retrieve a record with valid Assignment ID for Assignment Module"]]>
              </value>
            </param>
            <param index="1">
              <value>
                <![CDATA["CURD Operations for Assignment Module"]]>
              </value>
            </param>
          </params>
          <exception class="io.restassured.path.json.exception.JsonPathException">
            <message>
              <![CDATA[Failed to parse the JSON document]]>
            </message>
            <full-stacktrace>
              <![CDATA[io.restassured.path.json.exception.JsonPathException: Failed to parse the JSON document
at io.restassured.path.json.JsonPath$ExceptionCatcher.invoke(JsonPath.java:1002)
at io.restassured.path.json.JsonPath$4.doParseWith(JsonPath.java:967)
at io.restassured.path.json.JsonPath$JsonParser.parseWith(JsonPath.java:1047)
at io.restassured.path.json.JsonPath.get(JsonPath.java:202)
at io.restassured.path.json.JsonPath.getInt(JsonPath.java:237)
at api.stepdefinitions.Assignment_Stepdefinition.user_sends_https_request_for_getting_all_assignments_by_assignment_id_1(Assignment_Stepdefinition.java:361)
at ✽.User sends HTTPS Request for getting all assignments by assignment id(file:///C:/Users/kodai/eclipse-workspace/RestAssured_Project/src/test/resources/features/4_Assignment.feature:95)
Caused by: groovy.json.JsonException: Lexing failed on line: 1, column: 1, while reading '<', no possible valid JSON value or punctuation could be recognized.
at groovy.json.JsonLexer.nextToken(JsonLexer.java:86)
at groovy.json.JsonLexer$nextToken.call(Unknown Source)
at io.restassured.internal.path.json.ConfigurableJsonSlurper.parse(ConfigurableJsonSlurper.groovy:97)
at io.restassured.internal.path.json.ConfigurableJsonSlurper$parse.callCurrent(Unknown Source)
at io.restassured.internal.path.json.ConfigurableJsonSlurper.parseText(ConfigurableJsonSlurper.groovy:83)
at io.restassured.path.json.JsonPath$4$1.method(JsonPath.java:965)
at io.restassured.path.json.JsonPath$ExceptionCatcher.invoke(JsonPath.java:1000)
at io.restassured.path.json.JsonPath$4.doParseWith(JsonPath.java:967)
at io.restassured.path.json.JsonPath$JsonParser.parseWith(JsonPath.java:1047)
at io.restassured.path.json.JsonPath.get(JsonPath.java:202)
at io.restassured.path.json.JsonPath.getInt(JsonPath.java:237)
at api.stepdefinitions.Assignment_Stepdefinition.user_sends_https_request_for_getting_all_assignments_by_assignment_id_1(Assignment_Stepdefinition.java:361)
at java.base/jdk.internal.reflect.NativeMethodAccessorImpl.invoke0(Native Method)
at java.base/jdk.internal.reflect.NativeMethodAccessorImpl.invoke(NativeMethodAccessorImpl.java:77)
at java.base/jdk.internal.reflect.DelegatingMethodAccessorImpl.invoke(DelegatingMethodAccessorImpl.java:43)
at java.base/java.lang.reflect.Method.invoke(Method.java:568)
at io.cucumber.java.Invoker.doInvoke(Invoker.java:66)
at io.cucumber.java.Invoker.invoke(Invoker.java:24)
at io.cucumber.java.AbstractGlueDefinition.invokeMethod(AbstractGlueDefinition.java:47)
at io.cucumber.java.JavaStepDefinition.execute(JavaStepDefinition.java:29)
at io.cucumber.core.runner.CoreStepDefinition.execute(CoreStepDefinition.java:66)
at io.cucumber.core.runner.PickleStepDefinitionMatch.runStep(PickleStepDefinitionMatch.java:63)
at io.cucumber.core.runner.ExecutionMode$1.execute(ExecutionMode.java:10)
at io.cucumber.core.runner.TestStep.executeStep(TestStep.java:85)
at io.cucumber.core.runner.TestStep.run(TestStep.java:57)
at io.cucumber.core.runner.PickleStepTestStep.run(PickleStepTestStep.java:51)
at io.cucumber.core.runner.TestCase.run(TestCase.java:84)
at io.cucumber.core.runner.Runner.runPickle(Runner.java:75)
at io.cucumber.testng.TestNGCucumberRunner.lambda$runScenario$1(TestNGCucumberRunner.java:132)
at io.cucumber.core.runtime.CucumberExecutionContext.lambda$runTestCase$5(CucumberExecutionContext.java:129)
at io.cucumber.core.runtime.RethrowingThrowableCollector.executeAndThrow(RethrowingThrowableCollector.java:23)
at io.cucumber.core.runtime.CucumberExecutionContext.runTestCase(CucumberExecutionContext.java:129)
at io.cucumber.testng.TestNGCucumberRunner.runScenario(TestNGCucumberRunner.java:129)
at io.cucumber.testng.AbstractTestNGCucumberTests.runScenario(AbstractTestNGCucumberTests.java:35)
at jdk.internal.reflect.GeneratedMethodAccessor161.invoke(Unknown Source)
at java.base/jdk.internal.reflect.DelegatingMethodAccessorImpl.invoke(DelegatingMethodAccessorImpl.java:43)
at java.base/java.lang.reflect.Method.invoke(Method.java:568)
at org.testng.internal.invokers.MethodInvocationHelper.invokeMethod(MethodInvocationHelper.java:139)
at org.testng.internal.invokers.TestInvoker.invokeMethod(TestInvoker.java:677)
at org.testng.internal.invokers.TestInvoker.invokeTestMethod(TestInvoker.java:221)
at org.testng.internal.invokers.MethodRunner.runInSequence(MethodRunner.java:50)
at org.testng.internal.invokers.TestInvoker$MethodInvocationAgent.invoke(TestInvoker.java:969)
at org.testng.internal.invokers.TestInvoker.invokeTestMethods(TestInvoker.java:194)
at org.testng.internal.invokers.TestMethodWorker.invokeTestMethods(TestMethodWorker.java:148)
at org.testng.internal.invokers.TestMethodWorker.run(TestMethodWorker.java:128)
at java.base/java.util.ArrayList.forEach(ArrayList.java:1511)
at org.testng.TestRunner.privateRun(TestRunner.java:829)
at org.testng.TestRunner.run(TestRunner.java:602)
at org.testng.SuiteRunner.runTest(SuiteRunner.java:437)
at org.testng.SuiteRunner.runSequentially(SuiteRunner.java:431)
at org.testng.SuiteRunner.privateRun(SuiteRunner.java:391)
at org.testng.SuiteRunner.run(SuiteRunner.java:330)
at org.testng.SuiteRunnerWorker.runSuite(SuiteRunnerWorker.java:52)
at org.testng.SuiteRunnerWorker.run(SuiteRunnerWorker.java:95)
at org.testng.TestNG.runSuitesSequentially(TestNG.java:1256)
at org.testng.TestNG.runSuitesLocally(TestNG.java:1176)
at org.testng.TestNG.runSuites(TestNG.java:1099)
at org.testng.TestNG.run(TestNG.java:1067)
at org.testng.remote.AbstractRemoteTestNG.run(AbstractRemoteTestNG.java:115)
at org.testng.remote.RemoteTestNG.initAndRun(RemoteTestNG.java:251)
at org.testng.remote.RemoteTestNG.main(RemoteTestNG.java:77)
]]>
            </full-stacktrace>
          </exception> <!-- io.restassured.path.json.exception.JsonPathException -->
          <reporter-output>
          </reporter-output>
        </test-method> <!-- runScenario -->
        <test-method signature="runScenario(io.cucumber.testng.PickleWrapper,io.cucumber.testng.FeatureWrapper)[pri:0, instance:api.runner.TestRunner@304bb45b]" started-at="2023-09-23T12:19:12 EDT" name="runScenario" description="Runs Cucumber Scenarios" data-provider="scenarios" finished-at="2023-09-23T12:19:18 EDT" duration-ms="5250" status="FAIL">
          <params>
            <param index="0">
              <value>
                <![CDATA["Check if user able to retrieve a record with invalid Assignment ID for Assignment Module"]]>
              </value>
            </param>
            <param index="1">
              <value>
                <![CDATA["CURD Operations for Assignment Module"]]>
              </value>
            </param>
          </params>
          <exception class="java.lang.AssertionError">
            <message>
              <![CDATA[expected [404] but found [503]]]>
            </message>
            <full-stacktrace>
              <![CDATA[java.lang.AssertionError: expected [404] but found [503]
at org.testng.Assert.fail(Assert.java:110)
at org.testng.Assert.failNotEquals(Assert.java:1577)
at org.testng.Assert.assertEqualsImpl(Assert.java:149)
at org.testng.Assert.assertEquals(Assert.java:131)
at org.testng.Assert.assertEquals(Assert.java:1418)
at org.testng.Assert.assertEquals(Assert.java:1382)
at org.testng.Assert.assertEquals(Assert.java:1428)
at api.stepdefinitions.Assignment_Stepdefinition.user_receives_not_found_status_with_message_and_boolean_success_details_for_invalid_assignment_id_1(Assignment_Stepdefinition.java:425)
at ✽.User receives 404 Not Found Status with message and boolean success details for invalid assignment Id(file:///C:/Users/kodai/eclipse-workspace/RestAssured_Project/src/test/resources/features/4_Assignment.feature:102)
]]>
            </full-stacktrace>
          </exception> <!-- java.lang.AssertionError -->
          <reporter-output>
          </reporter-output>
        </test-method> <!-- runScenario -->
        <test-method signature="runScenario(io.cucumber.testng.PickleWrapper,io.cucumber.testng.FeatureWrapper)[pri:0, instance:api.runner.TestRunner@304bb45b]" started-at="2023-09-23T12:19:18 EDT" name="runScenario" description="Runs Cucumber Scenarios" data-provider="scenarios" finished-at="2023-09-23T12:19:23 EDT" duration-ms="5210" status="FAIL">
          <params>
            <param index="0">
              <value>
                <![CDATA["Check if user able to retrieve a record with valid BATCH ID for Assignment Module"]]>
              </value>
            </param>
            <param index="1">
              <value>
                <![CDATA["CURD Operations for Assignment Module"]]>
              </value>
            </param>
          </params>
          <exception class="io.restassured.path.json.exception.JsonPathException">
            <message>
              <![CDATA[Failed to parse the JSON document]]>
            </message>
            <full-stacktrace>
              <![CDATA[io.restassured.path.json.exception.JsonPathException: Failed to parse the JSON document
at io.restassured.path.json.JsonPath$ExceptionCatcher.invoke(JsonPath.java:1002)
at io.restassured.path.json.JsonPath$4.doParseWith(JsonPath.java:967)
at io.restassured.path.json.JsonPath$JsonParser.parseWith(JsonPath.java:1047)
at io.restassured.path.json.JsonPath.get(JsonPath.java:202)
at io.restassured.path.json.JsonPath.getInt(JsonPath.java:237)
at api.stepdefinitions.Assignment_Stepdefinition.user_receives_ok_status_with_response_body_for_assignment_module_for_valid_batch_id_1(Assignment_Stepdefinition.java:463)
at ✽.User receives 200 OK Status with response body for Assignment Module for valid batch id(file:///C:/Users/kodai/eclipse-workspace/RestAssured_Project/src/test/resources/features/4_Assignment.feature:108)
Caused by: groovy.json.JsonException: Lexing failed on line: 1, column: 1, while reading '<', no possible valid JSON value or punctuation could be recognized.
at groovy.json.JsonLexer.nextToken(JsonLexer.java:86)
at groovy.json.JsonLexer$nextToken.call(Unknown Source)
at io.restassured.internal.path.json.ConfigurableJsonSlurper.parse(ConfigurableJsonSlurper.groovy:97)
at io.restassured.internal.path.json.ConfigurableJsonSlurper$parse.callCurrent(Unknown Source)
at io.restassured.internal.path.json.ConfigurableJsonSlurper.parseText(ConfigurableJsonSlurper.groovy:83)
at io.restassured.path.json.JsonPath$4$1.method(JsonPath.java:965)
at io.restassured.path.json.JsonPath$ExceptionCatcher.invoke(JsonPath.java:1000)
at io.restassured.path.json.JsonPath$4.doParseWith(JsonPath.java:967)
at io.restassured.path.json.JsonPath$JsonParser.parseWith(JsonPath.java:1047)
at io.restassured.path.json.JsonPath.get(JsonPath.java:202)
at io.restassured.path.json.JsonPath.getInt(JsonPath.java:237)
at api.stepdefinitions.Assignment_Stepdefinition.user_receives_ok_status_with_response_body_for_assignment_module_for_valid_batch_id_1(Assignment_Stepdefinition.java:463)
at java.base/jdk.internal.reflect.NativeMethodAccessorImpl.invoke0(Native Method)
at java.base/jdk.internal.reflect.NativeMethodAccessorImpl.invoke(NativeMethodAccessorImpl.java:77)
at java.base/jdk.internal.reflect.DelegatingMethodAccessorImpl.invoke(DelegatingMethodAccessorImpl.java:43)
at java.base/java.lang.reflect.Method.invoke(Method.java:568)
at io.cucumber.java.Invoker.doInvoke(Invoker.java:66)
at io.cucumber.java.Invoker.invoke(Invoker.java:24)
at io.cucumber.java.AbstractGlueDefinition.invokeMethod(AbstractGlueDefinition.java:47)
at io.cucumber.java.JavaStepDefinition.execute(JavaStepDefinition.java:29)
at io.cucumber.core.runner.CoreStepDefinition.execute(CoreStepDefinition.java:66)
at io.cucumber.core.runner.PickleStepDefinitionMatch.runStep(PickleStepDefinitionMatch.java:63)
at io.cucumber.core.runner.ExecutionMode$1.execute(ExecutionMode.java:10)
at io.cucumber.core.runner.TestStep.executeStep(TestStep.java:85)
at io.cucumber.core.runner.TestStep.run(TestStep.java:57)
at io.cucumber.core.runner.PickleStepTestStep.run(PickleStepTestStep.java:51)
at io.cucumber.core.runner.TestCase.run(TestCase.java:84)
at io.cucumber.core.runner.Runner.runPickle(Runner.java:75)
at io.cucumber.testng.TestNGCucumberRunner.lambda$runScenario$1(TestNGCucumberRunner.java:132)
at io.cucumber.core.runtime.CucumberExecutionContext.lambda$runTestCase$5(CucumberExecutionContext.java:129)
at io.cucumber.core.runtime.RethrowingThrowableCollector.executeAndThrow(RethrowingThrowableCollector.java:23)
at io.cucumber.core.runtime.CucumberExecutionContext.runTestCase(CucumberExecutionContext.java:129)
at io.cucumber.testng.TestNGCucumberRunner.runScenario(TestNGCucumberRunner.java:129)
at io.cucumber.testng.AbstractTestNGCucumberTests.runScenario(AbstractTestNGCucumberTests.java:35)
at jdk.internal.reflect.GeneratedMethodAccessor161.invoke(Unknown Source)
at java.base/jdk.internal.reflect.DelegatingMethodAccessorImpl.invoke(DelegatingMethodAccessorImpl.java:43)
at java.base/java.lang.reflect.Method.invoke(Method.java:568)
at org.testng.internal.invokers.MethodInvocationHelper.invokeMethod(MethodInvocationHelper.java:139)
at org.testng.internal.invokers.TestInvoker.invokeMethod(TestInvoker.java:677)
at org.testng.internal.invokers.TestInvoker.invokeTestMethod(TestInvoker.java:221)
at org.testng.internal.invokers.MethodRunner.runInSequence(MethodRunner.java:50)
at org.testng.internal.invokers.TestInvoker$MethodInvocationAgent.invoke(TestInvoker.java:969)
at org.testng.internal.invokers.TestInvoker.invokeTestMethods(TestInvoker.java:194)
at org.testng.internal.invokers.TestMethodWorker.invokeTestMethods(TestMethodWorker.java:148)
at org.testng.internal.invokers.TestMethodWorker.run(TestMethodWorker.java:128)
at java.base/java.util.ArrayList.forEach(ArrayList.java:1511)
at org.testng.TestRunner.privateRun(TestRunner.java:829)
at org.testng.TestRunner.run(TestRunner.java:602)
at org.testng.SuiteRunner.runTest(SuiteRunner.java:437)
at org.testng.SuiteRunner.runSequentially(SuiteRunner.java:431)
at org.testng.SuiteRunner.privateRun(SuiteRunner.java:391)
at org.testng.SuiteRunner.run(SuiteRunner.java:330)
at org.testng.SuiteRunnerWorker.runSuite(SuiteRunnerWorker.java:52)
at org.testng.SuiteRunnerWorker.run(SuiteRunnerWorker.java:95)
at org.testng.TestNG.runSuitesSequentially(TestNG.java:1256)
at org.testng.TestNG.runSuitesLocally(TestNG.java:1176)
at org.testng.TestNG.runSuites(TestNG.java:1099)
at org.testng.TestNG.run(TestNG.java:1067)
at org.testng.remote.AbstractRemoteTestNG.run(AbstractRemoteTestNG.java:115)
at org.testng.remote.RemoteTestNG.initAndRun(RemoteTestNG.java:251)
at org.testng.remote.RemoteTestNG.main(RemoteTestNG.java:77)
]]>
            </full-stacktrace>
          </exception> <!-- io.restassured.path.json.exception.JsonPathException -->
          <reporter-output>
          </reporter-output>
        </test-method> <!-- runScenario -->
        <test-method signature="runScenario(io.cucumber.testng.PickleWrapper,io.cucumber.testng.FeatureWrapper)[pri:0, instance:api.runner.TestRunner@304bb45b]" started-at="2023-09-23T12:19:23 EDT" name="runScenario" description="Runs Cucumber Scenarios" data-provider="scenarios" finished-at="2023-09-23T12:19:28 EDT" duration-ms="5183" status="FAIL">
          <params>
            <param index="0">
              <value>
                <![CDATA["Check if user able to retrieve a record with invalid BATCH ID for Assignment Module"]]>
              </value>
            </param>
            <param index="1">
              <value>
                <![CDATA["CURD Operations for Assignment Module"]]>
              </value>
            </param>
          </params>
          <exception class="java.lang.AssertionError">
            <message>
              <![CDATA[expected [404] but found [503]]]>
            </message>
            <full-stacktrace>
              <![CDATA[java.lang.AssertionError: expected [404] but found [503]
at org.testng.Assert.fail(Assert.java:110)
at org.testng.Assert.failNotEquals(Assert.java:1577)
at org.testng.Assert.assertEqualsImpl(Assert.java:149)
at org.testng.Assert.assertEquals(Assert.java:131)
at org.testng.Assert.assertEquals(Assert.java:1418)
at org.testng.Assert.assertEquals(Assert.java:1382)
at org.testng.Assert.assertEquals(Assert.java:1428)
at api.stepdefinitions.Assignment_Stepdefinition.user_receives_not_found_status_with_message_and_boolean_success_details_for_invalid_batch_id_1(Assignment_Stepdefinition.java:523)
at ✽.User receives 404 Not Found Status with message and boolean success details for invalid batch id(file:///C:/Users/kodai/eclipse-workspace/RestAssured_Project/src/test/resources/features/4_Assignment.feature:114)
]]>
            </full-stacktrace>
          </exception> <!-- java.lang.AssertionError -->
          <reporter-output>
          </reporter-output>
        </test-method> <!-- runScenario -->
        <test-method signature="runScenario(io.cucumber.testng.PickleWrapper,io.cucumber.testng.FeatureWrapper)[pri:0, instance:api.runner.TestRunner@304bb45b]" started-at="2023-09-23T12:19:28 EDT" name="runScenario" description="Runs Cucumber Scenarios" data-provider="scenarios" finished-at="2023-09-23T12:19:33 EDT" duration-ms="5206" status="FAIL">
          <params>
            <param index="0">
              <value>
                <![CDATA["Check if user able to retrieve a record with valid BATCH ID with no assignments for Assignment Module"]]>
              </value>
            </param>
            <param index="1">
              <value>
                <![CDATA["CURD Operations for Assignment Module"]]>
              </value>
            </param>
          </params>
          <exception class="java.lang.AssertionError">
            <message>
              <![CDATA[expected [404] but found [503]]]>
            </message>
            <full-stacktrace>
              <![CDATA[java.lang.AssertionError: expected [404] but found [503]
at org.testng.Assert.fail(Assert.java:110)
at org.testng.Assert.failNotEquals(Assert.java:1577)
at org.testng.Assert.assertEqualsImpl(Assert.java:149)
at org.testng.Assert.assertEquals(Assert.java:131)
at org.testng.Assert.assertEquals(Assert.java:1418)
at org.testng.Assert.assertEquals(Assert.java:1382)
at org.testng.Assert.assertEquals(Assert.java:1428)
at api.stepdefinitions.Assignment_Stepdefinition.user_receives_not_found_status_with_message_and_boolean_success_details_for_batch_id_with_no_assignments_1(Assignment_Stepdefinition.java:546)
at ✽.User receives 404 Not Found Status with message and boolean success details for batch id with no assignments(file:///C:/Users/kodai/eclipse-workspace/RestAssured_Project/src/test/resources/features/4_Assignment.feature:120)
]]>
            </full-stacktrace>
          </exception> <!-- java.lang.AssertionError -->
          <reporter-output>
          </reporter-output>
        </test-method> <!-- runScenario -->
        <test-method signature="runScenario(io.cucumber.testng.PickleWrapper,io.cucumber.testng.FeatureWrapper)[pri:0, instance:api.runner.TestRunner@304bb45b]" started-at="2023-09-23T12:19:33 EDT" name="runScenario" description="Runs Cucumber Scenarios" data-provider="scenarios" finished-at="2023-09-23T12:19:39 EDT" duration-ms="5218" status="FAIL">
          <params>
            <param index="0">
              <value>
                <![CDATA["Check if user able to update a record with valid AssignmentID and mandatory request body"]]>
              </value>
            </param>
            <param index="1">
              <value>
                <![CDATA["CURD Operations for Assignment Module"]]>
              </value>
            </param>
          </params>
          <exception class="io.restassured.path.json.exception.JsonPathException">
            <message>
              <![CDATA[Failed to parse the JSON document]]>
            </message>
            <full-stacktrace>
              <![CDATA[io.restassured.path.json.exception.JsonPathException: Failed to parse the JSON document
at io.restassured.path.json.JsonPath$ExceptionCatcher.invoke(JsonPath.java:1002)
at io.restassured.path.json.JsonPath$4.doParseWith(JsonPath.java:967)
at io.restassured.path.json.JsonPath$JsonParser.parseWith(JsonPath.java:1047)
at io.restassured.path.json.JsonPath.get(JsonPath.java:202)
at api.stepdefinitions.Assignment_Stepdefinition.user_receives_ok_status_with_updated_value_in_response_body_for_assignment_module_1(Assignment_Stepdefinition.java:591)
at ✽.User receives 200 OK Status with updated value in response body for Assignment Module(file:///C:/Users/kodai/eclipse-workspace/RestAssured_Project/src/test/resources/features/4_Assignment.feature:126)
Caused by: groovy.json.JsonException: Lexing failed on line: 1, column: 1, while reading '<', no possible valid JSON value or punctuation could be recognized.
at groovy.json.JsonLexer.nextToken(JsonLexer.java:86)
at groovy.json.JsonLexer$nextToken.call(Unknown Source)
at io.restassured.internal.path.json.ConfigurableJsonSlurper.parse(ConfigurableJsonSlurper.groovy:97)
at io.restassured.internal.path.json.ConfigurableJsonSlurper$parse.callCurrent(Unknown Source)
at io.restassured.internal.path.json.ConfigurableJsonSlurper.parseText(ConfigurableJsonSlurper.groovy:83)
at io.restassured.path.json.JsonPath$4$1.method(JsonPath.java:965)
at io.restassured.path.json.JsonPath$ExceptionCatcher.invoke(JsonPath.java:1000)
at io.restassured.path.json.JsonPath$4.doParseWith(JsonPath.java:967)
at io.restassured.path.json.JsonPath$JsonParser.parseWith(JsonPath.java:1047)
at io.restassured.path.json.JsonPath.get(JsonPath.java:202)
at api.stepdefinitions.Assignment_Stepdefinition.user_receives_ok_status_with_updated_value_in_response_body_for_assignment_module_1(Assignment_Stepdefinition.java:591)
at java.base/jdk.internal.reflect.NativeMethodAccessorImpl.invoke0(Native Method)
at java.base/jdk.internal.reflect.NativeMethodAccessorImpl.invoke(NativeMethodAccessorImpl.java:77)
at java.base/jdk.internal.reflect.DelegatingMethodAccessorImpl.invoke(DelegatingMethodAccessorImpl.java:43)
at java.base/java.lang.reflect.Method.invoke(Method.java:568)
at io.cucumber.java.Invoker.doInvoke(Invoker.java:66)
at io.cucumber.java.Invoker.invoke(Invoker.java:24)
at io.cucumber.java.AbstractGlueDefinition.invokeMethod(AbstractGlueDefinition.java:47)
at io.cucumber.java.JavaStepDefinition.execute(JavaStepDefinition.java:29)
at io.cucumber.core.runner.CoreStepDefinition.execute(CoreStepDefinition.java:66)
at io.cucumber.core.runner.PickleStepDefinitionMatch.runStep(PickleStepDefinitionMatch.java:63)
at io.cucumber.core.runner.ExecutionMode$1.execute(ExecutionMode.java:10)
at io.cucumber.core.runner.TestStep.executeStep(TestStep.java:85)
at io.cucumber.core.runner.TestStep.run(TestStep.java:57)
at io.cucumber.core.runner.PickleStepTestStep.run(PickleStepTestStep.java:51)
at io.cucumber.core.runner.TestCase.run(TestCase.java:84)
at io.cucumber.core.runner.Runner.runPickle(Runner.java:75)
at io.cucumber.testng.TestNGCucumberRunner.lambda$runScenario$1(TestNGCucumberRunner.java:132)
at io.cucumber.core.runtime.CucumberExecutionContext.lambda$runTestCase$5(CucumberExecutionContext.java:129)
at io.cucumber.core.runtime.RethrowingThrowableCollector.executeAndThrow(RethrowingThrowableCollector.java:23)
at io.cucumber.core.runtime.CucumberExecutionContext.runTestCase(CucumberExecutionContext.java:129)
at io.cucumber.testng.TestNGCucumberRunner.runScenario(TestNGCucumberRunner.java:129)
at io.cucumber.testng.AbstractTestNGCucumberTests.runScenario(AbstractTestNGCucumberTests.java:35)
at jdk.internal.reflect.GeneratedMethodAccessor161.invoke(Unknown Source)
at java.base/jdk.internal.reflect.DelegatingMethodAccessorImpl.invoke(DelegatingMethodAccessorImpl.java:43)
at java.base/java.lang.reflect.Method.invoke(Method.java:568)
at org.testng.internal.invokers.MethodInvocationHelper.invokeMethod(MethodInvocationHelper.java:139)
at org.testng.internal.invokers.TestInvoker.invokeMethod(TestInvoker.java:677)
at org.testng.internal.invokers.TestInvoker.invokeTestMethod(TestInvoker.java:221)
at org.testng.internal.invokers.MethodRunner.runInSequence(MethodRunner.java:50)
at org.testng.internal.invokers.TestInvoker$MethodInvocationAgent.invoke(TestInvoker.java:969)
at org.testng.internal.invokers.TestInvoker.invokeTestMethods(TestInvoker.java:194)
at org.testng.internal.invokers.TestMethodWorker.invokeTestMethods(TestMethodWorker.java:148)
at org.testng.internal.invokers.TestMethodWorker.run(TestMethodWorker.java:128)
at java.base/java.util.ArrayList.forEach(ArrayList.java:1511)
at org.testng.TestRunner.privateRun(TestRunner.java:829)
at org.testng.TestRunner.run(TestRunner.java:602)
at org.testng.SuiteRunner.runTest(SuiteRunner.java:437)
at org.testng.SuiteRunner.runSequentially(SuiteRunner.java:431)
at org.testng.SuiteRunner.privateRun(SuiteRunner.java:391)
at org.testng.SuiteRunner.run(SuiteRunner.java:330)
at org.testng.SuiteRunnerWorker.runSuite(SuiteRunnerWorker.java:52)
at org.testng.SuiteRunnerWorker.run(SuiteRunnerWorker.java:95)
at org.testng.TestNG.runSuitesSequentially(TestNG.java:1256)
at org.testng.TestNG.runSuitesLocally(TestNG.java:1176)
at org.testng.TestNG.runSuites(TestNG.java:1099)
at org.testng.TestNG.run(TestNG.java:1067)
at org.testng.remote.AbstractRemoteTestNG.run(AbstractRemoteTestNG.java:115)
at org.testng.remote.RemoteTestNG.initAndRun(RemoteTestNG.java:251)
at org.testng.remote.RemoteTestNG.main(RemoteTestNG.java:77)
]]>
            </full-stacktrace>
          </exception> <!-- io.restassured.path.json.exception.JsonPathException -->
          <reporter-output>
          </reporter-output>
        </test-method> <!-- runScenario -->
        <test-method signature="runScenario(io.cucumber.testng.PickleWrapper,io.cucumber.testng.FeatureWrapper)[pri:0, instance:api.runner.TestRunner@304bb45b]" started-at="2023-09-23T12:19:39 EDT" name="runScenario" description="Runs Cucumber Scenarios" data-provider="scenarios" finished-at="2023-09-23T12:19:39 EDT" duration-ms="37" status="FAIL">
          <params>
            <param index="0">
              <value>
                <![CDATA["Check if user able to update a record with invalid AssignmentID and mandatory request body"]]>
              </value>
            </param>
            <param index="1">
              <value>
                <![CDATA["CURD Operations for Assignment Module"]]>
              </value>
            </param>
          </params>
          <exception class="java.io.FileNotFoundException">
            <message>
              <![CDATA[C:\Users\User\eclipse-workspace\Team12-Api-CodeWarriors\src\test\resources\testdata\Team12-APICodeWarriors_TestData.xlsx (The system cannot find the path specified)]]>
            </message>
            <full-stacktrace>
              <![CDATA[java.io.FileNotFoundException: C:\Users\User\eclipse-workspace\Team12-Api-CodeWarriors\src\test\resources\testdata\Team12-APICodeWarriors_TestData.xlsx (The system cannot find the path specified)
at java.base/java.io.FileInputStream.open0(Native Method)
at java.base/java.io.FileInputStream.open(FileInputStream.java:216)
at java.base/java.io.FileInputStream.<init>(FileInputStream.java:157)
at java.base/java.io.FileInputStream.<init>(FileInputStream.java:111)
at api.utilities.XLUtility.getRowCount(XLUtility.java:31)
at api.stepdefinitions.Assignment_Stepdefinition.getAllData(Assignment_Stepdefinition.java:838)
at api.stepdefinitions.Assignment_Stepdefinition.user_sends_put_request_and_request_body_for_assignment_module_from_excel_and_1(Assignment_Stepdefinition.java:625)
at ✽.User sends PUT Request and request Body for Assignment Module from excel "AssignmentModule" and 8(file:///C:/Users/kodai/eclipse-workspace/RestAssured_Project/src/test/resources/features/4_Assignment.feature:132)
]]>
            </full-stacktrace>
          </exception> <!-- java.io.FileNotFoundException -->
          <reporter-output>
          </reporter-output>
        </test-method> <!-- runScenario -->
        <test-method signature="runScenario(io.cucumber.testng.PickleWrapper,io.cucumber.testng.FeatureWrapper)[pri:0, instance:api.runner.TestRunner@304bb45b]" started-at="2023-09-23T12:19:39 EDT" name="runScenario" description="Runs Cucumber Scenarios" data-provider="scenarios" finished-at="2023-09-23T12:19:39 EDT" duration-ms="26" status="FAIL">
          <params>
            <param index="0">
              <value>
                <![CDATA["Check if user able to update a record with valid AssignmentID and missing mandatory field Assignment name for Assignment Module"]]>
              </value>
            </param>
            <param index="1">
              <value>
                <![CDATA["CURD Operations for Assignment Module"]]>
              </value>
            </param>
          </params>
          <exception class="java.io.FileNotFoundException">
            <message>
              <![CDATA[C:\Users\User\eclipse-workspace\Team12-Api-CodeWarriors\src\test\resources\testdata\Team12-APICodeWarriors_TestData.xlsx (The system cannot find the path specified)]]>
            </message>
            <full-stacktrace>
              <![CDATA[java.io.FileNotFoundException: C:\Users\User\eclipse-workspace\Team12-Api-CodeWarriors\src\test\resources\testdata\Team12-APICodeWarriors_TestData.xlsx (The system cannot find the path specified)
at java.base/java.io.FileInputStream.open0(Native Method)
at java.base/java.io.FileInputStream.open(FileInputStream.java:216)
at java.base/java.io.FileInputStream.<init>(FileInputStream.java:157)
at java.base/java.io.FileInputStream.<init>(FileInputStream.java:111)
at api.utilities.XLUtility.getRowCount(XLUtility.java:31)
at api.stepdefinitions.Assignment_Stepdefinition.getAllData(Assignment_Stepdefinition.java:838)
at api.stepdefinitions.Assignment_Stepdefinition.user_sends_put_request_and_request_body_for_assignment_module_from_excel_and_for_negative_1(Assignment_Stepdefinition.java:666)
at ✽.User sends PUT Request and request Body for Assignment Module from excel "AssignmentModule" and 9 for negative(file:///C:/Users/kodai/eclipse-workspace/RestAssured_Project/src/test/resources/features/4_Assignment.feature:142)
]]>
            </full-stacktrace>
          </exception> <!-- java.io.FileNotFoundException -->
          <reporter-output>
          </reporter-output>
        </test-method> <!-- runScenario -->
        <test-method signature="runScenario(io.cucumber.testng.PickleWrapper,io.cucumber.testng.FeatureWrapper)[pri:0, instance:api.runner.TestRunner@304bb45b]" started-at="2023-09-23T12:19:39 EDT" name="runScenario" description="Runs Cucumber Scenarios" data-provider="scenarios" finished-at="2023-09-23T12:19:39 EDT" duration-ms="21" status="FAIL">
          <params>
            <param index="0">
              <value>
                <![CDATA["Check if user able to update a record with valid AssignmentID and missing mandatory field Assignment Description for Assignment Module"]]>
              </value>
            </param>
            <param index="1">
              <value>
                <![CDATA["CURD Operations for Assignment Module"]]>
              </value>
            </param>
          </params>
          <exception class="java.io.FileNotFoundException">
            <message>
              <![CDATA[C:\Users\User\eclipse-workspace\Team12-Api-CodeWarriors\src\test\resources\testdata\Team12-APICodeWarriors_TestData.xlsx (The system cannot find the path specified)]]>
            </message>
            <full-stacktrace>
              <![CDATA[java.io.FileNotFoundException: C:\Users\User\eclipse-workspace\Team12-Api-CodeWarriors\src\test\resources\testdata\Team12-APICodeWarriors_TestData.xlsx (The system cannot find the path specified)
at java.base/java.io.FileInputStream.open0(Native Method)
at java.base/java.io.FileInputStream.open(FileInputStream.java:216)
at java.base/java.io.FileInputStream.<init>(FileInputStream.java:157)
at java.base/java.io.FileInputStream.<init>(FileInputStream.java:111)
at api.utilities.XLUtility.getRowCount(XLUtility.java:31)
at api.stepdefinitions.Assignment_Stepdefinition.getAllData(Assignment_Stepdefinition.java:838)
at api.stepdefinitions.Assignment_Stepdefinition.user_sends_put_request_and_request_body_for_assignment_module_from_excel_and_for_negative_1(Assignment_Stepdefinition.java:666)
at ✽.User sends PUT Request and request Body for Assignment Module from excel "AssignmentModule" and 10 for negative(file:///C:/Users/kodai/eclipse-workspace/RestAssured_Project/src/test/resources/features/4_Assignment.feature:152)
]]>
            </full-stacktrace>
          </exception> <!-- java.io.FileNotFoundException -->
          <reporter-output>
          </reporter-output>
        </test-method> <!-- runScenario -->
        <test-method signature="runScenario(io.cucumber.testng.PickleWrapper,io.cucumber.testng.FeatureWrapper)[pri:0, instance:api.runner.TestRunner@304bb45b]" started-at="2023-09-23T12:19:39 EDT" name="runScenario" description="Runs Cucumber Scenarios" data-provider="scenarios" finished-at="2023-09-23T12:19:44 EDT" duration-ms="5208" status="FAIL">
          <params>
            <param index="0">
              <value>
                <![CDATA["Check if user able to delete a record with valid Assignment ID for Assignment Module"]]>
              </value>
            </param>
            <param index="1">
              <value>
                <![CDATA["CURD Operations for Assignment Module"]]>
              </value>
            </param>
          </params>
          <exception class="java.lang.AssertionError">
            <message>
              <![CDATA[expected [200] but found [503]]]>
            </message>
            <full-stacktrace>
              <![CDATA[java.lang.AssertionError: expected [200] but found [503]
at org.testng.Assert.fail(Assert.java:110)
at org.testng.Assert.failNotEquals(Assert.java:1577)
at org.testng.Assert.assertEqualsImpl(Assert.java:149)
at org.testng.Assert.assertEquals(Assert.java:131)
at org.testng.Assert.assertEquals(Assert.java:1418)
at org.testng.Assert.assertEquals(Assert.java:1382)
at org.testng.Assert.assertEquals(Assert.java:1428)
at api.stepdefinitions.Assignment_Stepdefinition.user_receives_ok_status_with_message_for_valid_delete_request_1(Assignment_Stepdefinition.java:752)
at ✽.User receives 200 Ok status with message for valid delete request(file:///C:/Users/kodai/eclipse-workspace/RestAssured_Project/src/test/resources/features/4_Assignment.feature:163)
]]>
            </full-stacktrace>
          </exception> <!-- java.lang.AssertionError -->
          <reporter-output>
          </reporter-output>
        </test-method> <!-- runScenario -->
        <test-method signature="runScenario(io.cucumber.testng.PickleWrapper,io.cucumber.testng.FeatureWrapper)[pri:0, instance:api.runner.TestRunner@304bb45b]" started-at="2023-09-23T12:19:44 EDT" name="runScenario" description="Runs Cucumber Scenarios" data-provider="scenarios" finished-at="2023-09-23T12:19:49 EDT" duration-ms="5237" status="FAIL">
          <params>
            <param index="0">
              <value>
                <![CDATA["Check if user able to delete a record with invalid Assignment ID for Assignment Module"]]>
              </value>
            </param>
            <param index="1">
              <value>
                <![CDATA["CURD Operations for Assignment Module"]]>
              </value>
            </param>
          </params>
          <exception class="java.lang.AssertionError">
            <message>
              <![CDATA[expected [404] but found [503]]]>
            </message>
            <full-stacktrace>
              <![CDATA[java.lang.AssertionError: expected [404] but found [503]
at org.testng.Assert.fail(Assert.java:110)
at org.testng.Assert.failNotEquals(Assert.java:1577)
at org.testng.Assert.assertEqualsImpl(Assert.java:149)
at org.testng.Assert.assertEquals(Assert.java:131)
at org.testng.Assert.assertEquals(Assert.java:1418)
at org.testng.Assert.assertEquals(Assert.java:1382)
at org.testng.Assert.assertEquals(Assert.java:1428)
at api.stepdefinitions.Assignment_Stepdefinition.user_receives_not_found_status_with_message_and_boolean_success_details_for_invaid_delete_assignment_id_1(Assignment_Stepdefinition.java:785)
at ✽.User receives 404 Not Found Status with message and boolean success details for invaid delete assignment id(file:///C:/Users/kodai/eclipse-workspace/RestAssured_Project/src/test/resources/features/4_Assignment.feature:169)
]]>
            </full-stacktrace>
          </exception> <!-- java.lang.AssertionError -->
          <reporter-output>
          </reporter-output>
        </test-method> <!-- runScenario -->
        <test-method signature="runScenario(io.cucumber.testng.PickleWrapper,io.cucumber.testng.FeatureWrapper)[pri:0, instance:api.runner.TestRunner@304bb45b]" started-at="2023-09-23T12:19:49 EDT" name="runScenario" description="Runs Cucumber Scenarios" data-provider="scenarios" finished-at="2023-09-23T12:19:54 EDT" duration-ms="5187" status="FAIL">
          <params>
            <param index="0">
              <value>
                <![CDATA["Check if user able to delete a record with invalid endpoint for Assignment Module"]]>
              </value>
            </param>
            <param index="1">
              <value>
                <![CDATA["CURD Operations for Assignment Module"]]>
              </value>
            </param>
          </params>
          <exception class="java.lang.AssertionError">
            <message>
              <![CDATA[expected [405] but found [503]]]>
            </message>
            <full-stacktrace>
              <![CDATA[java.lang.AssertionError: expected [405] but found [503]
at org.testng.Assert.fail(Assert.java:110)
at org.testng.Assert.failNotEquals(Assert.java:1577)
at org.testng.Assert.assertEqualsImpl(Assert.java:149)
at org.testng.Assert.assertEquals(Assert.java:131)
at org.testng.Assert.assertEquals(Assert.java:1418)
at org.testng.Assert.assertEquals(Assert.java:1382)
at org.testng.Assert.assertEquals(Assert.java:1428)
at api.stepdefinitions.Assignment_Stepdefinition.user_receives_not_found_status_with_message_and_boolean_success_details_for_invaid_endpoint_for_assignment_module_1(Assignment_Stepdefinition.java:819)
at ✽.User receives 404 Not Found Status with message and boolean success details for invaid endpoint for assignment module(file:///C:/Users/kodai/eclipse-workspace/RestAssured_Project/src/test/resources/features/4_Assignment.feature:175)
]]>
            </full-stacktrace>
          </exception> <!-- java.lang.AssertionError -->
          <reporter-output>
          </reporter-output>
        </test-method> <!-- runScenario -->
        <test-method signature="runScenario(io.cucumber.testng.PickleWrapper,io.cucumber.testng.FeatureWrapper)[pri:0, instance:api.runner.TestRunner@304bb45b]" started-at="2023-09-23T12:19:54 EDT" name="runScenario" description="Runs Cucumber Scenarios" data-provider="scenarios" finished-at="2023-09-23T12:20:00 EDT" duration-ms="5248" status="FAIL">
          <params>
            <param index="0">
              <value>
                <![CDATA["Check if user able to retrieve all submission with valid LMS API for Assignment Submit Module"]]>
              </value>
            </param>
            <param index="1">
              <value>
                <![CDATA["CURD Operations for Assignment Submit Module"]]>
              </value>
            </param>
          </params>
          <exception class="java.lang.AssertionError">
            <message>
              <![CDATA[expected [200] but found [503]]]>
            </message>
            <full-stacktrace>
              <![CDATA[java.lang.AssertionError: expected [200] but found [503]
at org.testng.Assert.fail(Assert.java:110)
at org.testng.Assert.failNotEquals(Assert.java:1577)
at org.testng.Assert.assertEqualsImpl(Assert.java:149)
at org.testng.Assert.assertEquals(Assert.java:131)
at org.testng.Assert.assertEquals(Assert.java:1418)
at org.testng.Assert.assertEquals(Assert.java:1382)
at org.testng.Assert.assertEquals(Assert.java:1428)
at api.stepdefinitions.Assignment_Submit_Stepdefinition.user_receives_ok_status_with_response_body_for_assignment_submit_module(Assignment_Submit_Stepdefinition.java:114)
at ✽.User receives 200 OK Status with response body for Assignment Submit Module.(file:///C:/Users/kodai/eclipse-workspace/RestAssured_Project/src/test/resources/features/5_Submission.feature:8)
]]>
            </full-stacktrace>
          </exception> <!-- java.lang.AssertionError -->
          <reporter-output>
          </reporter-output>
        </test-method> <!-- runScenario -->
        <test-method signature="runScenario(io.cucumber.testng.PickleWrapper,io.cucumber.testng.FeatureWrapper)[pri:0, instance:api.runner.TestRunner@304bb45b]" started-at="2023-09-23T12:20:00 EDT" name="runScenario" description="Runs Cucumber Scenarios" data-provider="scenarios" finished-at="2023-09-23T12:20:00 EDT" duration-ms="42" status="FAIL">
          <params>
            <param index="0">
              <value>
                <![CDATA["Check if user able to  create a submission  with valid endpoint and request body in Assignment Submit Module(non existing values)"]]>
              </value>
            </param>
            <param index="1">
              <value>
                <![CDATA["CURD Operations for Assignment Submit Module"]]>
              </value>
            </param>
          </params>
          <exception class="java.io.FileNotFoundException">
            <message>
              <![CDATA[AssignmentSubmit.json (The system cannot find the file specified)]]>
            </message>
            <full-stacktrace>
              <![CDATA[java.io.FileNotFoundException: AssignmentSubmit.json (The system cannot find the file specified)
at java.base/java.io.FileInputStream.open0(Native Method)
at java.base/java.io.FileInputStream.open(FileInputStream.java:216)
at java.base/java.io.FileInputStream.<init>(FileInputStream.java:157)
at java.base/java.io.FileReader.<init>(FileReader.java:75)
at api.stepdefinitions.Assignment_Submit_Stepdefinition.user_sends_https_request_and_request_body_for_assignment_submit_module_from_excel_and(Assignment_Submit_Stepdefinition.java:49)
at ✽.User sends HTTPS Request and  request Body for Assignment Submit Module from excel "Assignment_Submit_Module" and 1(file:///C:/Users/kodai/eclipse-workspace/RestAssured_Project/src/test/resources/features/5_Submission.feature:13)
]]>
            </full-stacktrace>
          </exception> <!-- java.io.FileNotFoundException -->
          <reporter-output>
          </reporter-output>
        </test-method> <!-- runScenario -->
        <test-method signature="runScenario(io.cucumber.testng.PickleWrapper,io.cucumber.testng.FeatureWrapper)[pri:0, instance:api.runner.TestRunner@304bb45b]" started-at="2023-09-23T12:20:00 EDT" name="runScenario" description="Runs Cucumber Scenarios" data-provider="scenarios" finished-at="2023-09-23T12:20:00 EDT" duration-ms="36" status="FAIL">
          <params>
            <param index="0">
              <value>
                <![CDATA["Check if user able to  create a submission  with valid endpoint and request body in Assignment Submit Module(non existing values)"]]>
              </value>
            </param>
            <param index="1">
              <value>
                <![CDATA["CURD Operations for Assignment Submit Module"]]>
              </value>
            </param>
          </params>
          <exception class="java.io.FileNotFoundException">
            <message>
              <![CDATA[AssignmentSubmit.json (The system cannot find the file specified)]]>
            </message>
            <full-stacktrace>
              <![CDATA[java.io.FileNotFoundException: AssignmentSubmit.json (The system cannot find the file specified)
at java.base/java.io.FileInputStream.open0(Native Method)
at java.base/java.io.FileInputStream.open(FileInputStream.java:216)
at java.base/java.io.FileInputStream.<init>(FileInputStream.java:157)
at java.base/java.io.FileReader.<init>(FileReader.java:75)
at api.stepdefinitions.Assignment_Submit_Stepdefinition.user_sends_https_request_and_request_body_for_assignment_submit_module_from_excel_and(Assignment_Submit_Stepdefinition.java:49)
at ✽.User sends HTTPS Request and  request Body for Assignment Submit Module from excel "Assignment_Submit_Module" and 1(file:///C:/Users/kodai/eclipse-workspace/RestAssured_Project/src/test/resources/features/5_Submission.feature:23)
]]>
            </full-stacktrace>
          </exception> <!-- java.io.FileNotFoundException -->
          <reporter-output>
          </reporter-output>
        </test-method> <!-- runScenario -->
        <test-method signature="runScenario(io.cucumber.testng.PickleWrapper,io.cucumber.testng.FeatureWrapper)[pri:0, instance:api.runner.TestRunner@304bb45b]" started-at="2023-09-23T12:20:00 EDT" name="runScenario" description="Runs Cucumber Scenarios" data-provider="scenarios" finished-at="2023-09-23T12:20:00 EDT" duration-ms="29" status="FAIL">
          <params>
            <param index="0">
              <value>
                <![CDATA["Check if user able to create a submission missing mandatory fields in request body"]]>
              </value>
            </param>
            <param index="1">
              <value>
                <![CDATA["CURD Operations for Assignment Submit Module"]]>
              </value>
            </param>
          </params>
          <exception class="java.io.FileNotFoundException">
            <message>
              <![CDATA[AssignmentSubmit.json (The system cannot find the file specified)]]>
            </message>
            <full-stacktrace>
              <![CDATA[java.io.FileNotFoundException: AssignmentSubmit.json (The system cannot find the file specified)
at java.base/java.io.FileInputStream.open0(Native Method)
at java.base/java.io.FileInputStream.open(FileInputStream.java:216)
at java.base/java.io.FileInputStream.<init>(FileInputStream.java:157)
at java.base/java.io.FileReader.<init>(FileReader.java:75)
at api.stepdefinitions.Assignment_Submit_Stepdefinition.user_sends_https_request_and_request_body_for_assignment_submit_module(Assignment_Submit_Stepdefinition.java:93)
at ✽.User sends HTTPS Request and request Body for Assignment Submit Module(file:///C:/Users/kodai/eclipse-workspace/RestAssured_Project/src/test/resources/features/5_Submission.feature:33)
]]>
            </full-stacktrace>
          </exception> <!-- java.io.FileNotFoundException -->
          <reporter-output>
          </reporter-output>
        </test-method> <!-- runScenario -->
        <test-method signature="runScenario(io.cucumber.testng.PickleWrapper,io.cucumber.testng.FeatureWrapper)[pri:0, instance:api.runner.TestRunner@304bb45b]" started-at="2023-09-23T12:20:00 EDT" name="runScenario" description="Runs Cucumber Scenarios" data-provider="scenarios" finished-at="2023-09-23T12:20:05 EDT" duration-ms="5217" status="FAIL">
          <params>
            <param index="0">
              <value>
                <![CDATA["Check if user able to retrieve a grades with invalid Assignment ID for assignment Submit Module"]]>
              </value>
            </param>
            <param index="1">
              <value>
                <![CDATA["CURD Operations for Assignment Submit Module"]]>
              </value>
            </param>
          </params>
          <exception class="java.lang.AssertionError">
            <message>
              <![CDATA[expected [404] but found [503]]]>
            </message>
            <full-stacktrace>
              <![CDATA[java.lang.AssertionError: expected [404] but found [503]
at org.testng.Assert.fail(Assert.java:110)
at org.testng.Assert.failNotEquals(Assert.java:1577)
at org.testng.Assert.assertEqualsImpl(Assert.java:149)
at org.testng.Assert.assertEquals(Assert.java:131)
at org.testng.Assert.assertEquals(Assert.java:1418)
at org.testng.Assert.assertEquals(Assert.java:1382)
at org.testng.Assert.assertEquals(Assert.java:1428)
at api.stepdefinitions.Assignment_Submit_Stepdefinition.user_receives_not_found_status_with_message_and_boolean_success_details_for_assignment_submit_module(Assignment_Submit_Stepdefinition.java:133)
at ✽.User receives 404 Not Found Status with message and boolean success details for Assignment Submit Module.(file:///C:/Users/kodai/eclipse-workspace/RestAssured_Project/src/test/resources/features/5_Submission.feature:40)
]]>
            </full-stacktrace>
          </exception> <!-- java.lang.AssertionError -->
          <reporter-output>
          </reporter-output>
        </test-method> <!-- runScenario -->
        <test-method signature="runScenario(io.cucumber.testng.PickleWrapper,io.cucumber.testng.FeatureWrapper)[pri:0, instance:api.runner.TestRunner@304bb45b]" started-at="2023-09-23T12:20:05 EDT" name="runScenario" description="Runs Cucumber Scenarios" data-provider="scenarios" finished-at="2023-09-23T12:20:10 EDT" duration-ms="5209" status="FAIL">
          <params>
            <param index="0">
              <value>
                <![CDATA["Check if user able to retrieve a grades with valid Assignment ID for assignment Submit Module"]]>
              </value>
            </param>
            <param index="1">
              <value>
                <![CDATA["CURD Operations for Assignment Submit Module"]]>
              </value>
            </param>
          </params>
          <exception class="java.lang.AssertionError">
            <message>
              <![CDATA[expected [200] but found [503]]]>
            </message>
            <full-stacktrace>
              <![CDATA[java.lang.AssertionError: expected [200] but found [503]
at org.testng.Assert.fail(Assert.java:110)
at org.testng.Assert.failNotEquals(Assert.java:1577)
at org.testng.Assert.assertEqualsImpl(Assert.java:149)
at org.testng.Assert.assertEquals(Assert.java:131)
at org.testng.Assert.assertEquals(Assert.java:1418)
at org.testng.Assert.assertEquals(Assert.java:1382)
at org.testng.Assert.assertEquals(Assert.java:1428)
at api.stepdefinitions.Assignment_Submit_Stepdefinition.user_receives_ok_status_with_response_body_for_assignment_submit_module(Assignment_Submit_Stepdefinition.java:114)
at ✽.User receives 200 OK Status with response body for Assignment Submit Module.(file:///C:/Users/kodai/eclipse-workspace/RestAssured_Project/src/test/resources/features/5_Submission.feature:46)
]]>
            </full-stacktrace>
          </exception> <!-- java.lang.AssertionError -->
          <reporter-output>
          </reporter-output>
        </test-method> <!-- runScenario -->
        <test-method signature="runScenario(io.cucumber.testng.PickleWrapper,io.cucumber.testng.FeatureWrapper)[pri:0, instance:api.runner.TestRunner@304bb45b]" started-at="2023-09-23T12:20:10 EDT" name="runScenario" description="Runs Cucumber Scenarios" data-provider="scenarios" finished-at="2023-09-23T12:20:15 EDT" duration-ms="5200" status="FAIL">
          <params>
            <param index="0">
              <value>
                <![CDATA["Check if user able to retrieve a submission with invalid User Id Assignment Submit Module"]]>
              </value>
            </param>
            <param index="1">
              <value>
                <![CDATA["CURD Operations for Assignment Submit Module"]]>
              </value>
            </param>
          </params>
          <exception class="java.lang.AssertionError">
            <message>
              <![CDATA[expected [404] but found [503]]]>
            </message>
            <full-stacktrace>
              <![CDATA[java.lang.AssertionError: expected [404] but found [503]
at org.testng.Assert.fail(Assert.java:110)
at org.testng.Assert.failNotEquals(Assert.java:1577)
at org.testng.Assert.assertEqualsImpl(Assert.java:149)
at org.testng.Assert.assertEquals(Assert.java:131)
at org.testng.Assert.assertEquals(Assert.java:1418)
at org.testng.Assert.assertEquals(Assert.java:1382)
at org.testng.Assert.assertEquals(Assert.java:1428)
at api.stepdefinitions.Assignment_Submit_Stepdefinition.user_receives_status_with_response_body_for_assignment_submit_module(Assignment_Submit_Stepdefinition.java:212)
at ✽.User receives 404 Status with response body for Assignment Submit Module.(file:///C:/Users/kodai/eclipse-workspace/RestAssured_Project/src/test/resources/features/5_Submission.feature:52)
]]>
            </full-stacktrace>
          </exception> <!-- java.lang.AssertionError -->
          <reporter-output>
          </reporter-output>
        </test-method> <!-- runScenario -->
        <test-method signature="runScenario(io.cucumber.testng.PickleWrapper,io.cucumber.testng.FeatureWrapper)[pri:0, instance:api.runner.TestRunner@304bb45b]" started-at="2023-09-23T12:20:15 EDT" name="runScenario" description="Runs Cucumber Scenarios" data-provider="scenarios" finished-at="2023-09-23T12:20:15 EDT" duration-ms="15" status="FAIL">
          <params>
            <param index="0">
              <value>
                <![CDATA["Check if user able to retrieve a submission with valid User ID for Assignment Submit Module"]]>
              </value>
            </param>
            <param index="1">
              <value>
                <![CDATA["CURD Operations for Assignment Submit Module"]]>
              </value>
            </param>
          </params>
          <exception class="java.lang.IllegalArgumentException">
            <message>
              <![CDATA[parameterValue cannot be null]]>
            </message>
            <full-stacktrace>
              <![CDATA[java.lang.IllegalArgumentException: parameterValue cannot be null
at java.base/jdk.internal.reflect.NativeConstructorAccessorImpl.newInstance0(Native Method)
at java.base/jdk.internal.reflect.NativeConstructorAccessorImpl.newInstance(NativeConstructorAccessorImpl.java:77)
at java.base/jdk.internal.reflect.DelegatingConstructorAccessorImpl.newInstance(DelegatingConstructorAccessorImpl.java:45)
at java.base/java.lang.reflect.Constructor.newInstanceWithCaller(Constructor.java:499)
at java.base/java.lang.reflect.Constructor.newInstance(Constructor.java:480)
at org.codehaus.groovy.reflection.CachedConstructor.invoke(CachedConstructor.java:73)
at org.codehaus.groovy.reflection.CachedConstructor.doConstructorInvoke(CachedConstructor.java:60)
at org.codehaus.groovy.runtime.callsite.ConstructorSite$ConstructorSiteNoUnwrap.callConstructor(ConstructorSite.java:86)
at org.codehaus.groovy.runtime.callsite.AbstractCallSite.callConstructor(AbstractCallSite.java:277)
at io.restassured.internal.common.assertion.AssertParameter.notNull(AssertParameter.groovy:26)
at io.restassured.internal.common.assertion.AssertParameter$notNull.callStatic(Unknown Source)
at org.codehaus.groovy.runtime.callsite.CallSiteArray.defaultCallStatic(CallSiteArray.java:53)
at io.restassured.internal.common.assertion.AssertParameter$notNull.callStatic(Unknown Source)
at io.restassured.internal.RequestSpecificationImpl.pathParam(RequestSpecificationImpl.groovy:515)
at api.stepdefinitions.Assignment_Submit_Stepdefinition.user_sends_https_request_with_valid_user_id_for_assignment_submit_module(Assignment_Submit_Stepdefinition.java:194)
at ✽.User sends HTTPS Request with valid User Id for Assignment Submit Module(file:///C:/Users/kodai/eclipse-workspace/RestAssured_Project/src/test/resources/features/5_Submission.feature:57)
]]>
            </full-stacktrace>
          </exception> <!-- java.lang.IllegalArgumentException -->
          <reporter-output>
          </reporter-output>
        </test-method> <!-- runScenario -->
        <test-method signature="runScenario(io.cucumber.testng.PickleWrapper,io.cucumber.testng.FeatureWrapper)[pri:0, instance:api.runner.TestRunner@304bb45b]" started-at="2023-09-23T12:20:15 EDT" name="runScenario" description="Runs Cucumber Scenarios" data-provider="scenarios" finished-at="2023-09-23T12:20:21 EDT" duration-ms="5229" status="FAIL">
          <params>
            <param index="0">
              <value>
                <![CDATA["Check if user able to retrieve a grades with invalid Student ID for Assignment Submit Module"]]>
              </value>
            </param>
            <param index="1">
              <value>
                <![CDATA["CURD Operations for Assignment Submit Module"]]>
              </value>
            </param>
          </params>
          <exception class="java.lang.AssertionError">
            <message>
              <![CDATA[expected [404] but found [503]]]>
            </message>
            <full-stacktrace>
              <![CDATA[java.lang.AssertionError: expected [404] but found [503]
at org.testng.Assert.fail(Assert.java:110)
at org.testng.Assert.failNotEquals(Assert.java:1577)
at org.testng.Assert.assertEqualsImpl(Assert.java:149)
at org.testng.Assert.assertEquals(Assert.java:131)
at org.testng.Assert.assertEquals(Assert.java:1418)
at org.testng.Assert.assertEquals(Assert.java:1382)
at org.testng.Assert.assertEquals(Assert.java:1428)
at api.stepdefinitions.Assignment_Submit_Stepdefinition.user_receives_not_found_status_with_message_and_boolean_success_details_for_assignment_submit_module(Assignment_Submit_Stepdefinition.java:133)
at ✽.User receives 404 Not Found Status with message and boolean success details for Assignment Submit Module.(file:///C:/Users/kodai/eclipse-workspace/RestAssured_Project/src/test/resources/features/5_Submission.feature:64)
]]>
            </full-stacktrace>
          </exception> <!-- java.lang.AssertionError -->
          <reporter-output>
          </reporter-output>
        </test-method> <!-- runScenario -->
        <test-method signature="runScenario(io.cucumber.testng.PickleWrapper,io.cucumber.testng.FeatureWrapper)[pri:0, instance:api.runner.TestRunner@304bb45b]" started-at="2023-09-23T12:20:21 EDT" name="runScenario" description="Runs Cucumber Scenarios" data-provider="scenarios" finished-at="2023-09-23T12:20:26 EDT" duration-ms="5196" status="FAIL">
          <params>
            <param index="0">
              <value>
                <![CDATA["Check if user able to retrieve a grades with valid Student ID for Assignment Submit Module"]]>
              </value>
            </param>
            <param index="1">
              <value>
                <![CDATA["CURD Operations for Assignment Submit Module"]]>
              </value>
            </param>
          </params>
          <exception class="java.lang.AssertionError">
            <message>
              <![CDATA[expected [200] but found [503]]]>
            </message>
            <full-stacktrace>
              <![CDATA[java.lang.AssertionError: expected [200] but found [503]
at org.testng.Assert.fail(Assert.java:110)
at org.testng.Assert.failNotEquals(Assert.java:1577)
at org.testng.Assert.assertEqualsImpl(Assert.java:149)
at org.testng.Assert.assertEquals(Assert.java:131)
at org.testng.Assert.assertEquals(Assert.java:1418)
at org.testng.Assert.assertEquals(Assert.java:1382)
at org.testng.Assert.assertEquals(Assert.java:1428)
at api.stepdefinitions.Assignment_Submit_Stepdefinition.user_receives_ok_status_with_response_body_for_assignment_submit_module(Assignment_Submit_Stepdefinition.java:114)
at ✽.User receives 200 OK Status with response body for Assignment Submit Module.(file:///C:/Users/kodai/eclipse-workspace/RestAssured_Project/src/test/resources/features/5_Submission.feature:70)
]]>
            </full-stacktrace>
          </exception> <!-- java.lang.AssertionError -->
          <reporter-output>
          </reporter-output>
        </test-method> <!-- runScenario -->
        <test-method signature="runScenario(io.cucumber.testng.PickleWrapper,io.cucumber.testng.FeatureWrapper)[pri:0, instance:api.runner.TestRunner@304bb45b]" started-at="2023-09-23T12:20:26 EDT" name="runScenario" description="Runs Cucumber Scenarios" data-provider="scenarios" finished-at="2023-09-23T12:20:31 EDT" duration-ms="5203" status="FAIL">
          <params>
            <param index="0">
              <value>
                <![CDATA["Check if user able to retrieve a grades with invalid Batch ID for Assignment Submit Module"]]>
              </value>
            </param>
            <param index="1">
              <value>
                <![CDATA["CURD Operations for Assignment Submit Module"]]>
              </value>
            </param>
          </params>
          <exception class="java.lang.AssertionError">
            <message>
              <![CDATA[expected [404] but found [503]]]>
            </message>
            <full-stacktrace>
              <![CDATA[java.lang.AssertionError: expected [404] but found [503]
at org.testng.Assert.fail(Assert.java:110)
at org.testng.Assert.failNotEquals(Assert.java:1577)
at org.testng.Assert.assertEqualsImpl(Assert.java:149)
at org.testng.Assert.assertEquals(Assert.java:131)
at org.testng.Assert.assertEquals(Assert.java:1418)
at org.testng.Assert.assertEquals(Assert.java:1382)
at org.testng.Assert.assertEquals(Assert.java:1428)
at api.stepdefinitions.Assignment_Submit_Stepdefinition.user_receives_not_found_status_with_message_and_boolean_success_details_for_assignment_submit_module(Assignment_Submit_Stepdefinition.java:133)
at ✽.User receives 404 Not Found Status with message and boolean success details for Assignment Submit Module.(file:///C:/Users/kodai/eclipse-workspace/RestAssured_Project/src/test/resources/features/5_Submission.feature:76)
]]>
            </full-stacktrace>
          </exception> <!-- java.lang.AssertionError -->
          <reporter-output>
          </reporter-output>
        </test-method> <!-- runScenario -->
        <test-method signature="runScenario(io.cucumber.testng.PickleWrapper,io.cucumber.testng.FeatureWrapper)[pri:0, instance:api.runner.TestRunner@304bb45b]" started-at="2023-09-23T12:20:31 EDT" name="runScenario" description="Runs Cucumber Scenarios" data-provider="scenarios" finished-at="2023-09-23T12:20:36 EDT" duration-ms="5241" status="FAIL">
          <params>
            <param index="0">
              <value>
                <![CDATA["Check if user able to retrieve a grades with valid  batch ID Check for Assignment Submit Module"]]>
              </value>
            </param>
            <param index="1">
              <value>
                <![CDATA["CURD Operations for Assignment Submit Module"]]>
              </value>
            </param>
          </params>
          <exception class="java.lang.AssertionError">
            <message>
              <![CDATA[expected [200] but found [503]]]>
            </message>
            <full-stacktrace>
              <![CDATA[java.lang.AssertionError: expected [200] but found [503]
at org.testng.Assert.fail(Assert.java:110)
at org.testng.Assert.failNotEquals(Assert.java:1577)
at org.testng.Assert.assertEqualsImpl(Assert.java:149)
at org.testng.Assert.assertEquals(Assert.java:131)
at org.testng.Assert.assertEquals(Assert.java:1418)
at org.testng.Assert.assertEquals(Assert.java:1382)
at org.testng.Assert.assertEquals(Assert.java:1428)
at api.stepdefinitions.Assignment_Submit_Stepdefinition.user_receives_ok_status_with_response_body_for_assignment_submit_module(Assignment_Submit_Stepdefinition.java:114)
at ✽.User receives 200 OK Status with response body for Assignment Submit Module.(file:///C:/Users/kodai/eclipse-workspace/RestAssured_Project/src/test/resources/features/5_Submission.feature:82)
]]>
            </full-stacktrace>
          </exception> <!-- java.lang.AssertionError -->
          <reporter-output>
          </reporter-output>
        </test-method> <!-- runScenario -->
        <test-method signature="runScenario(io.cucumber.testng.PickleWrapper,io.cucumber.testng.FeatureWrapper)[pri:0, instance:api.runner.TestRunner@304bb45b]" started-at="2023-09-23T12:20:36 EDT" name="runScenario" description="Runs Cucumber Scenarios" data-provider="scenarios" finished-at="2023-09-23T12:20:41 EDT" duration-ms="5215" status="FAIL">
          <params>
            <param index="0">
              <value>
                <![CDATA["Check if user able to retrieve a submission with invalid Batch Id for Assignment Submit Module"]]>
              </value>
            </param>
            <param index="1">
              <value>
                <![CDATA["CURD Operations for Assignment Submit Module"]]>
              </value>
            </param>
          </params>
          <exception class="java.lang.AssertionError">
            <message>
              <![CDATA[expected [404] but found [503]]]>
            </message>
            <full-stacktrace>
              <![CDATA[java.lang.AssertionError: expected [404] but found [503]
at org.testng.Assert.fail(Assert.java:110)
at org.testng.Assert.failNotEquals(Assert.java:1577)
at org.testng.Assert.assertEqualsImpl(Assert.java:149)
at org.testng.Assert.assertEquals(Assert.java:131)
at org.testng.Assert.assertEquals(Assert.java:1418)
at org.testng.Assert.assertEquals(Assert.java:1382)
at org.testng.Assert.assertEquals(Assert.java:1428)
at api.stepdefinitions.Assignment_Submit_Stepdefinition.user_receives_not_found_status_with_message_and_boolean_success_details_for_submission_invalid_assignment_submit_module(Assignment_Submit_Stepdefinition.java:294)
at ✽.User receives 404 Not Found Status with message and boolean success details for submission invalid Assignment Submit Module.(file:///C:/Users/kodai/eclipse-workspace/RestAssured_Project/src/test/resources/features/5_Submission.feature:88)
]]>
            </full-stacktrace>
          </exception> <!-- java.lang.AssertionError -->
          <reporter-output>
          </reporter-output>
        </test-method> <!-- runScenario -->
        <test-method signature="runScenario(io.cucumber.testng.PickleWrapper,io.cucumber.testng.FeatureWrapper)[pri:0, instance:api.runner.TestRunner@304bb45b]" started-at="2023-09-23T12:20:41 EDT" name="runScenario" description="Runs Cucumber Scenarios" data-provider="scenarios" finished-at="2023-09-23T12:20:47 EDT" duration-ms="5196" status="FAIL">
          <params>
            <param index="0">
              <value>
                <![CDATA["Check if user able to retrieve a submission with valid batch ID for Assignment Submit Module"]]>
              </value>
            </param>
            <param index="1">
              <value>
                <![CDATA["CURD Operations for Assignment Submit Module"]]>
              </value>
            </param>
          </params>
          <exception class="java.lang.AssertionError">
            <message>
              <![CDATA[expected [200] but found [503]]]>
            </message>
            <full-stacktrace>
              <![CDATA[java.lang.AssertionError: expected [200] but found [503]
at org.testng.Assert.fail(Assert.java:110)
at org.testng.Assert.failNotEquals(Assert.java:1577)
at org.testng.Assert.assertEqualsImpl(Assert.java:149)
at org.testng.Assert.assertEquals(Assert.java:131)
at org.testng.Assert.assertEquals(Assert.java:1418)
at org.testng.Assert.assertEquals(Assert.java:1382)
at org.testng.Assert.assertEquals(Assert.java:1428)
at api.stepdefinitions.Assignment_Submit_Stepdefinition.user_receives_ok_status_with_response_body_for_assignment_submit_module(Assignment_Submit_Stepdefinition.java:114)
at ✽.User receives 200 OK Status with response body for Assignment Submit Module.(file:///C:/Users/kodai/eclipse-workspace/RestAssured_Project/src/test/resources/features/5_Submission.feature:94)
]]>
            </full-stacktrace>
          </exception> <!-- java.lang.AssertionError -->
          <reporter-output>
          </reporter-output>
        </test-method> <!-- runScenario -->
        <test-method signature="runScenario(io.cucumber.testng.PickleWrapper,io.cucumber.testng.FeatureWrapper)[pri:0, instance:api.runner.TestRunner@304bb45b]" started-at="2023-09-23T12:20:47 EDT" name="runScenario" description="Runs Cucumber Scenarios" data-provider="scenarios" finished-at="2023-09-23T12:20:52 EDT" duration-ms="5224" status="PASS">
          <params>
            <param index="0">
              <value>
                <![CDATA["Check if user able to update a submission with invalid submission ID and mandatory request body"]]>
              </value>
            </param>
            <param index="1">
              <value>
                <![CDATA["CURD Operations for Assignment Submit Module"]]>
              </value>
            </param>
          </params>
          <reporter-output>
          </reporter-output>
        </test-method> <!-- runScenario -->
        <test-method signature="runScenario(io.cucumber.testng.PickleWrapper,io.cucumber.testng.FeatureWrapper)[pri:0, instance:api.runner.TestRunner@304bb45b]" started-at="2023-09-23T12:20:52 EDT" name="runScenario" description="Runs Cucumber Scenarios" data-provider="scenarios" finished-at="2023-09-23T12:20:57 EDT" duration-ms="5212" status="FAIL">
          <params>
            <param index="0">
              <value>
                <![CDATA["Check if user able to update a submission with invalid submission ID and mandatory request body"]]>
              </value>
            </param>
            <param index="1">
              <value>
                <![CDATA["CURD Operations for Assignment Submit Module"]]>
              </value>
            </param>
          </params>
          <exception class="java.lang.AssertionError">
            <message>
              <![CDATA[expected [400] but found [503]]]>
            </message>
            <full-stacktrace>
              <![CDATA[java.lang.AssertionError: expected [400] but found [503]
at org.testng.Assert.fail(Assert.java:110)
at org.testng.Assert.failNotEquals(Assert.java:1577)
at org.testng.Assert.assertEqualsImpl(Assert.java:149)
at org.testng.Assert.assertEquals(Assert.java:131)
at org.testng.Assert.assertEquals(Assert.java:1418)
at org.testng.Assert.assertEquals(Assert.java:1382)
at org.testng.Assert.assertEquals(Assert.java:1428)
at api.stepdefinitions.Assignment_Submit_Stepdefinition.user_receives_bad_request_status_with_message_and_boolean_success_details(Assignment_Submit_Stepdefinition.java:330)
at ✽.User receives 400 Bad Request Status with message and boolean success details Submit(file:///C:/Users/kodai/eclipse-workspace/RestAssured_Project/src/test/resources/features/5_Submission.feature:106)
]]>
            </full-stacktrace>
          </exception> <!-- java.lang.AssertionError -->
          <reporter-output>
          </reporter-output>
        </test-method> <!-- runScenario -->
        <test-method signature="runScenario(io.cucumber.testng.PickleWrapper,io.cucumber.testng.FeatureWrapper)[pri:0, instance:api.runner.TestRunner@304bb45b]" started-at="2023-09-23T12:20:57 EDT" name="runScenario" description="Runs Cucumber Scenarios" data-provider="scenarios" finished-at="2023-09-23T12:21:02 EDT" duration-ms="5212" status="FAIL">
          <params>
            <param index="0">
              <value>
                <![CDATA["Check if user able to update a submission with valid  submission ID and mandatory request body"]]>
              </value>
            </param>
            <param index="1">
              <value>
                <![CDATA["CURD Operations for Assignment Submit Module"]]>
              </value>
            </param>
          </params>
          <exception class="java.lang.AssertionError">
            <message>
              <![CDATA[expected [200] but found [503]]]>
            </message>
            <full-stacktrace>
              <![CDATA[java.lang.AssertionError: expected [200] but found [503]
at org.testng.Assert.fail(Assert.java:110)
at org.testng.Assert.failNotEquals(Assert.java:1577)
at org.testng.Assert.assertEqualsImpl(Assert.java:149)
at org.testng.Assert.assertEquals(Assert.java:131)
at org.testng.Assert.assertEquals(Assert.java:1418)
at org.testng.Assert.assertEquals(Assert.java:1382)
at org.testng.Assert.assertEquals(Assert.java:1428)
at api.stepdefinitions.Assignment_Submit_Stepdefinition.user_receives_ok_status_with_response_body_for_assignment_submit_module(Assignment_Submit_Stepdefinition.java:114)
at ✽.User receives 200 OK Status with response body for Assignment Submit Module.(file:///C:/Users/kodai/eclipse-workspace/RestAssured_Project/src/test/resources/features/5_Submission.feature:112)
]]>
            </full-stacktrace>
          </exception> <!-- java.lang.AssertionError -->
          <reporter-output>
          </reporter-output>
        </test-method> <!-- runScenario -->
        <test-method signature="runScenario(io.cucumber.testng.PickleWrapper,io.cucumber.testng.FeatureWrapper)[pri:0, instance:api.runner.TestRunner@304bb45b]" started-at="2023-09-23T12:21:02 EDT" name="runScenario" description="Runs Cucumber Scenarios" data-provider="scenarios" finished-at="2023-09-23T12:21:02 EDT" duration-ms="43" status="PASS">
          <params>
            <param index="0">
              <value>
                <![CDATA["Check if user able to  grade assignment with invalid submission  Id and mandatory request body"]]>
              </value>
            </param>
            <param index="1">
              <value>
                <![CDATA["CURD Operations for Assignment Submit Module"]]>
              </value>
            </param>
          </params>
          <reporter-output>
          </reporter-output>
        </test-method> <!-- runScenario -->
        <test-method signature="runScenario(io.cucumber.testng.PickleWrapper,io.cucumber.testng.FeatureWrapper)[pri:0, instance:api.runner.TestRunner@304bb45b]" started-at="2023-09-23T12:21:02 EDT" name="runScenario" description="Runs Cucumber Scenarios" data-provider="scenarios" finished-at="2023-09-23T12:21:07 EDT" duration-ms="5210" status="FAIL">
          <params>
            <param index="0">
              <value>
                <![CDATA["Check if user able to  grade assignment with valid submission  Id and missing mandatory request body"]]>
              </value>
            </param>
            <param index="1">
              <value>
                <![CDATA["CURD Operations for Assignment Submit Module"]]>
              </value>
            </param>
          </params>
          <exception class="java.lang.AssertionError">
            <message>
              <![CDATA[expected [400] but found [503]]]>
            </message>
            <full-stacktrace>
              <![CDATA[java.lang.AssertionError: expected [400] but found [503]
at org.testng.Assert.fail(Assert.java:110)
at org.testng.Assert.failNotEquals(Assert.java:1577)
at org.testng.Assert.assertEqualsImpl(Assert.java:149)
at org.testng.Assert.assertEquals(Assert.java:131)
at org.testng.Assert.assertEquals(Assert.java:1418)
at org.testng.Assert.assertEquals(Assert.java:1382)
at org.testng.Assert.assertEquals(Assert.java:1428)
at api.stepdefinitions.Assignment_Submit_Stepdefinition.user_receives_bad_request_status_with_message_and_boolean_success_details(Assignment_Submit_Stepdefinition.java:330)
at ✽.User receives 400 Bad Request Status with message and boolean success details Submit(file:///C:/Users/kodai/eclipse-workspace/RestAssured_Project/src/test/resources/features/5_Submission.feature:124)
]]>
            </full-stacktrace>
          </exception> <!-- java.lang.AssertionError -->
          <reporter-output>
          </reporter-output>
        </test-method> <!-- runScenario -->
        <test-method signature="runScenario(io.cucumber.testng.PickleWrapper,io.cucumber.testng.FeatureWrapper)[pri:0, instance:api.runner.TestRunner@304bb45b]" started-at="2023-09-23T12:21:07 EDT" name="runScenario" description="Runs Cucumber Scenarios" data-provider="scenarios" finished-at="2023-09-23T12:21:08 EDT" duration-ms="32" status="PASS">
          <params>
            <param index="0">
              <value>
                <![CDATA["Check if user able to  grade assignment with valid submission  Id and mandatory request body"]]>
              </value>
            </param>
            <param index="1">
              <value>
                <![CDATA["CURD Operations for Assignment Submit Module"]]>
              </value>
            </param>
          </params>
          <reporter-output>
          </reporter-output>
        </test-method> <!-- runScenario -->
        <test-method signature="runScenario(io.cucumber.testng.PickleWrapper,io.cucumber.testng.FeatureWrapper)[pri:0, instance:api.runner.TestRunner@304bb45b]" started-at="2023-09-23T12:21:08 EDT" name="runScenario" description="Runs Cucumber Scenarios" data-provider="scenarios" finished-at="2023-09-23T12:21:13 EDT" duration-ms="5195" status="FAIL">
          <params>
            <param index="0">
              <value>
                <![CDATA["Check if user able to delete a submission with valid LMS API,invalid Submission Id for Assignment Submit module"]]>
              </value>
            </param>
            <param index="1">
              <value>
                <![CDATA["CURD Operations for Assignment Submit Module"]]>
              </value>
            </param>
          </params>
          <exception class="java.lang.AssertionError">
            <message>
              <![CDATA[expected [404] but found [503]]]>
            </message>
            <full-stacktrace>
              <![CDATA[java.lang.AssertionError: expected [404] but found [503]
at org.testng.Assert.fail(Assert.java:110)
at org.testng.Assert.failNotEquals(Assert.java:1577)
at org.testng.Assert.assertEqualsImpl(Assert.java:149)
at org.testng.Assert.assertEquals(Assert.java:131)
at org.testng.Assert.assertEquals(Assert.java:1418)
at org.testng.Assert.assertEquals(Assert.java:1382)
at org.testng.Assert.assertEquals(Assert.java:1428)
at api.stepdefinitions.Assignment_Submit_Stepdefinition.user_receives_not_found_status_with_message_and_boolean_success_details_for_assignment_submit_module(Assignment_Submit_Stepdefinition.java:133)
at ✽.User receives 404 Not Found Status with message and boolean success details for Assignment Submit Module.(file:///C:/Users/kodai/eclipse-workspace/RestAssured_Project/src/test/resources/features/5_Submission.feature:136)
]]>
            </full-stacktrace>
          </exception> <!-- java.lang.AssertionError -->
          <reporter-output>
          </reporter-output>
        </test-method> <!-- runScenario -->
        <test-method signature="runScenario(io.cucumber.testng.PickleWrapper,io.cucumber.testng.FeatureWrapper)[pri:0, instance:api.runner.TestRunner@304bb45b]" started-at="2023-09-23T12:21:13 EDT" name="runScenario" description="Runs Cucumber Scenarios" data-provider="scenarios" finished-at="2023-09-23T12:21:13 EDT" duration-ms="42" status="FAIL">
          <params>
            <param index="0">
              <value>
                <![CDATA["Check if user able to delete a submission with valid submission Id for Assignment Submit Module"]]>
              </value>
            </param>
            <param index="1">
              <value>
                <![CDATA["CURD Operations for Assignment Submit Module"]]>
              </value>
            </param>
          </params>
          <exception class="java.lang.IllegalArgumentException">
            <message>
              <![CDATA[parameterValue cannot be null]]>
            </message>
            <full-stacktrace>
              <![CDATA[java.lang.IllegalArgumentException: parameterValue cannot be null
at java.base/jdk.internal.reflect.NativeConstructorAccessorImpl.newInstance0(Native Method)
at java.base/jdk.internal.reflect.NativeConstructorAccessorImpl.newInstance(NativeConstructorAccessorImpl.java:77)
at java.base/jdk.internal.reflect.DelegatingConstructorAccessorImpl.newInstance(DelegatingConstructorAccessorImpl.java:45)
at java.base/java.lang.reflect.Constructor.newInstanceWithCaller(Constructor.java:499)
at java.base/java.lang.reflect.Constructor.newInstance(Constructor.java:480)
at org.codehaus.groovy.reflection.CachedConstructor.invoke(CachedConstructor.java:73)
at org.codehaus.groovy.reflection.CachedConstructor.doConstructorInvoke(CachedConstructor.java:60)
at org.codehaus.groovy.runtime.callsite.ConstructorSite$ConstructorSiteNoUnwrap.callConstructor(ConstructorSite.java:86)
at org.codehaus.groovy.runtime.callsite.AbstractCallSite.callConstructor(AbstractCallSite.java:277)
at io.restassured.internal.common.assertion.AssertParameter.notNull(AssertParameter.groovy:26)
at io.restassured.internal.common.assertion.AssertParameter$notNull.callStatic(Unknown Source)
at org.codehaus.groovy.runtime.callsite.CallSiteArray.defaultCallStatic(CallSiteArray.java:53)
at io.restassured.internal.common.assertion.AssertParameter$notNull.callStatic(Unknown Source)
at io.restassured.internal.RequestSpecificationImpl.pathParam(RequestSpecificationImpl.groovy:515)
at api.stepdefinitions.Assignment_Submit_Stepdefinition.user_sends_https_request_with_valid_submission_id(Assignment_Submit_Stepdefinition.java:160)
at ✽.User sends HTTPS Request with valid submissionID(file:///C:/Users/kodai/eclipse-workspace/RestAssured_Project/src/test/resources/features/5_Submission.feature:141)
]]>
            </full-stacktrace>
          </exception> <!-- java.lang.IllegalArgumentException -->
          <reporter-output>
          </reporter-output>
        </test-method> <!-- runScenario -->
        <test-method is-config="true" signature="tearDownClass()[pri:0, instance:api.runner.TestRunner@304bb45b]" started-at="2023-09-23T12:21:13 EDT" name="tearDownClass" finished-at="2023-09-23T12:21:20 EDT" duration-ms="6889" status="PASS">
          <reporter-output>
          </reporter-output>
        </test-method> <!-- tearDownClass -->
      </class> <!-- api.runner.TestRunner -->
    </test> <!-- Default test -->
  </suite> <!-- Default suite -->
</testng-results>
